TN:
SF:/Users/lgo/dev/serftrunk/auth/auth.c
FN:55,discard_body
FN:79,handle_auth_headers
FN:181,store_header_in_dict
FN:214,dispatch_auth
FN:282,serf__handle_auth_response
FN:386,serf__encode_auth_header
FN:407,serf__construct_realm
FN:428,serf__get_authn_info_for_server
FN:446,serf__auth_setup_connection
FN:473,serf__auth_setup_request
FNDA:0,discard_body
FNDA:26,handle_auth_headers
FNDA:63,store_header_in_dict
FNDA:26,dispatch_auth
FNDA:119,serf__handle_auth_response
FNDA:17,serf__encode_auth_header
FNDA:22,serf__construct_realm
FNDA:924,serf__get_authn_info_for_server
FNDA:146,serf__auth_setup_connection
FNDA:1330,serf__auth_setup_request
FNF:10
FNH:9
DA:61,0
DA:62,0
DA:64,0
DA:65,0
DA:86,26
DA:87,26
DA:90,26
DA:95,154
DA:99,73
DA:101,73
DA:102,40
DA:104,66
DA:105,33
DA:107,33
DA:109,33
DA:110,9
DA:112,24
DA:113,16
DA:114,16
DA:115,8
DA:118,24
DA:120,0
DA:124,24
DA:126,24
DA:128,48
DA:129,24
DA:133,24
DA:134,42
DA:135,21
DA:136,21
DA:137,21
DA:139,0
DA:140,21
DA:142,24
DA:143,24
DA:144,24
DA:145,22
DA:146,22
DA:148,48
DA:149,24
DA:150,24
DA:152,24
DA:153,22
DA:159,4
DA:160,2
DA:163,2
DA:166,2
DA:167,2
DA:169,26
DA:185,63
DA:190,63
DA:191,33
DA:194,30
DA:195,30
DA:196,26
DA:197,26
DA:199,4
DA:202,414
DA:203,177
DA:205,60
DA:206,30
DA:208,30
DA:209,63
DA:221,34
DA:222,26
DA:224,26
DA:225,26
DA:227,26
DA:228,18
DA:230,8
DA:232,26
DA:235,26
DA:236,26
DA:241,0
DA:242,0
DA:243,0
DA:244,0
DA:245,0
DA:246,0
DA:247,0
DA:248,0
DA:250,0
DA:252,0
DA:263,52
DA:265,26
DA:266,26
DA:267,0
DA:271,52
DA:272,26
DA:275,0
DA:276,26
DA:290,119
DA:294,119
DA:295,192
DA:296,7
DA:298,164
DA:299,26
DA:300,26
DA:303,86
DA:304,86
DA:305,0
DA:306,0
DA:312,0
DA:315,154
DA:322,26
DA:323,26
DA:324,4
DA:327,22
DA:330,22
DA:332,22
DA:333,0
DA:335,22
DA:337,22
DA:340,60
DA:341,60
DA:343,60
DA:347,60
DA:348,60
DA:349,22
DA:350,44
DA:351,22
DA:352,22
DA:355,60
DA:356,120
DA:357,13
DA:358,26
DA:359,13
DA:360,13
DA:362,60
DA:365,0
DA:366,0
DA:368,0
DA:369,0
DA:372,0
DA:376,60
DA:378,60
DA:379,119
DA:394,17
DA:395,17
DA:397,17
DA:398,17
DA:400,17
DA:401,17
DA:402,17
DA:404,17
DA:405,17
DA:412,22
DA:413,30
DA:414,15
DA:415,15
DA:416,15
DA:417,15
DA:419,7
DA:421,14
DA:422,7
DA:423,7
DA:424,7
DA:426,22
DA:430,924
DA:433,924
DA:436,924
DA:437,64
DA:438,128
DA:439,64
DA:440,64
DA:441,64
DA:443,924
DA:450,146
DA:451,146
DA:453,146
DA:454,13
DA:455,13
DA:456,6
DA:457,3
DA:458,3
DA:459,3
DA:460,13
DA:462,133
DA:463,133
DA:464,6
DA:465,3
DA:466,3
DA:467,3
DA:470,146
DA:480,1998
DA:481,8
DA:482,16
DA:483,8
DA:484,8
DA:485,8
DA:486,8
DA:487,8
DA:488,1322
DA:492,662
DA:493,662
DA:494,42
DA:495,21
DA:496,21
DA:497,21
DA:498,21
DA:499,662
DA:501,1330
LF:202
LH:175
end_of_record
TN:
SF:/Users/lgo/dev/serftrunk/auth/auth_basic.c
FN:40,serf__handle_basic_auth
FN:128,serf__init_basic_connection
FN:151,serf__setup_request_basic_auth
FN:182,validate_response_func
FNDA:17,serf__handle_basic_auth
FNDA:20,serf__init_basic_connection
FNDA:22,serf__setup_request_basic_auth
FNDA:28,validate_response_func
FNF:4
FNH:4
DA:50,17
DA:51,17
DA:57,17
DA:61,17
DA:62,0
DA:65,17
DA:66,11
DA:67,11
DA:68,6
DA:70,17
DA:72,17
DA:73,17
DA:75,34
DA:76,17
DA:77,17
DA:80,17
DA:81,17
DA:82,17
DA:83,17
DA:84,17
DA:85,17
DA:87,17
DA:88,0
DA:91,34
DA:92,17
DA:93,17
DA:94,17
DA:97,17
DA:98,34
DA:100,17
DA:101,17
DA:102,17
DA:103,17
DA:104,0
DA:105,0
DA:108,17
DA:109,17
DA:110,17
DA:112,34
DA:113,17
DA:114,17
DA:115,17
DA:117,17
DA:118,17
DA:133,20
DA:136,20
DA:137,12
DA:138,12
DA:139,8
DA:142,20
DA:143,15
DA:144,15
DA:146,20
DA:160,22
DA:164,22
DA:165,15
DA:166,15
DA:167,7
DA:169,22
DA:171,66
DA:172,44
DA:173,22
DA:174,22
DA:177,0
DA:178,22
DA:190,28
LF:66
LH:61
end_of_record
TN:
SF:/Users/lgo/dev/serftrunk/auth/auth_digest.c
FN:61,int_to_hex
FN:73,hex_encode
FN:93,random_cnonce
FN:105,build_digest_ha1
FN:131,build_digest_ha2
FN:161,build_auth_header
FN:237,serf__handle_digest_auth
FN:370,serf__init_digest_connection
FN:396,serf__setup_request_digest_auth
FN:462,serf__validate_response_digest_auth
FNDA:608,int_to_hex
FNDA:19,hex_encode
FNDA:0,random_cnonce
FNDA:5,build_digest_ha1
FNDA:7,build_digest_ha2
FNDA:7,build_auth_header
FNDA:5,serf__handle_digest_auth
FNDA:5,serf__init_digest_connection
FNDA:7,serf__setup_request_digest_auth
FNDA:7,serf__validate_response_digest_auth
FNF:10
FNH:9
DA:63,1824
DA:77,19
DA:78,646
DA:79,304
DA:80,304
DA:81,304
DA:82,19
DA:83,19
DA:96,0
DA:98,0
DA:99,0
DA:101,0
DA:117,10
DA:118,5
DA:119,5
DA:120,5
DA:121,5
DA:122,5
DA:123,0
DA:125,5
DA:127,5
DA:128,5
DA:137,7
DA:144,14
DA:145,7
DA:146,7
DA:147,7
DA:148,7
DA:149,0
DA:151,7
DA:153,7
DA:156,0
DA:158,7
DA:174,7
DA:175,7
DA:176,0
DA:178,14
DA:183,7
DA:184,7
DA:185,7
DA:187,7
DA:188,0
DA:189,0
DA:191,0
DA:192,0
DA:193,0
DA:194,0
DA:195,0
DA:201,0
DA:202,0
DA:203,0
DA:204,0
DA:205,0
DA:209,14
DA:210,7
DA:213,7
DA:214,7
DA:215,0
DA:217,7
DA:219,7
DA:221,7
DA:222,14
DA:223,7
DA:224,7
DA:225,7
DA:226,14
DA:227,7
DA:228,7
DA:230,7
DA:232,7
DA:233,7
DA:247,5
DA:248,5
DA:249,5
DA:250,5
DA:251,5
DA:253,5
DA:254,5
DA:263,5
DA:264,0
DA:267,5
DA:268,4
DA:269,4
DA:270,1
DA:272,5
DA:275,5
DA:281,58
DA:284,24
DA:285,24
DA:286,0
DA:287,24
DA:290,104
DA:291,2
DA:294,24
DA:295,24
DA:297,24
DA:298,24
DA:299,24
DA:300,24
DA:301,24
DA:303,24
DA:304,5
DA:305,19
DA:306,5
DA:307,14
DA:308,5
DA:309,9
DA:310,0
DA:311,9
DA:312,5
DA:315,24
DA:317,5
DA:318,0
DA:321,10
DA:322,5
DA:323,5
DA:326,5
DA:327,10
DA:329,5
DA:330,5
DA:331,5
DA:332,5
DA:333,0
DA:334,0
DA:337,5
DA:346,5
DA:347,5
DA:348,5
DA:349,5
DA:350,5
DA:351,5
DA:352,5
DA:353,5
DA:354,5
DA:356,10
DA:357,5
DA:359,5
DA:363,5
DA:365,5
DA:366,5
DA:375,5
DA:378,5
DA:379,4
DA:380,4
DA:381,1
DA:384,5
DA:385,4
DA:386,4
DA:389,5
DA:391,5
DA:405,7
DA:410,7
DA:411,6
DA:412,6
DA:413,1
DA:415,7
DA:417,14
DA:426,7
DA:427,1
DA:432,6
DA:433,6
DA:434,0
DA:436,6
DA:440,7
DA:442,14
DA:443,7
DA:444,7
DA:445,0
DA:447,14
DA:448,7
DA:449,7
DA:454,7
DA:455,7
DA:457,7
DA:458,7
DA:473,7
DA:474,7
DA:475,7
DA:477,7
DA:480,7
DA:483,7
DA:484,10
DA:485,5
DA:487,4
DA:488,2
DA:491,7
DA:492,7
DA:498,0
DA:501,0
DA:502,0
DA:503,0
DA:504,0
DA:507,0
DA:508,0
DA:511,0
DA:512,0
DA:514,0
DA:515,0
DA:516,0
DA:517,0
DA:518,0
DA:520,0
DA:521,0
DA:522,0
DA:523,0
DA:524,0
DA:525,0
DA:526,0
DA:528,0
DA:531,0
DA:535,0
DA:536,0
DA:537,0
DA:538,0
DA:540,0
DA:542,0
DA:543,0
DA:544,0
DA:546,0
DA:547,0
DA:548,0
DA:549,0
DA:550,0
DA:553,0
DA:554,0
DA:556,0
DA:558,0
DA:559,7
LF:228
LH:159
end_of_record
TN:
SF:/Users/lgo/dev/serftrunk/auth/auth_spnego.c
FN:192,gss_api_get_credentials
FN:255,do_auth
FN:371,serf__init_spnego_connection
FN:416,serf__handle_spnego_auth
FN:442,serf__setup_request_spnego_auth
FN:542,get_auth_header_cb
FN:563,get_auth_header
FN:587,serf__validate_response_spnego_auth
FNDA:2,gss_api_get_credentials
FNDA:2,do_auth
FNDA:2,serf__init_spnego_connection
FNDA:2,serf__handle_spnego_auth
FNDA:0,serf__setup_request_spnego_auth
FNDA:0,get_auth_header_cb
FNDA:0,get_auth_header
FNDA:0,serf__validate_response_spnego_auth
FNF:8
FNH:4
DA:200,2
DA:204,2
DA:205,0
DA:206,0
DA:207,0
DA:208,2
DA:209,2
DA:213,2
DA:214,2
DA:215,2
DA:216,2
DA:219,2
DA:220,2
DA:223,2
DA:225,0
DA:226,0
DA:227,0
DA:228,0
DA:230,0
DA:232,0
DA:233,0
DA:234,0
DA:236,2
DA:240,0
DA:241,0
DA:243,0
DA:244,2
DA:264,2
DA:266,2
DA:267,2
DA:268,2
DA:271,2
DA:272,1
DA:273,1
DA:274,1
DA:278,4
DA:279,2
DA:287,2
DA:289,2
DA:290,0
DA:291,0
DA:292,0
DA:293,2
DA:298,0
DA:299,0
DA:302,4
DA:305,2
DA:312,0
DA:316,0
DA:317,0
DA:318,0
DA:322,0
DA:325,2
DA:329,0
DA:334,2
DA:335,2
DA:336,2
DA:337,2
DA:339,2
DA:340,2
DA:341,1
DA:342,1
DA:344,1
DA:345,1
DA:346,1
DA:347,2
DA:348,1
DA:350,1
DA:352,2
DA:353,2
DA:356,0
DA:357,0
DA:358,0
DA:359,0
DA:360,0
DA:361,0
DA:363,0
DA:365,0
DA:366,2
DA:376,2
DA:378,2
DA:382,2
DA:383,1
DA:384,1
DA:385,1
DA:387,2
DA:389,2
DA:392,2
DA:393,2
DA:394,2
DA:395,2
DA:396,4
DA:397,2
DA:398,2
DA:399,0
DA:401,2
DA:402,2
DA:405,2
DA:407,2
DA:410,2
DA:411,2
DA:424,2
DA:425,2
DA:426,6
DA:427,1
DA:429,4
DA:430,2
DA:431,2
DA:432,2
DA:433,2
DA:434,2
DA:435,2
DA:436,2
DA:451,0
DA:452,0
DA:453,0
DA:458,0
DA:459,0
DA:462,0
DA:463,0
DA:467,0
DA:470,0
DA:471,0
DA:473,0
DA:476,0
DA:479,0
DA:481,0
DA:485,0
DA:487,0
DA:491,0
DA:500,0
DA:503,0
DA:504,0
DA:505,0
DA:506,0
DA:507,0
DA:508,0
DA:510,0
DA:511,0
DA:512,0
DA:514,0
DA:515,0
DA:519,0
DA:522,0
DA:523,0
DA:524,0
DA:528,0
DA:529,0
DA:546,0
DA:549,0
DA:550,0
DA:553,0
DA:555,0
DA:556,0
DA:559,0
DA:560,0
DA:570,0
DA:571,0
DA:572,0
DA:573,0
DA:575,0
DA:577,0
DA:595,0
DA:599,0
DA:600,0
DA:601,0
DA:602,0
DA:603,0
DA:604,0
DA:607,0
DA:612,0
DA:615,0
DA:616,0
DA:617,0
DA:619,0
DA:620,0
DA:621,0
DA:622,0
DA:623,0
DA:625,0
DA:628,0
DA:630,0
DA:633,0
DA:635,0
DA:636,0
DA:639,0
DA:640,0
DA:645,0
DA:646,0
DA:647,0
DA:650,0
DA:652,0
DA:654,0
DA:655,0
LF:194
LH:79
end_of_record
TN:
SF:/Users/lgo/dev/serftrunk/auth/auth_spnego_gss.c
FN:51,log_error
FN:89,cleanup_ctx
FN:109,cleanup_sec_buffer
FN:120,serf__spnego_create_sec_context
FN:142,serf__spnego_reset_sec_context
FN:155,serf__spnego_init_sec_context
FNDA:2,log_error
FNDA:2,cleanup_ctx
FNDA:2,cleanup_sec_buffer
FNDA:2,serf__spnego_create_sec_context
FNDA:2,serf__spnego_reset_sec_context
FNDA:2,serf__spnego_init_sec_context
FNF:6
FNH:6
DA:59,2
DA:61,2
DA:62,2
DA:63,2
DA:65,2
DA:68,2
DA:69,0
DA:70,2
DA:71,2
DA:72,2
DA:74,2
DA:77,2
DA:79,4
DA:80,2
DA:81,2
DA:82,2
DA:83,2
DA:84,2
DA:91,2
DA:93,2
DA:96,0
DA:98,0
DA:99,0
DA:101,0
DA:103,0
DA:105,2
DA:106,2
DA:112,2
DA:114,2
DA:116,2
DA:127,2
DA:129,2
DA:130,2
DA:132,2
DA:136,2
DA:138,2
DA:146,2
DA:147,0
DA:149,2
DA:151,2
DA:165,2
DA:175,2
DA:176,2
DA:177,4
DA:178,2
DA:179,2
DA:180,2
DA:182,2
DA:183,0
DA:184,0
DA:186,0
DA:187,0
DA:192,2
DA:193,2
DA:195,2
DA:198,2
DA:201,2
DA:202,2
DA:203,2
DA:209,2
DA:214,2
DA:215,2
DA:219,2
DA:220,2
DA:222,2
DA:224,0
DA:226,0
DA:228,2
DA:230,2
DA:232,2
LF:70
LH:57
end_of_record
TN:
SF:/Users/lgo/dev/serftrunk/buckets/aggregate_buckets.c
FN:43,cleanup_aggregate
FN:61,serf_bucket_aggregate_cleanup
FN:69,create_aggregate
FN:85,serf_bucket_aggregate_create
FN:96,serf_aggregate_destroy_and_data
FN:112,serf_bucket_aggregate_become
FN:125,serf_bucket_aggregate_prepend
FN:145,serf_bucket_aggregate_append
FN:174,serf_bucket_aggregate_hold_open
FN:183,serf_bucket_aggregate_prepend_iovec
FN:204,serf_bucket_aggregate_append_iovec
FN:218,read_aggregate
FN:334,serf_aggregate_read
FN:358,serf_aggregate_read_iovec
FN:371,serf_aggregate_readline
FN:434,serf_aggregate_peek
FN:499,serf_aggregate_read_bucket
FN:527,serf_aggregate_get_remaining
FN:550,serf_aggregate_set_config
FNDA:26316,cleanup_aggregate
FNDA:0,serf_bucket_aggregate_cleanup
FNDA:3770,create_aggregate
FNDA:3077,serf_bucket_aggregate_create
FNDA:3770,serf_aggregate_destroy_and_data
FNDA:693,serf_bucket_aggregate_become
FNDA:67,serf_bucket_aggregate_prepend
FNDA:10722,serf_bucket_aggregate_append
FNDA:149,serf_bucket_aggregate_hold_open
FNDA:0,serf_bucket_aggregate_prepend_iovec
FNDA:652,serf_bucket_aggregate_append_iovec
FNDA:20899,read_aggregate
FNDA:12662,serf_aggregate_read
FNDA:8237,serf_aggregate_read_iovec
FNDA:70,serf_aggregate_readline
FNDA:1577,serf_aggregate_peek
FNDA:16,serf_aggregate_read_bucket
FNDA:38,serf_aggregate_get_remaining
FNDA:1852,serf_aggregate_set_config
FNF:19
FNH:17
DA:51,73782
DA:52,10575
DA:54,10575
DA:55,10575
DA:57,10575
DA:59,26316
DA:64,0
DA:66,0
DA:67,0
DA:73,3770
DA:75,3770
DA:76,3770
DA:77,3770
DA:78,3770
DA:79,3770
DA:80,3770
DA:82,3770
DA:90,3077
DA:92,3077
DA:98,3770
DA:101,7920
DA:102,190
DA:103,190
DA:104,190
DA:105,190
DA:107,3770
DA:109,3770
DA:110,3770
DA:116,693
DA:118,693
DA:119,693
DA:122,693
DA:129,67
DA:132,67
DA:134,67
DA:135,67
DA:137,67
DA:138,9
DA:139,67
DA:142,67
DA:143,67
DA:149,10722
DA:152,10722
DA:154,10722
DA:155,10722
DA:161,10722
DA:162,7470
DA:163,7470
DA:164,7470
DA:166,3252
DA:167,3252
DA:171,10722
DA:172,10722
DA:178,149
DA:179,149
DA:180,149
DA:181,149
DA:191,0
DA:194,0
DA:195,0
DA:197,0
DA:199,0
DA:201,0
DA:202,0
DA:212,1304
DA:213,652
DA:215,652
DA:216,652
DA:223,20899
DA:227,20899
DA:229,20899
DA:230,7393
DA:231,1059
DA:234,6334
DA:238,13506
DA:239,31132
DA:240,15565
DA:242,15565
DA:245,30279
DA:246,0
DA:249,15565
DA:251,16904
DA:257,38795
DA:258,4991
DA:268,10573
DA:269,10560
DA:270,10560
DA:271,10560
DA:272,10560
DA:273,10560
DA:277,13
DA:278,13
DA:279,13
DA:280,13
DA:284,10573
DA:285,7278
DA:287,7278
DA:288,716
DA:289,719
DA:290,713
DA:292,3
DA:294,6562
DA:296,3
DA:303,3298
DA:306,6156
DA:307,1723
DA:308,1355
DA:311,3298
DA:312,3298
DA:315,5543
DA:316,1238
DA:318,2060
DA:319,1
DA:327,1
DA:331,1
DA:332,20899
DA:338,12662
DA:343,12662
DA:345,12662
DA:347,12662
DA:348,5736
DA:349,5736
DA:351,6926
DA:352,6926
DA:355,12662
DA:364,8237
DA:366,8237
DA:368,8237
DA:375,70
DA:378,70
DA:379,70
DA:381,70
DA:384,71
DA:386,71
DA:387,0
DA:388,0
DA:391,0
DA:395,71
DA:397,71
DA:399,86
DA:400,0
DA:402,71
DA:406,15
DA:407,15
DA:408,15
DA:409,15
DA:412,15
DA:413,7
DA:415,7
DA:416,5
DA:419,2
DA:424,8
DA:425,7
DA:426,8
DA:429,193
DA:431,63
DA:432,70
DA:438,1577
DA:442,1577
DA:445,1577
DA:446,260
DA:447,260
DA:448,259
DA:449,259
DA:450,259
DA:451,259
DA:454,1
DA:458,1317
DA:460,1317
DA:463,4591
DA:464,0
DA:466,0
DA:467,0
DA:469,0
DA:472,0
DA:473,0
DA:475,0
DA:476,0
DA:477,0
DA:478,0
DA:480,0
DA:483,1317
DA:484,1280
DA:485,631
DA:486,631
DA:487,9
DA:488,0
DA:489,0
DA:490,0
DA:491,0
DA:494,640
DA:496,1317
DA:497,1577
DA:503,16
DA:507,16
DA:508,0
DA:511,16
DA:512,16
DA:514,11
DA:515,11
DA:518,11
DA:520,11
DA:524,5
DA:525,16
DA:529,38
DA:530,38
DA:533,38
DA:534,0
DA:537,516
DA:538,220
DA:540,220
DA:541,0
DA:544,220
DA:545,220
DA:547,38
DA:548,38
DA:556,1852
DA:558,1852
DA:560,1852
DA:562,4144
DA:565,220
DA:566,220
DA:567,0
DA:568,220
DA:569,1852
LF:225
LH:191
end_of_record
TN:
SF:/Users/lgo/dev/serftrunk/buckets/allocator.c
FN:124,allocator_cleanup
FN:162,serf_bucket_allocator_create
FN:208,serf_bucket_allocator_get_pool
FN:215,serf_bucket_mem_alloc
FN:294,serf_bucket_mem_calloc
FN:307,serf_bucket_mem_free
FN:407,serf_debug__record_read
FN:434,serf_debug__entered_loop
FN:457,serf_debug__closed_conn
FN:469,serf_debug__bucket_destroy
FN:529,serf_debug__bucket_alloc_check
FNDA:2438,allocator_cleanup
FNDA:2438,serf_bucket_allocator_create
FNDA:37,serf_bucket_allocator_get_pool
FNDA:691639,serf_bucket_mem_alloc
FNDA:886,serf_bucket_mem_calloc
FNDA:691433,serf_bucket_mem_free
FNDA:0,serf_debug__record_read
FNDA:0,serf_debug__entered_loop
FNDA:0,serf_debug__closed_conn
FNDA:0,serf_debug__bucket_destroy
FNDA:0,serf_debug__bucket_alloc_check
FNF:11
FNH:6
DA:126,2438
DA:146,2438
DA:147,2385
DA:148,2385
DA:151,2438
DA:152,0
DA:153,0
DA:157,2438
DA:159,2438
DA:167,2438
DA:169,2438
DA:170,2438
DA:171,2438
DA:174,0
DA:175,0
DA:177,0
DA:178,0
DA:179,2438
DA:180,2438
DA:202,2438
DA:205,2438
DA:211,37
DA:223,691639
DA:226,0
DA:230,691639
DA:232,691639
DA:233,691639
DA:234,185483
DA:236,35847
DA:237,35847
DA:243,35847
DA:245,35847
DA:247,149636
DA:249,296887
DA:250,296887
DA:251,3855
DA:254,3855
DA:257,3855
DA:258,0
DA:261,3855
DA:262,3855
DA:263,3855
DA:265,149636
DA:266,149636
DA:267,149636
DA:269,185483
DA:271,1012312
DA:272,506156
DA:274,506156
DA:275,0
DA:277,506156
DA:278,506156
DA:279,506156
DA:282,691639
DA:290,691639
DA:291,691639
DA:299,886
DA:300,886
DA:301,0
DA:302,886
DA:303,886
DA:304,886
DA:314,691433
DA:317,0
DA:320,691433
DA:322,691433
DA:324,691433
DA:326,185308
DA:327,185308
DA:331,185308
DA:332,185308
DA:333,506125
DA:335,0
DA:341,506125
DA:345,506125
DA:352,691433
DA:412,0
DA:454,0
DA:466,0
DA:526,0
DA:537,0
LF:81
LH:64
end_of_record
TN:
SF:/Users/lgo/dev/serftrunk/buckets/barrier_buckets.c
FN:27,serf_bucket_barrier_create
FN:34,serf_barrier_read
FN:43,serf_barrier_read_iovec
FN:53,serf_barrier_read_for_sendfile
FN:66,serf_barrier_readline
FN:75,serf_barrier_read_bucket
FN:89,serf_barrier_peek
FN:98,serf_barrier_destroy
FN:109,serf_barrier_get_remaining
FN:116,serf_barrier_set_config
FNDA:2296,serf_bucket_barrier_create
FNDA:19299,serf_barrier_read
FNDA:108,serf_barrier_read_iovec
FNDA:0,serf_barrier_read_for_sendfile
FNDA:9624,serf_barrier_readline
FNDA:388,serf_barrier_read_bucket
FNDA:25,serf_barrier_peek
FNDA:2283,serf_barrier_destroy
FNDA:10,serf_barrier_get_remaining
FNDA:2641,serf_barrier_set_config
FNF:10
FNH:9
DA:31,2296
DA:38,19299
DA:40,19299
DA:48,108
DA:50,108
DA:60,0
DA:62,0
DA:70,9624
DA:72,9624
DA:78,388
DA:86,388
DA:93,25
DA:95,25
DA:106,2283
DA:107,2283
DA:111,10
DA:113,10
DA:121,2641
DA:123,2641
LF:19
LH:17
end_of_record
TN:
SF:/Users/lgo/dev/serftrunk/buckets/buckets.c
FN:32,serf_bucket_create
FN:47,serf_default_read_iovec
FN:84,serf_default_read_for_sendfile
FN:110,serf_default_read_bucket
FN:117,serf_default_peek
FN:128,serf_bucket_limited_readline
FN:236,serf_default_readline
FN:244,serf_default_destroy
FN:254,serf_default_destroy_and_data
FN:260,serf_default_get_remaining
FN:286,serf_buckets_are_v2
FN:295,serf_default_ignore_config
FN:318,serf_get_type
FN:357,serf__bucket_drain
FN:375,serf_bstrmemdup
FN:386,serf_bmemdup
FN:396,serf_bstrdup
FN:405,serf_bstrcatv
FN:435,find_crlf
FN:472,serf_util_readline
FN:556,serf_databuf_init
FN:567,common_databuf_prep
FN:599,serf_databuf_read
FN:630,serf_databuf_readline
FN:659,serf_databuf_peek
FN:685,serf_linebuf_init
FN:693,serf_linebuf_fetch
FNDA:26973,serf_bucket_create
FNDA:10601,serf_default_read_iovec
FNDA:0,serf_default_read_for_sendfile
FNDA:4699,serf_default_read_bucket
FNDA:1,serf_default_peek
FNDA:71,serf_bucket_limited_readline
FNDA:60,serf_default_readline
FNDA:26939,serf_default_destroy
FNDA:24631,serf_default_destroy_and_data
FNDA:0,serf_default_get_remaining
FNDA:20416,serf_buckets_are_v2
FNDA:12973,serf_default_ignore_config
FNDA:22427,serf_get_type
FNDA:0,serf__bucket_drain
FNDA:81932,serf_bstrmemdup
FNDA:1,serf_bmemdup
FNDA:2404,serf_bstrdup
FNDA:10,serf_bstrcatv
FNDA:6109,find_crlf
FNDA:53092,serf_util_readline
FNDA:209,serf_databuf_init
FNDA:13678,common_databuf_prep
FNDA:9705,serf_databuf_read
FNDA:3497,serf_databuf_readline
FNDA:476,serf_databuf_peek
FNDA:3743,serf_linebuf_init
FNDA:53069,serf_linebuf_fetch
FNF:27
FNH:24
DA:37,26973
DA:39,26973
DA:40,26973
DA:41,26973
DA:43,26973
DA:66,10601
DA:71,10601
DA:72,10325
DA:73,10325
DA:74,10325
DA:75,10325
DA:77,276
DA:80,10601
DA:97,0
DA:98,0
DA:99,0
DA:100,0
DA:103,0
DA:104,0
DA:106,0
DA:114,4699
DA:123,1
DA:124,1
DA:125,1
DA:136,71
DA:137,79
DA:138,0
DA:140,71
DA:144,0
DA:145,0
DA:146,0
DA:147,0
DA:162,0
DA:163,0
DA:165,0
DA:166,0
DA:170,71
DA:171,71
DA:173,71
DA:174,11
DA:176,71
DA:177,71
DA:178,71
DA:179,71
DA:181,92
DA:182,63
DA:183,50
DA:184,0
DA:197,134
DA:198,63
DA:200,21
DA:201,21
DA:202,50
DA:203,0
DA:205,50
DA:208,71
DA:209,77
DA:210,0
DA:212,71
DA:213,0
DA:214,0
DA:215,163
DA:216,153
DA:218,21
DA:219,21
DA:220,100
DA:222,0
DA:223,0
DA:224,100
DA:225,100
DA:227,0
DA:229,0
DA:231,50
DA:233,71
DA:234,71
DA:240,120
DA:241,60
DA:250,26939
DA:251,26939
DA:256,24631
DA:257,24631
DA:258,24631
DA:262,0
DA:289,20416
DA:290,19597
DA:292,819
DA:293,20416
DA:298,12973
DA:323,22427
DA:325,0
DA:326,0
DA:344,22427
DA:345,22427
DA:348,0
DA:351,22427
DA:352,19597
DA:354,2830
DA:355,22427
DA:361,0
DA:365,0
DA:368,0
DA:369,0
DA:370,0
DA:379,81932
DA:380,81932
DA:381,81932
DA:382,81932
DA:390,1
DA:391,1
DA:392,1
DA:399,2404
DA:400,2404
DA:401,2404
DA:402,2404
DA:409,10
DA:412,80
DA:413,30
DA:414,30
DA:417,10
DA:419,10
DA:420,80
DA:421,30
DA:422,30
DA:423,30
DA:425,10
DA:426,10
DA:427,10
DA:429,10
DA:437,6109
DA:438,6109
DA:440,12218
DA:441,6106
DA:443,6106
DA:444,8
DA:446,6098
DA:448,12188
DA:449,6090
DA:450,6090
DA:451,6090
DA:452,6090
DA:454,8
DA:455,8
DA:456,8
DA:457,8
DA:458,8
DA:462,0
DA:463,0
DA:466,11
DA:467,11
DA:468,11
DA:469,6120
DA:488,53092
DA:489,6109
DA:490,6109
DA:493,46983
DA:494,46983
DA:495,46983
DA:496,46983
DA:497,46983
DA:499,46990
DA:500,46976
DA:501,46976
DA:502,46983
DA:503,46980
DA:504,46980
DA:506,46983
DA:507,45520
DA:508,45489
DA:509,45489
DA:510,0
DA:511,0
DA:513,0
DA:514,45489
DA:515,31
DA:520,30
DA:521,30
DA:522,1
DA:523,1
DA:525,0
DA:526,45520
DA:527,1463
DA:528,72
DA:530,1391
DA:532,46983
DA:534,72
DA:535,72
DA:539,45520
DA:540,45520
DA:542,1391
DA:543,1391
DA:546,0
DA:549,46983
DA:550,100075
DA:559,209
DA:562,209
DA:563,209
DA:574,13678
DA:575,8889
DA:578,4789
DA:580,6
DA:581,6
DA:585,9566
DA:586,4783
DA:587,7894
DA:588,4
DA:591,4779
DA:592,4779
DA:593,4779
DA:595,4779
DA:596,13678
DA:605,9705
DA:606,9705
DA:607,0
DA:610,18116
DA:611,3537
DA:614,9705
DA:615,9705
DA:618,9705
DA:619,9705
DA:626,29115
DA:627,9705
DA:637,3497
DA:638,3497
DA:639,7
DA:640,7
DA:641,7
DA:645,3490
DA:648,6980
DA:649,3490
DA:652,3490
DA:655,10470
DA:656,3497
DA:664,476
DA:665,476
DA:666,3
DA:669,473
DA:670,473
DA:676,473
DA:677,1
DA:678,472
DA:679,476
DA:687,3743
DA:688,3743
DA:689,3743
DA:690,3743
DA:701,53069
DA:702,47915
DA:707,47915
DA:708,47915
DA:709,47915
DA:711,53113
DA:716,53113
DA:727,41
DA:728,41
DA:729,0
DA:731,41
DA:732,37
DA:738,37
DA:739,37
DA:748,37
DA:749,37
DA:756,4
DA:758,37
DA:762,53072
DA:764,58945
DA:765,13
DA:770,53073
DA:771,7
DA:773,53052
DA:774,0
DA:785,53052
DA:786,1422
DA:787,1422
DA:788,51630
DA:789,38
DA:792,38
DA:793,38
DA:794,38
DA:800,51592
DA:802,51592
DA:809,53052
DA:813,49114
DA:814,49114
DA:815,49114
DA:816,49114
DA:823,103261
DA:824,53045
DA:831,53069
LF:288
LH:244
end_of_record
TN:
SF:/Users/lgo/dev/serftrunk/buckets/chunk_buckets.c
FN:47,serf_bucket_chunk_create
FN:63,create_chunk
FN:136,serf_chunk_read
FN:162,serf_chunk_readline
FN:180,serf_chunk_read_iovec
FN:209,serf_chunk_peek
FN:226,serf_chunk_destroy
FN:236,serf_chunk_set_config
FNDA:652,serf_bucket_chunk_create
FNDA:652,create_chunk
FNDA:0,serf_chunk_read
FNDA:0,serf_chunk_readline
FNDA:652,serf_chunk_read_iovec
FNDA:0,serf_chunk_peek
FNDA:652,serf_chunk_destroy
FNDA:652,serf_chunk_set_config
FNF:8
FNH:5
DA:52,652
DA:53,652
DA:54,652
DA:55,652
DA:56,652
DA:58,652
DA:65,652
DA:74,652
DA:75,0
DA:78,652
DA:79,652
DA:82,1304
DA:84,0
DA:88,652
DA:89,2608
DA:90,652
DA:91,652
DA:100,652
DA:102,1304
DA:104,652
DA:109,1304
DA:110,652
DA:111,652
DA:114,652
DA:115,652
DA:116,652
DA:119,652
DA:121,652
DA:122,652
DA:124,652
DA:125,652
DA:128,0
DA:131,652
DA:133,652
DA:134,652
DA:140,0
DA:144,0
DA:145,0
DA:146,0
DA:147,0
DA:149,0
DA:151,0
DA:154,0
DA:155,0
DA:156,0
DA:157,0
DA:159,0
DA:160,0
DA:166,0
DA:169,0
DA:172,0
DA:173,0
DA:174,0
DA:175,0
DA:177,0
DA:186,652
DA:190,652
DA:191,652
DA:192,652
DA:193,0
DA:195,652
DA:197,652
DA:201,1304
DA:202,0
DA:203,0
DA:204,0
DA:206,652
DA:207,652
DA:213,0
DA:216,0
DA:219,0
DA:220,0
DA:221,0
DA:223,0
DA:228,652
DA:230,652
DA:231,652
DA:233,652
DA:234,652
DA:239,652
DA:241,652
DA:244,652
DA:246,652
LF:83
LH:50
end_of_record
TN:
SF:/Users/lgo/dev/serftrunk/buckets/copy_buckets.c
FN:47,serf_bucket_copy_create
FN:62,serf__copy_iovec
FN:80,serf_copy_read
FN:157,serf_copy_readline
FN:170,serf_copy_read_iovec
FN:268,serf_copy_read_for_sendfile
FN:283,serf_copy_read_bucket
FN:293,serf_copy_peek
FN:302,serf_copy_get_remaining
FN:310,serf_copy_destroy
FN:321,serf_copy_set_config
FNDA:3,serf_bucket_copy_create
FNDA:5,serf__copy_iovec
FNDA:3,serf_copy_read
FNDA:0,serf_copy_readline
FNDA:1,serf_copy_read_iovec
FNDA:0,serf_copy_read_for_sendfile
FNDA:0,serf_copy_read_bucket
FNDA:0,serf_copy_peek
FNDA:3,serf_copy_get_remaining
FNDA:3,serf_copy_destroy
FNDA:0,serf_copy_set_config
FNF:11
FNH:6
DA:54,3
DA:55,3
DA:56,3
DA:57,3
DA:59,3
DA:68,5
DA:70,30
DA:71,10
DA:72,10
DA:73,10
DA:74,10
DA:76,5
DA:77,4
DA:78,5
DA:84,3
DA:90,3
DA:92,3
DA:93,0
DA:94,0
DA:98,9
DA:100,0
DA:104,3
DA:105,3
DA:107,3
DA:108,8
DA:113,3
DA:116,5
DA:117,0
DA:118,0
DA:119,0
DA:121,6
DA:122,3
DA:132,0
DA:133,0
DA:134,0
DA:136,5
DA:139,4
DA:140,2
DA:141,2
DA:143,3
DA:144,3
DA:146,3
DA:147,2
DA:150,3
DA:151,3
DA:153,3
DA:154,3
DA:161,0
DA:166,0
DA:176,1
DA:184,1
DA:188,0
DA:190,0
DA:192,0
DA:193,0
DA:194,0
DA:196,0
DA:199,1
DA:213,1
DA:214,0
DA:217,6
DA:218,2
DA:223,2
DA:224,0
DA:229,1
DA:230,2
DA:231,1
DA:234,1
DA:235,1
DA:238,1
DA:239,1
DA:241,1
DA:244,1
DA:247,2
DA:248,0
DA:249,0
DA:252,4
DA:253,1
DA:255,1
DA:256,1
DA:257,1
DA:260,0
DA:262,0
DA:263,0
DA:265,1
DA:276,0
DA:278,0
DA:287,0
DA:289,0
DA:297,0
DA:299,0
DA:304,3
DA:306,3
DA:312,3
DA:314,3
DA:315,3
DA:317,3
DA:318,3
DA:319,3
DA:326,0
DA:328,0
LF:101
LH:69
end_of_record
TN:
SF:/Users/lgo/dev/serftrunk/buckets/dechunk_buckets.c
FN:44,serf_bucket_dechunk_create
FN:59,serf_dechunk_destroy_and_data
FN:68,wait_for_chunk
FN:156,serf_dechunk_read
FN:200,serf_dechunk_readline
FN:246,serf_dechunk_peek
FN:267,serf_dechunk_set_config
FNDA:1841,serf_bucket_dechunk_create
FNDA:1836,serf_dechunk_destroy_and_data
FNDA:10279,wait_for_chunk
FNDA:10266,serf_dechunk_read
FNDA:13,serf_dechunk_readline
FNDA:0,serf_dechunk_peek
FNDA:1835,serf_dechunk_set_config
FNF:7
FNH:6
DA:50,1841
DA:51,1841
DA:52,1841
DA:54,1841
DA:56,1841
DA:61,1836
DA:63,1836
DA:65,1836
DA:66,1836
DA:70,10279
DA:73,14528
DA:74,18783
DA:78,6096
DA:80,6124
DA:81,0
DA:84,6096
DA:87,6085
DA:88,6085
DA:89,0
DA:92,6085
DA:94,1828
DA:95,1828
DA:96,1828
DA:99,4257
DA:103,6085
DA:104,4255
DA:105,1830
DA:108,1841
DA:111,8429
DA:119,4258
DA:122,4275
DA:123,0
DA:128,4258
DA:131,4263
DA:132,1
DA:134,4257
DA:135,4253
DA:136,4253
DA:139,4257
DA:140,8
DA:142,4249
DA:146,0
DA:150,0
DA:154,10279
DA:160,10266
DA:163,10266
DA:164,18686
DA:165,1846
DA:166,1846
DA:170,8420
DA:171,4619
DA:172,4619
DA:179,8420
DA:180,9287
DA:181,0
DA:185,8420
DA:186,8420
DA:187,4246
DA:188,4246
DA:189,4246
DA:192,16840
DA:193,3
DA:197,8417
DA:198,10266
DA:206,13
DA:210,13
DA:211,22
DA:212,4
DA:213,4
DA:214,4
DA:218,9
DA:219,0
DA:221,9
DA:224,18
DA:225,9
DA:226,9
DA:227,0
DA:231,9
DA:232,9
DA:233,9
DA:234,9
DA:235,9
DA:238,18
DA:239,0
DA:243,9
DA:244,13
DA:250,0
DA:253,0
DA:254,0
DA:255,0
DA:256,0
DA:259,0
DA:260,0
DA:262,0
DA:263,0
DA:264,0
DA:265,0
DA:272,1835
DA:274,1835
LF:99
LH:79
end_of_record
TN:
SF:/Users/lgo/dev/serftrunk/buckets/deflate_buckets.c
FN:88,getLong
FN:96,serf_bucket_deflate_create
FN:136,serf_bucket_deflate_compress_create
FN:177,serf_deflate_destroy_and_data
FN:201,serf_deflate_refill
FN:381,serf_deflate_wait_for_data
FN:534,serf_deflate_read
FN:596,serf_deflate_peek
FN:658,serf_deflate_set_config
FNDA:4,getLong
FNDA:1003,serf_bucket_deflate_create
FNDA:2,serf_bucket_deflate_compress_create
FNDA:1005,serf_deflate_destroy_and_data
FNDA:3602,serf_deflate_refill
FNDA:4609,serf_deflate_wait_for_data
FNDA:4609,serf_deflate_read
FNDA:0,serf_deflate_peek
FNDA:4,serf_deflate_set_config
FNF:9
FNH:8
DA:90,8
DA:91,4
DA:92,4
DA:93,4
DA:103,1003
DA:104,1003
DA:105,1003
DA:106,1003
DA:107,1003
DA:108,1003
DA:109,1003
DA:111,1003
DA:113,1003
DA:115,1002
DA:116,1002
DA:119,1
DA:120,1
DA:123,0
DA:127,1003
DA:129,1003
DA:130,1003
DA:131,1003
DA:133,1003
DA:134,1003
DA:144,2
DA:145,2
DA:146,2
DA:147,2
DA:148,2
DA:149,2
DA:150,2
DA:152,2
DA:154,2
DA:156,1
DA:157,1
DA:160,1
DA:161,1
DA:164,0
DA:168,2
DA:170,2
DA:171,6
DA:172,2
DA:174,2
DA:175,2
DA:179,1005
DA:181,2009
DA:182,1010
DA:183,6
DA:185,999
DA:186,0
DA:188,999
DA:189,999
DA:194,1005
DA:195,1005
DA:196,1000
DA:198,1005
DA:199,1005
DA:203,3602
DA:206,3602
DA:215,3602
DA:222,1014
DA:227,2026
DA:228,0
DA:231,1024
DA:232,0
DA:233,0
DA:234,0
DA:237,1014
DA:238,1012
DA:242,1014
DA:243,1004
DA:244,1004
DA:245,1004
DA:246,4
DA:247,2
DA:248,1004
DA:249,10
DA:250,10
DA:252,1014
DA:254,3602
DA:256,3602
DA:257,3600
DA:259,2
DA:263,6366
DA:267,2598
DA:268,2598
DA:270,2598
DA:271,5196
DA:272,2598
DA:275,2598
DA:278,2598
DA:279,2598
DA:281,2598
DA:282,2598
DA:285,1004
DA:289,1004
DA:290,1004
DA:291,2004
DA:292,1002
DA:294,1004
DA:297,1004
DA:299,1004
DA:301,1004
DA:303,1
DA:304,1
DA:305,1
DA:306,1
DA:312,1
DA:316,1
DA:317,1
DA:319,1004
DA:321,1002
DA:322,1
DA:323,1
DA:326,1
DA:327,1
DA:328,1
DA:329,1
DA:331,1
DA:332,1
DA:333,1
DA:334,1
DA:336,1
DA:337,1
DA:338,2
DA:340,1
DA:341,1
DA:342,1
DA:344,1001
DA:346,1001
DA:348,1002
DA:351,2
DA:352,1
DA:354,1
DA:355,2
DA:358,0
DA:361,1004
DA:365,0
DA:366,0
DA:367,0
DA:368,0
DA:369,0
DA:375,4606
DA:376,0
DA:378,3602
DA:379,3602
DA:383,4609
DA:389,7625
DA:390,7625
DA:393,2003
DA:396,3005
DA:397,1
DA:404,2002
DA:405,1003
DA:408,1003
DA:409,1003
DA:411,2002
DA:412,1003
DA:413,1003
DA:414,0
DA:416,1003
DA:417,999
DA:418,999
DA:420,1003
DA:422,2002
DA:423,1001
DA:425,0
DA:427,0
DA:428,0
DA:430,1001
DA:431,0
DA:433,0
DA:434,0
DA:436,1001
DA:437,1001
DA:443,2
DA:444,2
DA:445,0
DA:447,0
DA:448,0
DA:450,2
DA:453,2
DA:454,2
DA:455,2
DA:456,0
DA:458,0
DA:459,0
DA:461,2
DA:462,2
DA:465,1002
DA:466,1002
DA:467,0
DA:469,0
DA:470,0
DA:472,1002
DA:473,1002
DA:474,1002
DA:475,1002
DA:477,3
DA:478,6
DA:479,3
DA:480,3
DA:481,3
DA:482,3
DA:484,3603
DA:487,6
DA:492,1
DA:494,1
DA:495,1
DA:498,1
DA:499,1
DA:500,2
DA:501,1
DA:502,1
DA:503,1
DA:506,2
DA:508,2
DA:509,0
DA:511,0
DA:512,0
DA:514,2
DA:515,2
DA:516,2
DA:517,2
DA:519,2
DA:520,4
DA:521,2
DA:522,2
DA:523,2
DA:524,2
DA:527,0
DA:532,4609
DA:538,4609
DA:541,4609
DA:542,8224
DA:543,1000
DA:544,1000
DA:545,1000
DA:548,3609
DA:549,7217
DA:550,3603
DA:552,10815
DA:553,7
DA:556,3602
DA:558,3602
DA:559,0
DA:560,0
DA:561,0
DA:565,3602
DA:567,3602
DA:570,3601
DA:571,3601
DA:576,0
DA:582,0
DA:583,0
DA:585,0
DA:586,0
DA:588,0
DA:591,0
DA:593,1
DA:594,4609
DA:600,0
DA:603,0
DA:604,0
DA:605,0
DA:606,0
DA:607,0
DA:610,0
DA:611,0
DA:612,0
DA:614,0
DA:615,0
DA:618,0
DA:620,0
DA:621,0
DA:622,0
DA:623,0
DA:627,0
DA:629,0
DA:632,0
DA:633,0
DA:638,0
DA:644,0
DA:645,0
DA:647,0
DA:648,0
DA:650,0
DA:653,0
DA:655,0
DA:656,0
DA:661,4
DA:663,4
DA:665,4
DA:666,3
DA:668,1
DA:669,4
LF:296
LH:223
end_of_record
TN:
SF:/Users/lgo/dev/serftrunk/buckets/event_buckets.c
FN:37,serf__bucket_event_create
FN:57,serf_event_read
FN:104,serf_event_read_iovec
FN:155,serf_event_peek
FN:186,serf_event_get_remaining
FN:202,serf_event_set_config
FN:213,serf_event_destroy
FNDA:1276,serf__bucket_event_create
FNDA:692,serf_event_read
FNDA:1266,serf_event_read_iovec
FNDA:22,serf_event_peek
FNDA:10,serf_event_get_remaining
FNDA:716,serf_event_set_config
FNDA:1276,serf_event_destroy
FNF:7
FNH:7
DA:45,1276
DA:46,1276
DA:47,1276
DA:48,1276
DA:49,1276
DA:50,1276
DA:51,1276
DA:52,1276
DA:54,1276
DA:62,692
DA:65,692
DA:66,0
DA:67,0
DA:69,0
DA:70,0
DA:71,0
DA:73,1384
DA:74,692
DA:75,692
DA:77,0
DA:78,0
DA:79,0
DA:81,0
DA:82,0
DA:83,0
DA:84,0
DA:87,1269
DA:88,692
DA:90,692
DA:91,577
DA:93,577
DA:94,577
DA:95,577
DA:96,1731
DA:97,577
DA:98,577
DA:99,692
DA:101,692
DA:102,692
DA:110,1266
DA:113,1266
DA:114,0
DA:115,0
DA:117,0
DA:118,0
DA:119,0
DA:121,2532
DA:122,1266
DA:124,1266
DA:126,0
DA:127,0
DA:129,0
DA:130,0
DA:131,0
DA:132,0
DA:135,2179
DA:138,26666
DA:139,12067
DA:141,1266
DA:142,683
DA:144,683
DA:145,673
DA:146,673
DA:147,2692
DA:148,673
DA:149,683
DA:150,1266
DA:152,1266
DA:153,1266
DA:159,22
DA:162,22
DA:163,0
DA:164,0
DA:166,0
DA:167,0
DA:168,0
DA:170,44
DA:171,22
DA:172,22
DA:174,0
DA:175,0
DA:177,0
DA:178,0
DA:179,0
DA:180,0
DA:183,22
DA:184,22
DA:188,10
DA:190,20
DA:191,10
DA:194,0
DA:195,0
DA:196,0
DA:197,0
DA:198,0
DA:200,10
DA:205,716
DA:207,716
DA:208,716
DA:210,0
DA:211,716
DA:215,1276
DA:217,1276
DA:218,1276
DA:220,1276
DA:221,699
DA:223,1276
DA:224,1276
LF:108
LH:68
end_of_record
TN:
SF:/Users/lgo/dev/serftrunk/buckets/fcgi_buckets.c
FN:50,serf__bucket_fcgi_unframe_create
FN:62,serf__bucket_fcgi_unframe_set_eof
FN:72,serf__bucket_fcgi_unframe_read_info
FN:163,serf_fcgi_unframe_read
FN:212,serf_fcgi_unframe_peek
FN:237,serf_fcgi_unframe_get_remaining
FN:247,serf_fcgi_unframe_set_config
FN:302,serf__bucket_fcgi_params_decode_create
FN:314,size_data_requested
FN:338,fcgi_handle_keypair
FN:387,fcgi_params_decode
FN:510,fcgi_serialize
FN:552,fcgi_params_decode_read
FN:570,fcgi_params_decode_peek
FN:587,fcgi_params_decode_destroy
FN:627,serf__bucket_fcgi_frame_create
FN:649,destroy_bucket
FN:657,serf_fcgi_frame_refill
FN:766,serf_fcgi_frame_read
FN:797,serf_fcgi_frame_read_iovec
FN:831,serf_fcgi_frame_peek
FN:861,serf_fcgi_frame_destroy
FN:873,serf_fcgi_frame_get_remaining
FN:878,serf_fcgi_frame_set_config
FNDA:0,serf__bucket_fcgi_unframe_create
FNDA:0,serf__bucket_fcgi_unframe_set_eof
FNDA:0,serf__bucket_fcgi_unframe_read_info
FNDA:0,serf_fcgi_unframe_read
FNDA:0,serf_fcgi_unframe_peek
FNDA:0,serf_fcgi_unframe_get_remaining
FNDA:0,serf_fcgi_unframe_set_config
FNDA:0,serf__bucket_fcgi_params_decode_create
FNDA:0,size_data_requested
FNDA:0,fcgi_handle_keypair
FNDA:0,fcgi_params_decode
FNDA:0,fcgi_serialize
FNDA:0,fcgi_params_decode_read
FNDA:0,fcgi_params_decode_peek
FNDA:0,fcgi_params_decode_destroy
FNDA:0,serf__bucket_fcgi_frame_create
FNDA:0,destroy_bucket
FNDA:0,serf_fcgi_frame_refill
FNDA:0,serf_fcgi_frame_read
FNDA:0,serf_fcgi_frame_read_iovec
FNDA:0,serf_fcgi_frame_peek
FNDA:0,serf_fcgi_frame_destroy
FNDA:0,serf_fcgi_frame_get_remaining
FNDA:0,serf_fcgi_frame_set_config
FNF:24
FNH:0
DA:55,0
DA:56,0
DA:57,0
DA:59,0
DA:66,0
DA:68,0
DA:69,0
DA:70,0
DA:76,0
DA:80,0
DA:82,0
DA:83,0
DA:84,0
DA:85,0
DA:87,0
DA:90,0
DA:95,0
DA:97,0
DA:98,0
DA:99,0
DA:100,0
DA:102,0
DA:103,0
DA:106,0
DA:107,0
DA:108,0
DA:110,0
DA:111,0
DA:113,0
DA:115,0
DA:118,0
DA:119,0
DA:120,0
DA:122,0
DA:125,0
DA:126,0
DA:127,0
DA:128,0
DA:130,0
DA:131,0
DA:132,0
DA:133,0
DA:137,0
DA:141,0
DA:142,0
DA:144,0
DA:146,0
DA:147,0
DA:148,0
DA:149,0
DA:150,0
DA:154,0
DA:155,0
DA:157,0
DA:158,0
DA:160,0
DA:161,0
DA:168,0
DA:171,0
DA:172,0
DA:174,0
DA:175,0
DA:178,0
DA:179,0
DA:181,0
DA:182,0
DA:184,0
DA:185,0
DA:186,0
DA:187,0
DA:188,0
DA:189,0
DA:190,0
DA:192,0
DA:195,0
DA:196,0
DA:197,0
DA:198,0
DA:199,0
DA:200,0
DA:202,0
DA:203,0
DA:204,0
DA:205,0
DA:206,0
DA:207,0
DA:209,0
DA:210,0
DA:216,0
DA:219,0
DA:221,0
DA:223,0
DA:224,0
DA:227,0
DA:228,0
DA:230,0
DA:231,0
DA:232,0
DA:234,0
DA:235,0
DA:239,0
DA:241,0
DA:242,0
DA:244,0
DA:245,0
DA:250,0
DA:252,0
DA:307,0
DA:308,0
DA:310,0
DA:311,0
DA:318,0
DA:319,0
DA:320,0
DA:321,0
DA:323,0
DA:324,0
DA:325,0
DA:326,0
DA:327,0
DA:328,0
DA:329,0
DA:330,0
DA:331,0
DA:333,0
DA:335,0
DA:340,0
DA:341,0
DA:342,0
DA:344,0
DA:345,0
DA:347,0
DA:348,0
DA:350,0
DA:351,0
DA:354,0
DA:355,0
DA:356,0
DA:357,0
DA:358,0
DA:359,0
DA:360,0
DA:361,0
DA:363,0
DA:364,0
DA:365,0
DA:367,0
DA:369,0
DA:370,0
DA:371,0
DA:375,0
DA:376,0
DA:377,0
DA:380,0
DA:381,0
DA:382,0
DA:383,0
DA:384,0
DA:385,0
DA:389,0
DA:390,0
DA:392,0
DA:398,0
DA:400,0
DA:401,0
DA:404,0
DA:405,0
DA:407,0
DA:408,0
DA:409,0
DA:411,0
DA:412,0
DA:413,0
DA:415,0
DA:418,0
DA:419,0
DA:420,0
DA:421,0
DA:422,0
DA:425,0
DA:427,0
DA:428,0
DA:429,0
DA:430,0
DA:431,0
DA:433,0
DA:434,0
DA:437,0
DA:438,0
DA:439,0
DA:440,0
DA:441,0
DA:443,0
DA:444,0
DA:447,0
DA:448,0
DA:449,0
DA:451,0
DA:453,0
DA:454,0
DA:456,0
DA:457,0
DA:458,0
DA:459,0
DA:460,0
DA:462,0
DA:463,0
DA:465,0
DA:466,0
DA:467,0
DA:468,0
DA:469,0
DA:471,0
DA:473,0
DA:474,0
DA:475,0
DA:476,0
DA:477,0
DA:478,0
DA:479,0
DA:481,0
DA:482,0
DA:484,0
DA:485,0
DA:487,0
DA:489,0
DA:490,0
DA:491,0
DA:492,0
DA:493,0
DA:497,0
DA:498,0
DA:499,0
DA:501,0
DA:504,0
DA:507,0
DA:508,0
DA:512,0
DA:515,0
DA:517,0
DA:518,0
DA:519,0
DA:520,0
DA:521,0
DA:523,0
DA:524,0
DA:526,0
DA:527,0
DA:529,0
DA:530,0
DA:531,0
DA:532,0
DA:534,0
DA:535,0
DA:537,0
DA:538,0
DA:539,0
DA:541,0
DA:542,0
DA:544,0
DA:545,0
DA:546,0
DA:547,0
DA:549,0
DA:550,0
DA:559,0
DA:561,0
DA:562,0
DA:563,0
DA:566,0
DA:567,0
DA:568,0
DA:576,0
DA:578,0
DA:579,0
DA:580,0
DA:583,0
DA:584,0
DA:585,0
DA:589,0
DA:591,0
DA:592,0
DA:636,0
DA:637,0
DA:638,0
DA:639,0
DA:640,0
DA:641,0
DA:642,0
DA:643,0
DA:644,0
DA:646,0
DA:652,0
DA:653,0
DA:654,0
DA:659,0
DA:661,0
DA:664,0
DA:665,0
DA:667,0
DA:668,0
DA:670,0
DA:672,0
DA:673,0
DA:675,0
DA:676,0
DA:677,0
DA:678,0
DA:682,0
DA:685,0
DA:686,0
DA:688,0
DA:689,0
DA:690,0
DA:691,0
DA:692,0
DA:693,0
DA:694,0
DA:695,0
DA:701,0
DA:704,0
DA:705,0
DA:706,0
DA:709,0
DA:712,0
DA:715,0
DA:716,0
DA:718,0
DA:719,0
DA:721,0
DA:722,0
DA:724,0
DA:727,0
DA:728,0
DA:729,0
DA:732,0
DA:734,0
DA:735,0
DA:737,0
DA:738,0
DA:740,0
DA:741,0
DA:744,0
DA:746,0
DA:749,0
DA:750,0
DA:751,0
DA:752,0
DA:753,0
DA:754,0
DA:755,0
DA:756,0
DA:758,0
DA:759,0
DA:762,0
DA:763,0
DA:764,0
DA:771,0
DA:774,0
DA:775,0
DA:777,0
DA:778,0
DA:779,0
DA:780,0
DA:781,0
DA:783,0
DA:784,0
DA:785,0
DA:786,0
DA:789,0
DA:791,0
DA:792,0
DA:794,0
DA:795,0
DA:803,0
DA:806,0
DA:807,0
DA:810,0
DA:811,0
DA:812,0
DA:813,0
DA:814,0
DA:816,0
DA:817,0
DA:818,0
DA:819,0
DA:822,0
DA:825,0
DA:826,0
DA:828,0
DA:829,0
DA:835,0
DA:838,0
DA:839,0
DA:841,0
DA:842,0
DA:843,0
DA:844,0
DA:845,0
DA:847,0
DA:848,0
DA:849,0
DA:850,0
DA:853,0
DA:855,0
DA:856,0
DA:858,0
DA:859,0
DA:863,0
DA:865,0
DA:866,0
DA:867,0
DA:868,0
DA:870,0
DA:871,0
DA:875,0
DA:881,0
DA:883,0
DA:885,0
DA:886,0
DA:887,0
DA:888,0
DA:889,0
DA:891,0
LF:424
LH:0
end_of_record
TN:
SF:/Users/lgo/dev/serftrunk/buckets/file_buckets.c
FN:34,file_reader
FN:43,serf_bucket_file_create
FN:91,serf_file_read
FN:113,serf_file_readline
FN:136,serf_file_peek
FN:145,serf_file_get_remaining
FNDA:0,file_reader
FNDA:5,serf_bucket_file_create
FNDA:0,serf_file_read
FNDA:0,serf_file_readline
FNDA:0,serf_file_peek
FNDA:0,serf_file_get_remaining
FNF:6
FNH:1
DA:37,0
DA:39,0
DA:40,0
DA:51,5
DA:61,15
DA:63,10
DA:65,5
DA:67,5
DA:68,5
DA:70,0
DA:74,0
DA:75,0
DA:77,0
DA:78,0
DA:79,0
DA:81,0
DA:82,0
DA:83,0
DA:85,0
DA:88,0
DA:89,5
DA:95,0
DA:98,0
DA:100,0
DA:102,0
DA:106,0
DA:107,0
DA:108,0
DA:110,0
DA:111,0
DA:117,0
DA:120,0
DA:122,0
DA:124,0
DA:128,0
DA:129,0
DA:130,0
DA:132,0
DA:134,0
DA:140,0
DA:142,0
DA:147,0
DA:148,0
LF:43
LH:7
end_of_record
TN:
SF:/Users/lgo/dev/serftrunk/buckets/headers_buckets.c
FN:66,serf_bucket_headers_create
FN:79,serf_bucket_headers_setx
FN:126,serf_bucket_headers_set
FN:136,serf_bucket_headers_setc
FN:146,serf_bucket_headers_setn
FN:156,serf_bucket_headers_get
FN:206,serf__bucket_headers_remove
FN:236,serf_bucket_headers_do
FN:252,serf_headers_destroy_and_data
FN:272,select_value
FN:323,consume_chunk
FN:347,serf_headers_peek
FN:362,serf_headers_read
FN:391,serf_headers_readline
FN:420,serf_headers_read_iovec
FNDA:2605,serf_bucket_headers_create
FNDA:41338,serf_bucket_headers_setx
FNDA:26,serf_bucket_headers_set
FNDA:7,serf_bucket_headers_setc
FNDA:1360,serf_bucket_headers_setn
FNDA:4219,serf_bucket_headers_get
FNDA:8,serf__bucket_headers_remove
FNDA:37,serf_bucket_headers_do
FNDA:2587,serf_headers_destroy_and_data
FNDA:6174,select_value
FNDA:6165,consume_chunk
FNDA:9,serf_headers_peek
FNDA:6165,serf_headers_read
FNDA:0,serf_headers_readline
FNDA:694,serf_headers_read_iovec
FNF:15
FNH:14
DA:71,2605
DA:72,2605
DA:73,2605
DA:74,2605
DA:76,2605
DA:84,41338
DA:95,41338
DA:96,41338
DA:97,41338
DA:98,41338
DA:99,41338
DA:101,41338
DA:102,39952
DA:103,39952
DA:104,39952
DA:106,1386
DA:109,41338
DA:110,39978
DA:111,39978
DA:112,39978
DA:114,1360
DA:118,41338
DA:119,38765
DA:121,2573
DA:123,41338
DA:124,41338
DA:131,52
DA:132,26
DA:133,26
DA:134,26
DA:141,14
DA:142,7
DA:143,7
DA:144,7
DA:151,2720
DA:152,1360
DA:153,1360
DA:154,1360
DA:160,4219
DA:161,4219
DA:162,4219
DA:163,4219
DA:164,4219
DA:166,169368
DA:167,80465
DA:168,1947
DA:180,5
DA:181,10
DA:182,5
DA:183,5
DA:184,5
DA:185,5
DA:187,5
DA:189,5
DA:190,2
DA:191,5
DA:192,5
DA:193,5
DA:194,5
DA:196,1942
DA:197,1942
DA:199,1947
DA:200,80465
DA:203,4219
DA:208,8
DA:209,8
DA:212,48
DA:213,16
DA:214,16
DA:215,8
DA:216,6
DA:217,6
DA:218,2
DA:220,8
DA:221,4
DA:222,4
DA:224,8
DA:225,1
DA:226,8
DA:227,8
DA:228,8
DA:229,8
DA:230,8
DA:232,16
DA:234,8
DA:241,37
DA:242,37
DA:244,224
DA:245,75
DA:246,0
DA:248,75
DA:250,37
DA:254,2587
DA:255,2587
DA:257,87798
DA:258,41312
DA:260,41312
DA:261,39934
DA:262,41312
DA:263,39952
DA:264,41312
DA:266,41312
DA:269,2587
DA:270,2587
DA:280,6174
DA:281,689
DA:283,5
DA:284,5
DA:286,684
DA:287,684
DA:289,689
DA:290,689
DA:292,6174
DA:294,1370
DA:295,1370
DA:296,1370
DA:298,1370
DA:299,1370
DA:300,1370
DA:302,1370
DA:303,1370
DA:304,1370
DA:307,2064
DA:308,2064
DA:309,2064
DA:311,0
DA:312,0
DA:315,0
DA:318,6174
DA:319,6174
DA:320,12348
DA:326,6165
DA:327,6165
DA:330,6165
DA:331,689
DA:334,5476
DA:335,1369
DA:336,1369
DA:338,685
DA:339,685
DA:341,1369
DA:344,5476
DA:345,6165
DA:351,9
DA:353,9
DA:356,18
DA:357,5
DA:359,4
DA:360,9
DA:366,6165
DA:369,6165
DA:370,6165
DA:371,0
DA:372,0
DA:375,6165
DA:377,6165
DA:380,6165
DA:384,0
DA:385,0
DA:388,0
DA:389,6165
DA:395,0
DA:399,0
DA:400,0
DA:403,0
DA:404,0
DA:405,0
DA:406,0
DA:407,0
DA:411,0
DA:415,0
DA:417,0
DA:418,0
DA:426,694
DA:429,694
DA:431,12260
DA:441,6122
DA:443,6122
DA:444,6122
DA:445,6122
DA:447,6122
DA:449,6122
DA:450,313
DA:453,313
DA:454,9
DA:456,304
DA:457,6113
DA:459,6113
DA:460,677
DA:462,5436
DA:464,8
DA:465,694
LF:192
LH:171
end_of_record
TN:
SF:/Users/lgo/dev/serftrunk/buckets/hpack_buckets.c
FN:35,hpack_hm_compare
FN:62,serf__hpack_huffman_decode
FN:155,serf__hpack_huffman_encode
FN:261,hpack_free_entry
FN:376,cleanup_hpack_table
FN:408,serf__hpack_table_create
FN:442,hpack_shrink_table
FN:466,serf__hpack_table_set_max_table_size
FN:492,hpack_table_size_update
FN:510,hpack_table_get
FN:564,hpack_copy_from_headers
FN:590,serf__bucket_hpack_create_from_request
FN:620,serf__bucket_hpack_create
FN:632,serf__bucket_hpack_setc
FN:643,serf__bucket_hpack_setx
FN:741,serf__bucket_hpack_getc
FN:760,serf__bucket_hpack_do
FN:777,hpack_int
FN:812,serialize_ensure_buffer
FN:835,serialize
FN:1063,serf_hpack_read
FN:1077,serf_hpack_read_iovec
FN:1093,serf_hpack_peek
FN:1107,serf_hpack_get_remaining
FN:1120,serf_hpack_destroy_and_data
FN:1199,serf__bucket_hpack_decode_create
FN:1229,hpack_decode_buffer_ensure
FN:1253,read_hpack_int
FN:1347,write_request_header
FN:1393,handle_read_entry_and_clear
FN:1523,hpack_read_bytes
FN:1596,hpack_process
FN:1907,serf_hpack_decode_read
FN:1926,serf_hpack_decode_peek
FN:1944,serf_hpack_decode_read_bucket
FN:1956,serf_hpack_decode_set_config
FN:1978,serf_hpack_decode_destroy
FNDA:6187,hpack_hm_compare
FNDA:23,serf__hpack_huffman_decode
FNDA:16,serf__hpack_huffman_encode
FNDA:43,hpack_free_entry
FNDA:5,cleanup_hpack_table
FNDA:5,serf__hpack_table_create
FNDA:10,hpack_shrink_table
FNDA:0,serf__hpack_table_set_max_table_size
FNDA:0,hpack_table_size_update
FNDA:54,hpack_table_get
FNDA:6,hpack_copy_from_headers
FNDA:5,serf__bucket_hpack_create_from_request
FNDA:11,serf__bucket_hpack_create
FNDA:31,serf__bucket_hpack_setc
FNDA:31,serf__bucket_hpack_setx
FNDA:0,serf__bucket_hpack_getc
FNDA:0,serf__bucket_hpack_do
FNDA:38,hpack_int
FNDA:38,serialize_ensure_buffer
FNDA:11,serialize
FNDA:1,serf_hpack_read
FNDA:0,serf_hpack_read_iovec
FNDA:0,serf_hpack_peek
FNDA:10,serf_hpack_get_remaining
FNDA:0,serf_hpack_destroy_and_data
FNDA:10,serf__bucket_hpack_decode_create
FNDA:0,hpack_decode_buffer_ensure
FNDA:32,read_hpack_int
FNDA:5,write_request_header
FNDA:27,handle_read_entry_and_clear
FNDA:5,hpack_read_bytes
FNDA:123,hpack_process
FNDA:64,serf_hpack_decode_read
FNDA:59,serf_hpack_decode_peek
FNDA:5,serf_hpack_decode_read_bucket
FNDA:10,serf_hpack_decode_set_config
FNDA:10,serf_hpack_decode_destroy
FNF:37
FNH:29
DA:38,6187
DA:39,6187
DA:41,6187
DA:42,6187
DA:44,6187
DA:45,4176
DA:46,2011
DA:47,1204
DA:49,807
DA:50,6187
DA:68,23
DA:69,23
DA:70,23
DA:72,2528
DA:77,6364
DA:79,964
DA:80,964
DA:81,964
DA:82,964
DA:85,807
DA:86,807
DA:90,1614
DA:94,16
DA:97,791
DA:98,1
DA:100,790
DA:102,787
DA:103,787
DA:105,0
DA:106,787
DA:108,790
DA:109,790
DA:110,790
DA:113,22
DA:127,16
DA:130,16
DA:132,16
DA:134,16
DA:135,2
DA:136,14
DA:138,20
DA:139,39
DA:140,19
DA:142,20
DA:143,23
DA:161,16
DA:162,16
DA:163,16
DA:165,16
DA:168,9
DA:169,316
DA:173,149
DA:175,149
DA:176,149
DA:177,149
DA:180,9
DA:181,9
DA:184,1192
DA:186,589
DA:190,589
DA:192,589
DA:193,589
DA:194,589
DA:195,589
DA:196,589
DA:198,2774
DA:200,798
DA:201,0
DA:203,798
DA:204,798
DA:205,798
DA:206,798
DA:208,798
DA:209,798
DA:213,7
DA:224,7
DA:225,0
DA:227,7
DA:228,7
DA:231,7
DA:236,7
DA:237,7
DA:239,7
DA:241,7
DA:242,16
DA:264,43
DA:265,43
DA:266,43
DA:267,36
DA:268,43
DA:269,43
DA:379,5
DA:385,24
DA:387,7
DA:389,7
DA:390,7
DA:391,5
DA:392,5
DA:394,20
DA:396,5
DA:398,5
DA:399,5
DA:400,5
DA:401,5
DA:403,5
DA:412,5
DA:414,5
DA:415,5
DA:419,5
DA:422,5
DA:423,5
DA:425,5
DA:426,5
DA:428,5
DA:435,5
DA:436,5
DA:438,5
DA:448,38
DA:450,0
DA:452,0
DA:454,0
DA:455,0
DA:457,0
DA:458,0
DA:460,0
DA:461,0
DA:463,10
DA:470,0
DA:472,0
DA:473,0
DA:475,0
DA:477,0
DA:479,0
DA:480,0
DA:482,0
DA:483,0
DA:485,0
DA:486,0
DA:487,0
DA:488,0
DA:489,0
DA:495,0
DA:497,0
DA:499,0
DA:500,0
DA:501,0
DA:502,0
DA:504,0
DA:506,0
DA:507,0
DA:517,54
DA:518,54
DA:519,0
DA:521,54
DA:522,54
DA:523,48
DA:527,6
DA:529,12
DA:531,6
DA:533,6
DA:534,6
DA:536,0
DA:537,0
DA:540,54
DA:541,0
DA:543,54
DA:544,54
DA:545,54
DA:546,27
DA:547,54
DA:548,49
DA:549,54
DA:550,22
DA:552,54
DA:553,54
DA:568,6
DA:569,6
DA:572,11
DA:573,6
DA:574,1
DA:575,1
DA:576,2
DA:577,2
DA:578,1
DA:580,5
DA:583,1
DA:585,1
DA:586,6
DA:598,5
DA:600,5
DA:602,5
DA:604,5
DA:606,5
DA:607,5
DA:608,5
DA:609,5
DA:611,5
DA:613,5
DA:615,5
DA:623,11
DA:625,11
DA:626,11
DA:628,11
DA:636,62
DA:637,31
DA:638,31
DA:640,31
DA:653,31
DA:657,144
DA:659,47
DA:660,47
DA:662,0
DA:664,41
DA:668,31
DA:670,0
DA:671,0
DA:673,0
DA:674,0
DA:675,0
DA:676,0
DA:678,0
DA:680,31
DA:683,0
DA:685,31
DA:687,62
DA:696,31
DA:697,538
DA:699,446
DA:700,5
DA:701,238
DA:702,31
DA:703,31
DA:704,31
DA:705,0
DA:707,0
DA:708,0
DA:709,0
DA:712,0
DA:713,0
DA:716,31
DA:717,31
DA:719,31
DA:720,31
DA:721,31
DA:724,0
DA:725,0
DA:727,31
DA:728,93
DA:730,31
DA:731,31
DA:732,31
DA:734,20
DA:735,20
DA:736,20
DA:738,11
DA:739,31
DA:744,0
DA:746,0
DA:748,0
DA:750,0
DA:751,0
DA:753,0
DA:755,0
DA:757,0
DA:758,0
DA:764,0
DA:767,0
DA:769,0
DA:770,0
DA:772,0
DA:774,0
DA:775,0
DA:786,38
DA:788,38
DA:790,38
DA:792,38
DA:793,38
DA:794,38
DA:797,0
DA:798,0
DA:799,0
DA:801,0
DA:803,0
DA:804,0
DA:807,0
DA:808,0
DA:809,38
DA:815,38
DA:817,65
DA:818,27
DA:820,11
DA:821,0
DA:822,0
DA:823,0
DA:825,0
DA:826,0
DA:827,11
DA:829,22
DA:830,33
DA:831,11
DA:832,49
DA:837,11
DA:838,11
DA:839,11
DA:844,11
DA:845,11
DA:848,11
DA:851,22
DA:855,0
DA:857,0
DA:858,0
DA:859,0
DA:860,0
DA:862,84
DA:866,31
DA:868,31
DA:871,31
DA:873,31
DA:875,1446
DA:876,713
DA:878,819
DA:879,819
DA:881,68
DA:882,68
DA:884,21
DA:885,21
DA:886,21
DA:888,18
DA:889,11
DA:890,18
DA:891,692
DA:892,31
DA:893,26
DA:895,6
DA:897,9
DA:898,9
DA:900,6
DA:901,6
DA:903,3
DA:904,3
DA:905,3
DA:907,0
DA:908,0
DA:909,0
DA:910,3
DA:911,10
DA:913,31
DA:916,24
DA:917,24
DA:918,24
DA:919,7
DA:922,7
DA:923,7
DA:924,7
DA:925,0
DA:927,0
DA:928,0
DA:929,0
DA:931,0
DA:932,0
DA:935,31
DA:938,0
DA:940,0
DA:945,0
DA:947,0
DA:948,0
DA:950,0
DA:951,0
DA:952,0
DA:954,0
DA:956,0
DA:957,0
DA:958,0
DA:962,0
DA:965,0
DA:966,0
DA:968,0
DA:969,0
DA:972,0
DA:973,31
DA:975,7
DA:977,14
DA:982,3
DA:983,3
DA:984,3
DA:986,6
DA:987,3
DA:988,3
DA:989,3
DA:991,3
DA:993,3
DA:994,0
DA:995,3
DA:999,4
DA:1001,4
DA:1002,4
DA:1004,4
DA:1005,4
DA:1007,7
DA:1012,38
DA:1015,7
DA:1017,14
DA:1018,7
DA:1019,7
DA:1020,14
DA:1021,7
DA:1022,7
DA:1023,7
DA:1025,7
DA:1026,7
DA:1027,7
DA:1028,7
DA:1029,3
DA:1031,4
DA:1033,7
DA:1034,0
DA:1035,0
DA:1036,0
DA:1037,0
DA:1038,7
DA:1041,31
DA:1042,31
DA:1043,11
DA:1045,11
DA:1047,11
DA:1049,11
DA:1050,11
DA:1051,11
DA:1052,11
DA:1054,0
DA:1055,11
DA:1057,11
DA:1059,11
DA:1060,11
DA:1068,1
DA:1070,1
DA:1071,0
DA:1073,1
DA:1074,1
DA:1083,0
DA:1085,0
DA:1086,0
DA:1088,0
DA:1089,0
DA:1090,0
DA:1097,0
DA:1099,0
DA:1100,0
DA:1102,0
DA:1103,0
DA:1109,10
DA:1111,10
DA:1112,0
DA:1115,10
DA:1116,10
DA:1122,0
DA:1126,0
DA:1128,0
DA:1130,0
DA:1131,0
DA:1133,0
DA:1134,0
DA:1204,10
DA:1206,10
DA:1207,10
DA:1208,10
DA:1218,10
DA:1219,10
DA:1220,10
DA:1222,10
DA:1223,10
DA:1225,10
DA:1232,0
DA:1235,0
DA:1236,0
DA:1238,0
DA:1240,0
DA:1243,0
DA:1244,0
DA:1247,0
DA:1248,0
DA:1249,0
DA:1250,0
DA:1258,32
DA:1263,32
DA:1268,5
DA:1270,10
DA:1271,0
DA:1272,10
DA:1273,0
DA:1275,5
DA:1276,5
DA:1277,5
DA:1279,32
DA:1281,32
DA:1284,32
DA:1285,32
DA:1299,0
DA:1305,0
DA:1306,0
DA:1308,0
DA:1309,0
DA:1310,0
DA:1311,0
DA:1312,0
DA:1314,0
DA:1315,0
DA:1316,0
DA:1323,0
DA:1324,0
DA:1326,0
DA:1328,0
DA:1329,0
DA:1330,0
DA:1332,0
DA:1333,0
DA:1336,32
DA:1338,32
DA:1339,5
DA:1341,32
DA:1343,32
DA:1344,32
DA:1350,5
DA:1352,5
DA:1353,10
DA:1354,5
DA:1356,0
DA:1358,5
DA:1360,5
DA:1361,5
DA:1363,5
DA:1364,10
DA:1365,5
DA:1367,0
DA:1368,5
DA:1370,5
DA:1371,5
DA:1373,5
DA:1375,5
DA:1376,5
DA:1378,10
DA:1379,5
DA:1380,5
DA:1381,5
DA:1382,5
DA:1383,5
DA:1384,5
DA:1386,5
DA:1388,5
DA:1389,5
DA:1390,5
DA:1396,27
DA:1397,27
DA:1398,27
DA:1403,54
DA:1405,27
DA:1407,27
DA:1411,40
DA:1413,5
DA:1414,5
DA:1416,5
DA:1417,5
DA:1419,5
DA:1420,5
DA:1422,5
DA:1423,5
DA:1424,5
DA:1425,30
DA:1427,5
DA:1428,10
DA:1429,5
DA:1430,5
DA:1431,0
DA:1432,5
DA:1433,20
DA:1435,5
DA:1436,10
DA:1437,5
DA:1438,15
DA:1439,0
DA:1440,5
DA:1441,15
DA:1443,5
DA:1444,10
DA:1445,5
DA:1446,15
DA:1447,5
DA:1448,5
DA:1449,10
DA:1452,5
DA:1456,0
DA:1457,0
DA:1460,0
DA:1463,0
DA:1465,0
DA:1466,0
DA:1469,0
DA:1471,25
DA:1472,4
DA:1474,2
DA:1475,2
DA:1477,27
DA:1479,27
DA:1482,27
DA:1484,81
DA:1485,81
DA:1487,27
DA:1489,5
DA:1492,20
DA:1493,5
DA:1494,5
DA:1495,15
DA:1496,0
DA:1497,0
DA:1498,5
DA:1499,5
DA:1500,5
DA:1501,5
DA:1502,5
DA:1503,5
DA:1504,2
DA:1506,3
DA:1507,5
DA:1510,22
DA:1511,0
DA:1512,22
DA:1513,0
DA:1515,27
DA:1527,5
DA:1528,5
DA:1534,5
DA:1536,0
DA:1537,0
DA:1540,5
DA:1542,5
DA:1544,12
DA:1546,7
DA:1547,2
DA:1548,5
DA:1549,5
DA:1552,0
DA:1554,0
DA:1555,0
DA:1557,0
DA:1558,0
DA:1561,0
DA:1565,0
DA:1568,0
DA:1570,0
DA:1573,0
DA:1574,0
DA:1576,0
DA:1577,0
DA:1579,0
DA:1580,0
DA:1581,0
DA:1582,0
DA:1585,0
DA:1587,0
DA:1588,0
DA:1589,0
DA:1590,0
DA:1592,0
DA:1593,5
DA:1598,123
DA:1599,123
DA:1601,123
DA:1602,113
DA:1604,158
DA:1606,74
DA:1614,37
DA:1615,56
DA:1616,0
DA:1617,92
DA:1618,10
DA:1620,27
DA:1621,27
DA:1623,27
DA:1624,27
DA:1629,22
DA:1630,22
DA:1631,22
DA:1633,22
DA:1634,22
DA:1635,15
DA:1647,0
DA:1648,0
DA:1649,0
DA:1650,5
DA:1654,0
DA:1655,0
DA:1656,0
DA:1658,0
DA:1671,5
DA:1672,5
DA:1673,5
DA:1675,5
DA:1677,27
DA:1678,27
DA:1683,22
DA:1684,22
DA:1685,0
DA:1686,22
DA:1687,0
DA:1689,22
DA:1690,44
DA:1691,22
DA:1692,22
DA:1693,22
DA:1694,0
DA:1696,44
DA:1697,22
DA:1699,0
DA:1701,44
DA:1702,22
DA:1704,44
DA:1705,22
DA:1706,22
DA:1707,0
DA:1710,22
DA:1711,22
DA:1716,10
DA:1717,5
DA:1718,5
DA:1719,0
DA:1721,5
DA:1722,10
DA:1723,5
DA:1725,5
DA:1726,0
DA:1729,5
DA:1730,5
DA:1731,0
DA:1733,5
DA:1734,5
DA:1740,0
DA:1741,0
DA:1742,0
DA:1744,0
DA:1748,0
DA:1749,0
DA:1751,0
DA:1752,0
DA:1754,0
DA:1759,0
DA:1760,0
DA:1761,0
DA:1763,0
DA:1768,0
DA:1769,0
DA:1772,0
DA:1773,0
DA:1775,0
DA:1776,0
DA:1778,0
DA:1780,0
DA:1781,0
DA:1782,0
DA:1783,0
DA:1784,0
DA:1785,0
DA:1787,0
DA:1788,0
DA:1790,0
DA:1791,0
DA:1793,0
DA:1794,0
DA:1796,0
DA:1801,5
DA:1802,5
DA:1803,0
DA:1805,5
DA:1809,5
DA:1810,0
DA:1812,5
DA:1813,5
DA:1815,5
DA:1820,5
DA:1821,5
DA:1822,0
DA:1824,5
DA:1829,2
DA:1830,1
DA:1832,1
DA:1833,0
DA:1835,1
DA:1836,0
DA:1838,1
DA:1840,2
DA:1841,1
DA:1842,1
DA:1843,1
DA:1844,1
DA:1845,0
DA:1847,1
DA:1848,1
DA:1850,8
DA:1851,4
DA:1853,5
DA:1855,10
DA:1856,5
DA:1857,5
DA:1858,0
DA:1860,5
DA:1861,5
DA:1867,0
DA:1868,0
DA:1869,0
DA:1872,0
DA:1873,0
DA:1874,0
DA:1875,0
DA:1876,0
DA:1878,0
DA:1879,0
DA:1882,0
DA:1886,10
DA:1888,10
DA:1889,0
DA:1891,10
DA:1893,10
DA:1894,10
DA:1896,20
DA:1897,10
DA:1898,10
DA:1899,10
DA:1900,10
DA:1903,0
DA:1904,123
DA:1912,64
DA:1915,64
DA:1916,64
DA:1918,0
DA:1919,0
DA:1922,64
DA:1923,64
DA:1930,59
DA:1933,59
DA:1934,59
DA:1936,0
DA:1937,0
DA:1940,59
DA:1941,59
DA:1947,5
DA:1949,5
DA:1950,0
DA:1952,5
DA:1953,5
DA:1959,10
DA:1962,10
DA:1964,10
DA:1965,10
DA:1966,0
DA:1968,10
DA:1970,10
DA:1971,10
DA:1972,0
DA:1973,10
DA:1974,10
DA:1975,10
DA:1980,10
DA:1982,10
DA:1983,10
DA:1985,10
DA:1986,0
DA:1987,10
DA:1988,0
DA:1989,10
DA:1990,0
DA:1992,10
DA:1998,10
DA:1999,10
LF:872
LH:579
end_of_record
TN:
SF:/Users/lgo/dev/serftrunk/buckets/http2_frame_buckets.c
FN:54,serf__bucket_http2_unframe_create
FN:70,serf__bucket_http2_unframe_set_eof
FN:81,serf__bucket_http2_unframe_read_info
FN:201,serf_http2_unframe_read
FN:244,serf_http2_unframe_read_iovec
FN:295,serf_http2_unframe_peek
FN:319,serf_http2_unframe_get_remaining
FN:356,serf__bucket_http2_unpad_create
FN:369,serf_http2_unpad_read_padsize
FN:416,serf_http2_unpad_read
FN:466,serf_http2_unpad_read_iovec
FN:540,serf_http2_unpad_peek
FN:564,serf_http2_unpad_destroy
FN:574,serf_http2_unpad_get_remaining
FN:625,serf__bucket_http2_frame_create
FN:677,http2_prepare_frame
FN:840,serf_http2_frame_read
FN:874,serf_http2_frame_read_iovec
FN:916,serf_http2_frame_peek
FN:933,serf_http2_frame_get_remaining
FN:944,serf_http2_frame_set_config
FN:957,serf_http2_frame_destroy
FNDA:38,serf__bucket_http2_unframe_create
FNDA:33,serf__bucket_http2_unframe_set_eof
FNDA:132,serf__bucket_http2_unframe_read_info
FNDA:58,serf_http2_unframe_read
FNDA:14,serf_http2_unframe_read_iovec
FNDA:0,serf_http2_unframe_peek
FNDA:20,serf_http2_unframe_get_remaining
FNDA:3,serf__bucket_http2_unpad_create
FNDA:3,serf_http2_unpad_read_padsize
FNDA:3,serf_http2_unpad_read
FNDA:0,serf_http2_unpad_read_iovec
FNDA:0,serf_http2_unpad_peek
FNDA:3,serf_http2_unpad_destroy
FNDA:0,serf_http2_unpad_get_remaining
FNDA:30,serf__bucket_http2_frame_create
FNDA:32,http2_prepare_frame
FNDA:3,serf_http2_frame_read
FNDA:29,serf_http2_frame_read_iovec
FNDA:0,serf_http2_frame_peek
FNDA:0,serf_http2_frame_get_remaining
FNDA:37,serf_http2_frame_set_config
FNDA:30,serf_http2_frame_destroy
FNF:22
FNH:16
DA:60,38
DA:61,38
DA:62,38
DA:63,38
DA:64,38
DA:66,38
DA:74,33
DA:76,33
DA:77,33
DA:78,33
DA:86,132
DA:92,132
DA:93,91
DA:94,3
DA:95,91
DA:96,3
DA:97,91
DA:98,3
DA:100,91
DA:103,41
DA:105,41
DA:106,55
DA:107,0
DA:108,75
DA:109,0
DA:111,41
DA:112,7
DA:115,7
DA:116,7
DA:117,7
DA:119,34
DA:120,34
DA:122,157
DA:124,41
DA:125,68
DA:126,34
DA:127,34
DA:128,34
DA:129,34
DA:131,68
DA:132,34
DA:133,34
DA:134,34
DA:136,34
DA:139,34
DA:140,30
DA:141,34
DA:142,30
DA:143,34
DA:144,30
DA:152,34
DA:154,1
DA:155,0
DA:165,0
DA:168,1
DA:171,33
DA:172,4
DA:173,29
DA:174,0
DA:178,37
DA:181,8
DA:182,4
DA:184,4
DA:185,0
DA:186,4
DA:187,33
DA:188,7
DA:191,0
DA:192,0
DA:194,0
DA:195,0
DA:197,40
DA:198,132
DA:206,58
DA:209,58
DA:211,58
DA:212,1
DA:213,3
DA:216,57
DA:217,10
DA:218,10
DA:221,47
DA:222,3
DA:224,47
DA:225,50
DA:226,47
DA:228,47
DA:229,19
DA:230,30
DA:231,15
DA:233,22
DA:234,19
DA:235,19
DA:236,28
DA:237,0
DA:238,47
DA:240,47
DA:241,58
DA:250,14
DA:253,14
DA:255,14
DA:256,0
DA:257,0
DA:260,14
DA:261,4
DA:262,4
DA:265,10
DA:266,10
DA:268,10
DA:270,10
DA:272,10
DA:274,40
DA:275,10
DA:277,10
DA:279,10
DA:280,10
DA:281,20
DA:282,10
DA:284,10
DA:285,10
DA:286,10
DA:287,0
DA:288,0
DA:289,10
DA:291,10
DA:292,14
DA:299,0
DA:302,0
DA:304,0
DA:305,0
DA:306,0
DA:309,0
DA:310,0
DA:311,0
DA:312,0
DA:313,0
DA:315,0
DA:316,0
DA:321,20
DA:324,20
DA:326,20
DA:327,0
DA:329,20
DA:330,20
DA:361,3
DA:362,3
DA:363,3
DA:365,3
DA:371,3
DA:376,3
DA:377,0
DA:379,3
DA:380,6
DA:383,3
DA:384,3
DA:385,3
DA:389,3
DA:391,6
DA:392,6
DA:393,0
DA:402,3
DA:403,1
DA:405,2
DA:406,2
DA:407,0
DA:408,0
DA:409,0
DA:410,0
DA:412,2
DA:413,3
DA:421,3
DA:424,3
DA:426,3
DA:427,1
DA:428,1
DA:430,2
DA:431,2
DA:433,0
DA:434,0
DA:438,2
DA:439,2
DA:441,2
DA:442,4
DA:443,2
DA:444,0
DA:447,2
DA:448,2
DA:449,2
DA:451,2
DA:452,2
DA:455,4
DA:456,6
DA:458,0
DA:459,0
DA:460,2
DA:462,2
DA:463,3
DA:472,0
DA:475,0
DA:477,0
DA:478,0
DA:479,0
DA:481,0
DA:482,0
DA:484,0
DA:485,0
DA:488,0
DA:489,0
DA:491,0
DA:493,0
DA:495,0
DA:497,0
DA:498,0
DA:500,0
DA:501,0
DA:504,0
DA:505,0
DA:506,0
DA:509,0
DA:511,0
DA:513,0
DA:515,0
DA:516,0
DA:517,0
DA:520,0
DA:521,0
DA:525,0
DA:526,0
DA:529,0
DA:530,0
DA:532,0
DA:533,0
DA:534,0
DA:536,0
DA:537,0
DA:544,0
DA:547,0
DA:549,0
DA:550,0
DA:551,0
DA:554,0
DA:555,0
DA:556,0
DA:557,0
DA:558,0
DA:560,0
DA:561,0
DA:566,3
DA:568,3
DA:570,3
DA:571,3
DA:576,0
DA:579,0
DA:581,0
DA:582,0
DA:584,0
DA:585,0
DA:636,30
DA:639,30
DA:640,30
DA:641,30
DA:642,30
DA:643,30
DA:644,30
DA:646,30
DA:647,0
DA:649,70
DA:652,75
DA:653,25
DA:654,25
DA:655,25
DA:656,25
DA:664,5
DA:665,5
DA:666,5
DA:667,5
DA:670,30
DA:671,30
DA:673,30
DA:679,32
DA:683,32
DA:684,2
DA:687,30
DA:688,4
DA:690,26
DA:692,60
DA:693,60
DA:695,0
DA:697,30
DA:698,30
DA:699,26
DA:701,30
DA:702,30
DA:709,0
DA:712,0
DA:713,0
DA:714,0
DA:718,0
DA:722,0
DA:726,0
DA:727,0
DA:729,0
DA:733,0
DA:735,0
DA:740,0
DA:741,0
DA:742,0
DA:744,0
DA:746,0
DA:747,0
DA:749,0
DA:753,0
DA:754,0
DA:755,0
DA:758,0
DA:759,0
DA:761,0
DA:767,0
DA:769,0
DA:770,0
DA:771,0
DA:773,0
DA:774,0
DA:776,0
DA:780,0
DA:782,0
DA:784,0
DA:788,0
DA:789,0
DA:790,0
DA:791,0
DA:792,0
DA:795,0
DA:796,0
DA:802,30
DA:810,35
DA:812,5
DA:813,5
DA:814,5
DA:816,30
DA:817,30
DA:818,30
DA:819,30
DA:820,30
DA:821,30
DA:822,30
DA:823,30
DA:824,30
DA:827,60
DA:828,60
DA:830,30
DA:833,60
DA:834,30
DA:836,30
DA:837,32
DA:845,3
DA:848,3
DA:849,3
DA:850,0
DA:852,3
DA:854,5
DA:855,3
DA:858,0
DA:860,3
DA:861,3
DA:863,3
DA:864,2
DA:866,0
DA:868,2
DA:870,3
DA:871,3
DA:880,29
DA:883,29
DA:884,29
DA:885,0
DA:887,29
DA:890,58
DA:891,29
DA:894,166
DA:895,54
DA:897,29
DA:900,0
DA:902,29
DA:903,29
DA:905,29
DA:906,29
DA:908,0
DA:910,29
DA:912,29
DA:913,29
DA:920,0
DA:923,0
DA:924,0
DA:925,0
DA:926,0
DA:929,0
DA:930,0
DA:935,0
DA:937,0
DA:938,0
DA:940,0
DA:941,0
DA:947,37
DA:948,37
DA:950,37
DA:951,29
DA:953,8
DA:954,37
DA:959,30
DA:961,30
DA:962,0
DA:964,30
DA:966,30
DA:967,30
LF:414
LH:257
end_of_record
TN:
SF:/Users/lgo/dev/serftrunk/buckets/iovec_buckets.c
FN:38,serf_bucket_iovec_create
FN:64,serf_iovec_read_iovec
FN:111,serf_iovec_read
FN:131,serf_iovec_peek
FN:154,serf_iovec_get_remaining
FNDA:1328,serf_bucket_iovec_create
FNDA:1364,serf_iovec_read_iovec
FNDA:34,serf_iovec_read
FNDA:4,serf_iovec_peek
FNDA:16,serf_iovec_get_remaining
FNF:5
FNH:5
DA:46,2656
DA:47,1328
DA:48,1328
DA:49,1328
DA:50,1328
DA:51,1328
DA:52,1328
DA:55,12068
DA:57,4706
DA:58,4706
DA:59,4706
DA:61,1328
DA:70,1364
DA:72,1364
DA:75,12138
DA:76,4741
DA:79,4976
DA:80,4
DA:81,4737
DA:82,30
DA:85,4707
DA:86,4707
DA:89,4938
DA:90,2
DA:91,2
DA:92,2
DA:93,2
DA:94,2
DA:97,4705
DA:98,4705
DA:99,4705
DA:100,229
DA:101,4705
DA:103,4705
DA:105,2692
DA:106,1328
DA:108,36
DA:109,1364
DA:119,34
DA:121,34
DA:122,33
DA:123,33
DA:124,33
DA:125,1
DA:128,34
DA:135,4
DA:137,4
DA:138,1
DA:139,1
DA:145,3
DA:146,3
DA:148,3
DA:149,2
DA:151,1
DA:152,4
DA:156,16
DA:157,16
DA:160,416
DA:162,192
DA:163,192
DA:165,16
LF:61
LH:61
end_of_record
TN:
SF:/Users/lgo/dev/serftrunk/buckets/limit_buckets.c
FN:33,serf_bucket_limit_create
FN:45,serf_limit_read
FN:78,serf_limit_readline
FN:116,serf_limit_read_iovec
FN:157,serf_limit_peek
FN:173,serf_limit_destroy
FN:182,serf_limit_get_remaining
FN:189,serf_limit_set_config
FNDA:3,serf_bucket_limit_create
FNDA:2,serf_limit_read
FNDA:1,serf_limit_readline
FNDA:0,serf_limit_read_iovec
FNDA:0,serf_limit_peek
FNDA:3,serf_limit_destroy
FNDA:0,serf_limit_get_remaining
FNDA:0,serf_limit_set_config
FNF:8
FNH:4
DA:38,3
DA:39,3
DA:40,3
DA:42,3
DA:49,2
DA:52,2
DA:53,0
DA:54,0
DA:57,2
DA:58,2
DA:59,2
DA:61,2
DA:63,3
DA:64,2
DA:67,3
DA:68,1
DA:69,1
DA:70,2
DA:71,1
DA:72,1
DA:73,2
DA:75,2
DA:76,2
DA:84,1
DA:88,1
DA:89,0
DA:90,0
DA:93,1
DA:94,0
DA:96,1
DA:98,2
DA:99,1
DA:101,1
DA:102,1
DA:105,2
DA:106,1
DA:107,1
DA:108,0
DA:109,0
DA:110,0
DA:111,1
DA:113,1
DA:114,1
DA:122,0
DA:125,0
DA:126,0
DA:127,0
DA:130,0
DA:131,0
DA:132,0
DA:134,0
DA:136,0
DA:138,0
DA:140,0
DA:141,0
DA:143,0
DA:146,0
DA:147,0
DA:148,0
DA:149,0
DA:150,0
DA:151,0
DA:152,0
DA:154,0
DA:155,0
DA:161,0
DA:164,0
DA:166,0
DA:167,0
DA:168,0
DA:169,0
DA:170,0
DA:175,3
DA:177,3
DA:179,3
DA:180,3
DA:184,0
DA:186,0
DA:194,0
DA:196,0
LF:80
LH:39
end_of_record
TN:
SF:/Users/lgo/dev/serftrunk/buckets/log_wrapper_buckets.c
FN:46,serf_log_wrapped_readline
FN:71,serf_log_wrapped_read_iovec
FN:104,serf_log_wrapped_read
FN:125,serf_log_wrapped_destroy
FN:135,serf_log_wrapped_set_config
FN:146,serf__bucket_log_wrapper_create
FNDA:388,serf_log_wrapped_readline
FNDA:0,serf_log_wrapped_read_iovec
FNDA:92,serf_log_wrapped_read
FNDA:25,serf_log_wrapped_destroy
FNDA:156,serf_log_wrapped_set_config
FNDA:25,serf__bucket_log_wrapper_create
FNF:6
FNH:5
DA:50,388
DA:51,388
DA:53,776
DA:54,388
DA:56,444
DA:57,0
DA:58,0
DA:60,388
DA:61,708
DA:62,354
DA:63,708
DA:64,354
DA:65,354
DA:67,388
DA:77,0
DA:78,0
DA:82,0
DA:83,0
DA:85,0
DA:86,0
DA:87,0
DA:89,0
DA:90,0
DA:91,0
DA:92,0
DA:94,0
DA:95,0
DA:96,0
DA:97,0
DA:98,0
DA:100,0
DA:107,92
DA:108,92
DA:110,92
DA:112,92
DA:113,0
DA:114,0
DA:115,92
DA:116,184
DA:117,92
DA:118,184
DA:119,92
DA:120,92
DA:122,92
DA:127,25
DA:128,25
DA:130,25
DA:131,25
DA:132,25
DA:133,25
DA:138,156
DA:139,156
DA:141,156
DA:143,156
DA:155,25
DA:156,25
DA:157,25
DA:161,25
DA:162,25
DA:164,25
DA:165,25
DA:166,25
DA:167,25
DA:168,25
DA:169,25
DA:170,0
DA:174,25
DA:175,25
DA:176,25
DA:177,25
DA:178,25
DA:180,25
DA:181,25
DA:182,25
DA:185,25
DA:186,25
DA:187,25
DA:188,25
DA:192,25
DA:194,25
LF:80
LH:58
end_of_record
TN:
SF:/Users/lgo/dev/serftrunk/buckets/mmap_buckets.c
FN:37,serf_bucket_mmap_create
FN:52,serf_mmap_read
FN:84,serf_mmap_readline
FN:112,serf_mmap_peek
FN:132,serf_mmap_get_remaining
FNDA:5,serf_bucket_mmap_create
FNDA:15,serf_mmap_read
FNDA:48,serf_mmap_readline
FNDA:5,serf_mmap_peek
FNDA:0,serf_mmap_get_remaining
FNF:5
FNH:4
DA:43,5
DA:44,5
DA:45,5
DA:46,5
DA:47,5
DA:49,5
DA:56,15
DA:60,30
DA:61,0
DA:62,0
DA:64,15
DA:68,15
DA:69,15
DA:70,0
DA:72,15
DA:75,15
DA:76,15
DA:78,15
DA:79,2
DA:81,13
DA:82,15
DA:88,48
DA:93,48
DA:94,48
DA:95,0
DA:97,48
DA:99,48
DA:100,48
DA:101,48
DA:103,48
DA:104,48
DA:106,48
DA:107,3
DA:109,45
DA:110,48
DA:116,5
DA:121,5
DA:122,5
DA:123,0
DA:125,5
DA:126,5
DA:129,5
DA:130,5
DA:134,0
DA:135,0
LF:45
LH:38
end_of_record
TN:
SF:/Users/lgo/dev/serftrunk/buckets/prefix_buckets.c
FN:38,serf_bucket_prefix_create
FN:58,read_prefix
FN:140,serf_prefix_read
FN:160,serf_prefix_read_iovec
FN:182,serf_prefix_peek
FN:201,serf_prefix_get_remaining
FN:215,serf_prefix_set_config
FN:223,serf_prefix_destroy
FNDA:12,serf_bucket_prefix_create
FNDA:8,read_prefix
FNDA:4,serf_prefix_read
FNDA:9,serf_prefix_read_iovec
FNDA:0,serf_prefix_peek
FNDA:0,serf_prefix_get_remaining
FNDA:9,serf_prefix_set_config
FNDA:12,serf_prefix_destroy
FNF:8
FNH:6
DA:44,12
DA:46,12
DA:47,12
DA:48,12
DA:50,12
DA:51,12
DA:53,12
DA:55,12
DA:60,8
DA:65,8
DA:68,8
DA:70,10
DA:71,0
DA:72,14
DA:73,0
DA:75,10
DA:79,7
DA:81,14
DA:82,7
DA:84,7
DA:85,0
DA:87,7
DA:89,1
DA:91,0
DA:95,1
DA:96,1
DA:97,1
DA:99,1
DA:100,0
DA:103,1
DA:105,1
DA:107,1
DA:110,1
DA:111,0
DA:112,2
DA:113,0
DA:115,1
DA:116,1
DA:118,2
DA:122,1
DA:124,2
DA:125,1
DA:127,1
DA:128,1
DA:130,1
DA:131,0
DA:133,1
DA:135,0
DA:136,0
DA:138,8
DA:145,4
DA:147,4
DA:148,3
DA:150,3
DA:151,1
DA:152,3
DA:153,1
DA:155,2
DA:157,3
DA:158,4
DA:166,9
DA:168,9
DA:169,5
DA:171,5
DA:172,5
DA:173,15
DA:174,5
DA:176,0
DA:178,4
DA:180,9
DA:186,0
DA:188,0
DA:189,0
DA:191,0
DA:192,0
DA:193,0
DA:194,0
DA:196,0
DA:198,0
DA:199,0
DA:203,0
DA:206,0
DA:208,0
DA:209,0
DA:210,0
DA:212,0
DA:218,9
DA:220,9
DA:225,12
DA:227,12
DA:228,0
DA:230,12
DA:232,12
DA:233,12
LF:94
LH:66
end_of_record
TN:
SF:/Users/lgo/dev/serftrunk/buckets/request_buckets.c
FN:42,serf_bucket_request_create
FN:61,serf_bucket_request_set_CL
FN:70,serf_bucket_request_get_headers
FN:76,serf__bucket_request_read
FN:92,serf_bucket_request_set_root
FN:113,serialize_data
FN:165,serf_request_read
FN:176,serf_request_readline
FN:187,serf_request_read_iovec
FN:201,serf_request_read_bucket
FN:210,serf_request_peek
FN:223,serf_request_destroy
FN:236,serf_bucket_request_become
FN:256,serf_request_set_config
FN:307,serf_bucket_incoming_request_create
FN:324,serf_incoming_rq_parse_rqline
FN:372,serf_incoming_rq_parse_headerline
FN:397,serf_incoming_rq_wait_for
FN:476,serf_incoming_rq_read
FN:498,serf_incoming_rq_readline
FN:520,serf_incoming_rq_read_iovec
FN:544,serf_incoming_rq_peek
FN:571,serf_incoming_rq_destroy
FN:589,serf_bucket_incoming_request_read
FN:625,serf_bucket_incoming_request_wait_for_headers
FNDA:679,serf_bucket_request_create
FNDA:0,serf_bucket_request_set_CL
FNDA:684,serf_bucket_request_get_headers
FNDA:10,serf__bucket_request_read
FNDA:1,serf_bucket_request_set_root
FNDA:671,serialize_data
FNDA:0,serf_request_read
FNDA:0,serf_request_readline
FNDA:671,serf_request_read_iovec
FNDA:0,serf_request_read_bucket
FNDA:0,serf_request_peek
FNDA:8,serf_request_destroy
FNDA:0,serf_bucket_request_become
FNDA:674,serf_request_set_config
FNDA:13,serf_bucket_incoming_request_create
FNDA:13,serf_incoming_rq_parse_rqline
FNDA:32,serf_incoming_rq_parse_headerline
FNDA:28,serf_incoming_rq_wait_for
FNDA:28,serf_incoming_rq_read
FNDA:0,serf_incoming_rq_readline
FNDA:0,serf_incoming_rq_read_iovec
FNDA:0,serf_incoming_rq_peek
FNDA:0,serf_incoming_rq_destroy
FNDA:0,serf_bucket_incoming_request_read
FNDA:0,serf_bucket_incoming_request_wait_for_headers
FNF:25
FNH:13
DA:50,679
DA:51,679
DA:52,679
DA:53,679
DA:54,679
DA:55,679
DA:56,679
DA:58,679
DA:65,0
DA:67,0
DA:68,0
DA:73,684
DA:81,10
DA:83,10
DA:84,5
DA:85,10
DA:86,5
DA:87,10
DA:88,5
DA:89,10
DA:96,1
DA:99,1
DA:100,0
DA:103,1
DA:104,1
DA:106,0
DA:107,0
DA:108,0
DA:109,0
DA:111,1
DA:115,671
DA:120,671
DA:121,671
DA:122,671
DA:123,671
DA:124,671
DA:125,671
DA:126,671
DA:127,671
DA:129,671
DA:136,671
DA:137,671
DA:140,671
DA:141,671
DA:145,671
DA:147,0
DA:148,0
DA:149,0
DA:150,0
DA:151,0
DA:152,671
DA:154,652
DA:155,652
DA:156,652
DA:157,652
DA:162,671
DA:163,671
DA:170,0
DA:173,0
DA:181,0
DA:184,0
DA:194,671
DA:197,1342
DA:198,671
DA:205,0
DA:207,0
DA:215,0
DA:218,0
DA:225,8
DA:227,8
DA:229,8
DA:230,8
DA:231,8
DA:233,8
DA:234,8
DA:244,0
DA:245,0
DA:246,0
DA:247,0
DA:248,0
DA:250,0
DA:251,0
DA:254,0
DA:259,674
DA:261,674
DA:263,674
DA:313,13
DA:315,13
DA:316,13
DA:317,13
DA:318,13
DA:320,13
DA:321,13
DA:326,13
DA:330,13
DA:331,3
DA:333,10
DA:334,0
DA:339,10
DA:341,10
DA:342,20
DA:343,10
DA:345,0
DA:347,20
DA:348,10
DA:350,10
DA:351,20
DA:352,10
DA:354,0
DA:356,10
DA:359,10
DA:360,10
DA:362,0
DA:365,10
DA:367,10
DA:369,10
DA:370,13
DA:374,32
DA:377,32
DA:378,0
DA:380,32
DA:381,15
DA:382,15
DA:385,17
DA:387,34
DA:388,17
DA:390,17
DA:391,17
DA:394,17
DA:395,32
DA:400,28
DA:403,33
DA:406,5
DA:407,5
DA:409,150
DA:410,55
DA:412,13
DA:414,19
DA:415,0
DA:417,13
DA:418,26
DA:419,9
DA:420,10
DA:423,32
DA:425,42
DA:426,0
DA:428,32
DA:429,64
DA:430,15
DA:431,27
DA:440,10
DA:441,10
DA:443,15
DA:444,10
DA:445,5
DA:446,5
DA:447,5
DA:451,5
DA:453,5
DA:455,0
DA:456,0
DA:457,0
DA:459,0
DA:460,0
DA:461,0
DA:463,10
DA:465,10
DA:467,0
DA:469,0
DA:473,20
DA:474,28
DA:481,28
DA:484,28
DA:485,43
DA:486,13
DA:487,39
DA:490,15
DA:491,25
DA:492,5
DA:493,5
DA:494,5
DA:495,15
DA:496,28
DA:502,0
DA:505,0
DA:506,0
DA:507,0
DA:508,0
DA:509,0
DA:512,0
DA:513,0
DA:514,0
DA:515,0
DA:516,0
DA:517,0
DA:518,0
DA:526,0
DA:529,0
DA:530,0
DA:531,0
DA:532,0
DA:535,0
DA:537,0
DA:538,0
DA:539,0
DA:540,0
DA:541,0
DA:542,0
DA:548,0
DA:551,0
DA:552,0
DA:553,0
DA:555,0
DA:556,0
DA:557,0
DA:558,0
DA:560,0
DA:563,0
DA:564,0
DA:565,0
DA:566,0
DA:567,0
DA:568,0
DA:569,0
DA:573,0
DA:575,0
DA:576,0
DA:577,0
DA:578,0
DA:579,0
DA:580,0
DA:581,0
DA:582,0
DA:583,0
DA:584,0
DA:586,0
DA:587,0
DA:596,0
DA:599,0
DA:600,0
DA:601,0
DA:602,0
DA:603,0
DA:604,0
DA:605,0
DA:606,0
DA:607,0
DA:608,0
DA:610,0
DA:613,0
DA:614,0
DA:615,0
DA:616,0
DA:617,0
DA:618,0
DA:619,0
DA:620,0
DA:622,0
DA:623,0
DA:628,0
LF:260
LH:139
end_of_record
TN:
SF:/Users/lgo/dev/serftrunk/buckets/response_body_buckets.c
FN:39,serf_bucket_response_body_create
FN:51,serf_response_body_read
FN:88,serf_response_body_read_iovec
FN:130,serf_response_body_readline
FN:168,serf_response_body_peek
FN:184,serf_response_body_destroy
FN:193,serf_response_body_get_remaining
FN:200,serf_response_body_set_config
FNDA:20,serf_bucket_response_body_create
FNDA:19,serf_response_body_read
FNDA:1,serf_response_body_read_iovec
FNDA:1,serf_response_body_readline
FNDA:0,serf_response_body_peek
FNDA:20,serf_response_body_destroy
FNDA:0,serf_response_body_get_remaining
FNDA:3,serf_response_body_set_config
FNF:8
FNH:6
DA:44,20
DA:45,20
DA:46,20
DA:48,20
DA:56,19
DA:59,19
DA:60,0
DA:61,0
DA:64,29
DA:65,18
DA:66,18
DA:67,18
DA:68,0
DA:70,18
DA:72,19
DA:74,28
DA:75,19
DA:77,19
DA:78,15
DA:79,5
DA:81,1
DA:82,1
DA:83,19
DA:85,19
DA:86,19
DA:94,1
DA:97,1
DA:98,1
DA:99,1
DA:102,0
DA:103,0
DA:104,0
DA:105,0
DA:106,0
DA:108,0
DA:110,0
DA:113,0
DA:116,0
DA:117,0
DA:119,0
DA:120,0
DA:121,0
DA:123,0
DA:124,0
DA:125,0
DA:127,0
DA:128,1
DA:136,1
DA:140,1
DA:141,0
DA:142,0
DA:143,0
DA:146,1
DA:147,0
DA:149,1
DA:151,2
DA:152,1
DA:154,1
DA:155,1
DA:157,1
DA:158,1
DA:159,0
DA:161,0
DA:162,0
DA:163,1
DA:165,1
DA:166,1
DA:172,0
DA:175,0
DA:177,0
DA:178,0
DA:179,0
DA:181,0
DA:186,20
DA:188,20
DA:190,20
DA:191,20
DA:195,0
DA:197,0
DA:205,3
DA:207,3
LF:81
LH:46
end_of_record
TN:
SF:/Users/lgo/dev/serftrunk/buckets/response_buckets.c
FN:67,expect_body
FN:85,serf_bucket_response_create
FN:109,serf_bucket_response_set_head
FN:117,serf_bucket_response_decode_content
FN:125,serf_bucket_response_get_headers
FN:143,serf_response_destroy_and_data
FN:163,fetch_line
FN:168,parse_status_line
FN:209,fetch_headers
FN:266,run_machine
FN:489,wait_for_body
FN:508,serf_bucket_response_wait_for_headers
FN:516,serf_bucket_response_wait_for_some_headers
FN:557,serf_bucket_response_status
FN:588,serf_response_read
FN:623,serf_response_readline
FN:657,serf_response_read_iovec
FN:693,serf_response_peek
FN:718,serf_response_full_become_aggregate
FN:754,serf_response_set_config
FN:764,serf__bucket_response_set_error_on_eof
FN:797,serf_bucket_outgoing_response_create
FN:818,serf_bucket_outgoing_response_get_headers
FN:826,serf_bucket_outgoing_response_prepare
FN:874,serialize_outgoing_response
FN:919,serf_outgoing_resp_read
FN:929,serf_outgoing_resp_read_iovec
FN:941,serf_outgoing_resp_readline
FN:952,serf_outgoing_resp_peek
FN:961,serf_outgoing_resp_set_config
FN:973,serf_outgoing_resp_destroy
FNDA:1871,expect_body
FNDA:1887,serf_bucket_response_create
FNDA:3,serf_bucket_response_set_head
FNDA:0,serf_bucket_response_decode_content
FNDA:451,serf_bucket_response_get_headers
FNDA:1881,serf_response_destroy_and_data
FNDA:46921,fetch_line
FNDA:1881,parse_status_line
FNDA:44815,fetch_headers
FNDA:48810,run_machine
FNDA:13623,wait_for_body
FNDA:104,serf_bucket_response_wait_for_headers
FNDA:5,serf_bucket_response_wait_for_some_headers
FNDA:154,serf_bucket_response_status
FNDA:13518,serf_response_read
FNDA:1,serf_response_readline
FNDA:0,serf_response_read_iovec
FNDA:0,serf_response_peek
FNDA:1,serf_response_full_become_aggregate
FNDA:392,serf_response_set_config
FNDA:11,serf__bucket_response_set_error_on_eof
FNDA:10,serf_bucket_outgoing_response_create
FNDA:10,serf_bucket_outgoing_response_get_headers
FNDA:5,serf_bucket_outgoing_response_prepare
FNDA:10,serialize_outgoing_response
FNDA:0,serf_outgoing_resp_read
FNDA:2,serf_outgoing_resp_read_iovec
FNDA:5,serf_outgoing_resp_readline
FNDA:3,serf_outgoing_resp_peek
FNDA:5,serf_outgoing_resp_set_config
FNDA:0,serf_outgoing_resp_destroy
FNF:31
FNH:26
DA:69,1871
DA:70,3
DA:73,1868
DA:74,2
DA:79,1866
DA:80,2
DA:82,1864
DA:83,1871
DA:91,1887
DA:92,1887
DA:93,1887
DA:94,1887
DA:95,1887
DA:96,1887
DA:97,1887
DA:98,1887
DA:99,1887
DA:100,1887
DA:101,1887
DA:102,1887
DA:104,1887
DA:106,1887
DA:112,3
DA:114,3
DA:115,3
DA:120,0
DA:122,0
DA:123,0
DA:127,451
DA:129,451
DA:131,14
DA:132,14
DA:133,14
DA:134,14
DA:136,14
DA:137,14
DA:139,451
DA:145,1881
DA:147,1881
DA:148,1865
DA:149,1865
DA:151,1881
DA:152,1881
DA:153,1865
DA:155,1881
DA:156,1880
DA:157,3761
DA:158,1
DA:160,1881
DA:161,1881
DA:165,46921
DA:174,1881
DA:175,8
DA:176,8
DA:177,8
DA:183,1881
DA:184,1881
DA:186,2
DA:189,1879
DA:191,1879
DA:192,3758
DA:193,0
DA:196,7512
DA:197,1877
DA:201,3758
DA:202,1879
DA:203,1879
DA:205,1879
DA:206,1881
DA:216,44815
DA:218,44815
DA:219,0
DA:220,50185
DA:221,0
DA:225,88432
DA:229,39928
DA:230,39928
DA:232,0
DA:236,39928
DA:239,159710
DA:241,79853
DA:243,39926
DA:245,39927
DA:249,39928
DA:250,39928
DA:251,39928
DA:252,39928
DA:253,39928
DA:255,44815
DA:256,44815
DA:268,50679
DA:270,50679
DA:276,2106
DA:279,2106
DA:280,0
DA:281,2566
DA:282,13
DA:284,2093
DA:286,1881
DA:287,1881
DA:288,2
DA:291,1879
DA:292,0
DA:293,0
DA:294,0
DA:295,0
DA:299,1879
DA:300,1879
DA:306,212
DA:307,6
DA:310,2085
DA:315,1879
DA:318,1879
DA:321,1879
DA:322,10
DA:323,0
DA:325,10
DA:327,10
DA:328,10
DA:329,1869
DA:330,1862
DA:331,1862
DA:332,1862
DA:334,1879
DA:335,1872
DA:337,1879
DA:340,42991
DA:341,45440
DA:342,0
DA:347,84786
DA:348,41122
DA:351,1869
DA:357,1879
DA:358,1879
DA:360,1879
DA:362,5
DA:363,5
DA:364,5
DA:366,3758
DA:370,8
DA:371,8
DA:372,8
DA:373,8
DA:376,1871
DA:380,1871
DA:381,7
DA:382,7
DA:383,7
DA:384,7
DA:387,1864
DA:388,1864
DA:391,1864
DA:396,1864
DA:397,1834
DA:398,1834
DA:399,1834
DA:401,7336
DA:402,1834
DA:404,1834
DA:405,1834
DA:406,0
DA:407,0
DA:410,1834
DA:411,1834
DA:413,1864
DA:414,1834
DA:415,3668
DA:416,1834
DA:417,1834
DA:418,1834
DA:424,30
DA:426,30
DA:428,20
DA:429,20
DA:430,0
DA:432,20
DA:433,20
DA:434,20
DA:439,1864
DA:440,0
DA:441,0
DA:443,0
DA:444,0
DA:446,1864
DA:448,1866
DA:450,4
DA:451,2
DA:452,2
DA:454,2
DA:455,2
DA:456,0
DA:457,0
DA:458,0
DA:460,0
DA:461,0
DA:462,2
DA:464,1864
DA:467,0
DA:469,1824
DA:470,4745
DA:471,0
DA:474,3646
DA:475,1820
DA:476,1820
DA:478,4
DA:480,0
DA:483,0
DA:486,46969
DA:487,48810
DA:494,118084
DA:495,48660
DA:500,48660
DA:501,3241
DA:505,10382
DA:506,13623
DA:511,104
DA:513,104
DA:520,5
DA:522,5
DA:526,3
DA:527,1
DA:530,2
DA:531,2
DA:535,2
DA:536,2
DA:537,2
DA:541,63
DA:542,40
DA:544,17
DA:549,17
DA:550,0
DA:554,4
DA:555,5
DA:561,154
DA:564,154
DA:566,21
DA:567,21
DA:576,133
DA:577,133
DA:578,100
DA:579,100
DA:582,33
DA:585,133
DA:586,154
DA:592,13518
DA:595,13518
DA:596,13518
DA:598,3241
DA:599,3241
DA:602,10277
DA:603,13044
DA:604,5
DA:606,20544
DA:607,1846
DA:608,1821
DA:610,1821
DA:611,1821
DA:612,25
DA:614,1846
DA:617,15360
DA:618,3
DA:620,13510
DA:621,13518
DA:627,1
DA:630,1
DA:631,1
DA:632,0
DA:633,0
DA:637,1
DA:639,2
DA:640,1
DA:641,0
DA:643,0
DA:644,0
DA:646,1
DA:648,1
DA:651,2
DA:652,0
DA:654,1
DA:655,1
DA:663,0
DA:666,0
DA:667,0
DA:668,0
DA:669,0
DA:672,0
DA:675,0
DA:676,0
DA:677,0
DA:679,0
DA:680,0
DA:682,0
DA:684,0
DA:687,0
DA:688,0
DA:690,0
DA:691,0
DA:697,0
DA:700,0
DA:701,0
DA:702,0
DA:703,0
DA:705,0
DA:706,0
DA:708,0
DA:711,0
DA:712,0
DA:713,0
DA:715,0
DA:716,0
DA:720,1
DA:725,1
DA:728,2
DA:729,1
DA:730,1
DA:731,1
DA:732,2
DA:733,1
DA:734,1
DA:735,2
DA:736,1
DA:737,1
DA:738,1
DA:740,1
DA:743,1
DA:744,1
DA:746,1
DA:747,1
DA:748,1
DA:749,1
DA:751,1
DA:757,392
DA:759,392
DA:761,392
DA:767,11
DA:768,11
DA:769,11
DA:804,10
DA:806,10
DA:807,10
DA:808,10
DA:810,10
DA:811,30
DA:812,10
DA:814,10
DA:815,10
DA:821,10
DA:823,10
DA:831,5
DA:834,5
DA:835,0
DA:837,15
DA:838,0
DA:840,10
DA:841,10
DA:843,0
DA:846,5
DA:847,0
DA:849,5
DA:853,5
DA:855,5
DA:857,5
DA:858,5
DA:859,0
DA:860,0
DA:861,0
DA:862,0
DA:864,0
DA:870,5
DA:876,10
DA:880,10
DA:881,10
DA:887,20
DA:888,10
DA:889,10
DA:890,10
DA:892,10
DA:893,10
DA:894,10
DA:895,10
DA:896,10
DA:897,10
DA:899,20
DA:900,10
DA:904,10
DA:905,10
DA:906,20
DA:907,10
DA:908,10
DA:910,10
DA:911,10
DA:913,10
DA:914,10
DA:916,10
DA:917,10
DA:924,0
DA:926,0
DA:935,2
DA:937,4
DA:938,2
DA:947,5
DA:949,5
DA:956,3
DA:958,3
DA:964,5
DA:965,5
DA:967,5
DA:968,5
DA:970,5
DA:975,0
DA:977,0
DA:978,0
DA:979,0
DA:981,0
DA:982,0
DA:984,0
DA:985,0
LF:417
LH:331
end_of_record
TN:
SF:/Users/lgo/dev/serftrunk/buckets/simple_buckets.c
FN:40,free_copied_data
FN:45,serf_bucket_simple_create
FN:63,serf_bucket_simple_copy_create
FN:81,serf_bucket_simple_own_create
FN:98,serf_simple_read
FN:116,serf_simple_readline
FN:132,serf_simple_peek
FN:146,serf_simple_destroy
FN:156,serf_simple_get_remaining
FNDA:2324,free_copied_data
FNDA:5575,serf_bucket_simple_create
FNDA:1256,serf_bucket_simple_copy_create
FNDA:1068,serf_bucket_simple_own_create
FNDA:9338,serf_simple_read
FNDA:218,serf_simple_readline
FNDA:638,serf_simple_peek
FNDA:7899,serf_simple_destroy
FNDA:243,serf_simple_get_remaining
FNF:9
FNH:9
DA:42,2324
DA:43,2324
DA:54,5575
DA:55,5575
DA:56,5575
DA:57,5575
DA:58,5575
DA:60,5575
DA:69,1256
DA:71,1256
DA:72,1256
DA:74,1256
DA:75,1256
DA:76,1256
DA:78,1256
DA:87,1068
DA:89,1068
DA:91,1068
DA:92,1068
DA:93,1068
DA:95,1068
DA:102,9338
DA:104,13696
DA:105,6795
DA:107,9338
DA:108,9338
DA:110,9338
DA:111,9338
DA:113,9338
DA:120,218
DA:123,218
DA:124,218
DA:127,218
DA:129,218
DA:136,638
DA:139,638
DA:140,638
DA:143,638
DA:148,7899
DA:150,7899
DA:151,2324
DA:153,7899
DA:154,7899
DA:158,243
DA:159,243
LF:45
LH:45
end_of_record
TN:
SF:/Users/lgo/dev/serftrunk/buckets/socket_buckets.c
FN:40,socket_reader
FN:55,serf_bucket_socket_create
FN:74,serf_bucket_socket_set_read_progress_cb
FN:85,serf_socket_read
FN:94,serf_socket_readline
FN:103,serf_socket_peek
FNDA:2093,socket_reader
FNDA:145,serf_bucket_socket_create
FNDA:25,serf_bucket_socket_set_read_progress_cb
FNDA:5222,serf_socket_read
FNDA:2782,serf_socket_readline
FNDA:11,serf_socket_peek
FNF:6
FNH:6
DA:43,2093
DA:46,2093
DA:47,2093
DA:49,2177
DA:50,53
DA:52,2093
DA:62,145
DA:63,145
DA:65,145
DA:66,145
DA:67,145
DA:69,145
DA:70,145
DA:71,145
DA:79,25
DA:81,25
DA:82,25
DA:83,25
DA:89,5222
DA:91,5222
DA:98,2782
DA:100,2782
DA:107,11
DA:109,11
LF:24
LH:24
end_of_record
TN:
SF:/Users/lgo/dev/serftrunk/buckets/split_buckets.c
FN:48,split_detach_head
FN:87,serf_split_read
FN:151,serf_split_read_iovec
FN:221,serf_split_peek
FN:274,serf_split_get_remaining
FN:341,serf_split_destroy
FN:385,serf_split_set_config
FN:413,serf_bucket_split_create
FNDA:586,split_detach_head
FNDA:694,serf_split_read
FNDA:5,serf_split_read_iovec
FNDA:578,serf_split_peek
FNDA:0,serf_split_get_remaining
FNDA:586,serf_split_destroy
FNDA:4,serf_split_set_config
FNDA:581,serf_bucket_split_create
FNF:8
FNH:7
DA:50,586
DA:52,1172
DA:53,0
DA:55,586
DA:57,581
DA:58,581
DA:62,581
DA:63,0
DA:64,0
DA:66,0
DA:67,0
DA:68,0
DA:69,581
DA:72,0
DA:73,0
DA:74,0
DA:75,581
DA:77,5
DA:79,5
DA:80,5
DA:83,586
DA:84,586
DA:85,1172
DA:92,694
DA:93,694
DA:96,1388
DA:97,0
DA:98,0
DA:99,0
DA:100,0
DA:102,694
DA:104,0
DA:105,0
DA:106,0
DA:107,0
DA:109,0
DA:112,1388
DA:113,1388
DA:115,693
DA:116,693
DA:118,694
DA:120,696
DA:121,694
DA:122,694
DA:124,1388
DA:125,1388
DA:127,577
DA:128,577
DA:129,577
DA:130,577
DA:131,117
DA:132,2
DA:134,2
DA:137,0
DA:138,0
DA:141,2
DA:143,2
DA:144,694
DA:146,0
DA:148,694
DA:149,694
DA:157,5
DA:158,5
DA:161,10
DA:162,0
DA:163,0
DA:164,0
DA:166,5
DA:168,1
DA:169,2
DA:170,0
DA:172,1
DA:175,6
DA:176,6
DA:178,2
DA:179,2
DA:181,4
DA:184,7
DA:185,4
DA:188,14
DA:189,3
DA:191,4
DA:192,4
DA:194,6
DA:195,6
DA:197,2
DA:198,2
DA:199,2
DA:200,2
DA:201,2
DA:202,2
DA:204,2
DA:207,0
DA:208,0
DA:211,2
DA:213,2
DA:214,4
DA:216,0
DA:218,4
DA:219,5
DA:225,578
DA:226,578
DA:229,1156
DA:230,0
DA:231,0
DA:232,0
DA:233,0
DA:235,578
DA:237,0
DA:238,0
DA:239,0
DA:240,0
DA:242,0
DA:245,578
DA:247,583
DA:249,579
DA:250,579
DA:256,1
DA:258,3
DA:259,1
DA:260,1
DA:262,1
DA:263,1
DA:264,1
DA:266,578
DA:267,578
DA:269,0
DA:271,578
DA:272,578
DA:276,0
DA:277,0
DA:281,0
DA:282,0
DA:284,0
DA:286,0
DA:287,0
DA:289,0
DA:290,0
DA:294,0
DA:296,0
DA:297,0
DA:299,0
DA:301,0
DA:303,0
DA:305,0
DA:306,0
DA:309,0
DA:310,0
DA:312,0
DA:315,0
DA:317,0
DA:320,0
DA:321,0
DA:322,0
DA:325,0
DA:326,0
DA:328,0
DA:331,0
DA:334,0
DA:335,0
DA:338,0
DA:339,0
DA:343,586
DA:344,586
DA:347,586
DA:348,589
DA:351,0
DA:352,0
DA:354,586
DA:355,586
DA:360,0
DA:366,0
DA:367,0
DA:368,0
DA:372,0
DA:373,0
DA:374,0
DA:376,0
DA:378,0
DA:379,0
DA:382,586
DA:383,586
DA:388,4
DA:389,4
DA:391,8
DA:392,2
DA:394,2
DA:395,4
DA:421,581
DA:423,581
DA:424,581
DA:426,581
DA:427,576
DA:428,576
DA:429,576
DA:431,576
DA:432,576
DA:433,576
DA:434,576
DA:436,5
DA:437,5
DA:439,5
DA:440,5
DA:441,5
DA:443,5
DA:444,5
DA:446,10
DA:447,5
DA:450,581
DA:452,581
DA:453,581
DA:455,1743
DA:456,1743
DA:459,581
DA:460,581
DA:461,581
LF:216
LH:133
end_of_record
TN:
SF:/Users/lgo/dev/serftrunk/buckets/ssl_buckets.c
FN:211,apps_ssl_info_callback
FN:288,detect_renegotiate
FN:305,log_ssl_error
FN:314,bio_bucket_read
FN:357,bio_bucket_write
FN:385,bio_file_read
FN:407,bio_file_write
FN:420,bio_file_gets
FN:436,bio_bucket_create
FN:446,bio_bucket_destroy
FN:456,bio_bucket_ctrl
FN:510,ocsp_callback
FN:606,get_subject_alt_names
FN:654,validate_cert_hostname
FN:679,validate_server_certificate
FN:853,status_from_ssl_error
FN:916,ssl_handshake
FN:950,ssl_decrypt
FN:1062,ssl_encrypt
FN:1237,ssl_dyn_create
FN:1250,ssl_dyn_lock
FN:1261,ssl_dyn_destroy
FN:1267,ssl_lock
FN:1277,ssl_id
FN:1283,cleanup_ssl
FN:1309,init_ssl_libraries
FN:1377,ssl_need_client_cert
FN:1511,serf_ssl_client_cert_provider_set
FN:1527,serf_ssl_client_cert_password_set
[...]
FN:196,extract_cert_from_pem
FN:255,test_ssl_cert_export
FN:313,validate_servercert
FN:343,validate_cacert
FN:373,validate_rootcacert
FN:404,ssl_server_cert_cb_expect_failures
FN:420,ssl_server_cert_cb_expect_allok
FN:434,ssl_server_cert_cb_reject
FN:445,test_ssl_handshake
FN:484,test_ssl_handshake_nosslv2
FN:540,https_set_root_ca_conn_setup
FN:570,test_ssl_trust_rootca
FN:602,test_ssl_application_rejects_cert
FN:639,cert_chain_cb
FN:672,chain_rootca_callback_conn_setup
FN:697,test_ssl_certificate_chain_with_anchor
FN:729,cert_chain_all_certs_cb
FN:742,chain_callback_conn_setup
FN:766,test_ssl_certificate_chain_all_from_server
FN:800,test_ssl_no_servercert_callback_allok
FN:831,test_ssl_no_servercert_callback_fail
FN:865,test_ssl_large_response
FN:900,test_ssl_large_request
FN:933,client_cert_cb
FN:944,client_cert_pw_cb
FN:963,client_cert_conn_setup
FN:990,test_ssl_client_certificate
FN:1032,test_ssl_expired_server_cert
FN:1076,test_ssl_future_server_cert
FN:1121,https_load_crl_conn_setup
FN:1147,ssl_server_cert_cb_log_failures
FN:1174,test_ssl_revoked_server_cert
FN:1235,test_setup_ssltunnel
FN:1279,test_ssltunnel_no_creds_cb
FN:1315,ssltunnel_basic_authn_callback
FN:1358,ssltunnel_basic_auth
FN:1432,test_ssltunnel_basic_auth
FN:1438,test_ssltunnel_basic_auth_server_has_keepalive_off
FN:1444,test_ssltunnel_basic_auth_proxy_has_keepalive_off
FN:1450,test_ssltunnel_basic_auth_proxy_close_conn_on_200resp
FN:1457,basic_authn_callback_2ndtry
FN:1511,test_ssltunnel_basic_auth_2ndtry
FN:1587,proxy_digest_authn_callback
FN:1614,simple_md5
FN:1635,test_ssltunnel_digest_auth
FN:1716,test_ssltunnel_spnego_authn
FN:1756,test_server_spnego_authn
FN:1788,test_ssl_renegotiate
FN:1836,test_ssl_missing_client_certificate
FN:1872,handle_response_set_flag
FN:1896,test_connect_to_non_http_server
FN:1937,ocsp_response_cb_expect_failures
FN:1961,test_ssl_ocsp_response_error_and_override
FN:2004,test_ssl_server_cert_with_cn_nul_byte
FN:2047,test_ssl_server_cert_with_san_nul_byte
FN:2090,test_ssl_server_cert_with_cnsan_nul_byte
FN:2132,test_ssl_server_cert_with_san_and_empty_cb
FN:2167,http11_select_protocol
FN:2181,http11_alpn_setup
FN:2208,test_ssl_alpn_negotiate
FN:2256,test_ssl
FNDA:1,test_ssl_init
FNDA:1,test_ssl_load_cert_file
FNDA:1,test_ssl_cert_subject
FNDA:1,test_ssl_cert_issuer
FNDA:1,test_ssl_cert_certificate
FNDA:1,extract_cert_from_pem
FNDA:1,test_ssl_cert_export
FNDA:5,validate_servercert
FNDA:5,validate_cacert
FNDA:5,validate_rootcacert
FNDA:16,ssl_server_cert_cb_expect_failures
FNDA:9,ssl_server_cert_cb_expect_allok
FNDA:1,ssl_server_cert_cb_reject
FNDA:1,test_ssl_handshake
FNDA:1,test_ssl_handshake_nosslv2
FNDA:19,https_set_root_ca_conn_setup
FNDA:1,test_ssl_trust_rootca
FNDA:1,test_ssl_application_rejects_cert
FNDA:5,cert_chain_cb
FNDA:1,chain_rootca_callback_conn_setup
FNDA:1,test_ssl_certificate_chain_with_anchor
FNDA:4,cert_chain_all_certs_cb
FNDA:2,chain_callback_conn_setup
FNDA:1,test_ssl_certificate_chain_all_from_server
FNDA:1,test_ssl_no_servercert_callback_allok
FNDA:1,test_ssl_no_servercert_callback_fail
FNDA:1,test_ssl_large_response
FNDA:1,test_ssl_large_request
FNDA:1,client_cert_cb
FNDA:1,client_cert_pw_cb
FNDA:1,client_cert_conn_setup
FNDA:1,test_ssl_client_certificate
FNDA:1,test_ssl_expired_server_cert
FNDA:1,test_ssl_future_server_cert
FNDA:1,https_load_crl_conn_setup
FNDA:4,ssl_server_cert_cb_log_failures
FNDA:1,test_ssl_revoked_server_cert
FNDA:1,test_setup_ssltunnel
FNDA:1,test_ssltunnel_no_creds_cb
FNDA:8,ssltunnel_basic_authn_callback
FNDA:4,ssltunnel_basic_auth
FNDA:1,test_ssltunnel_basic_auth
FNDA:1,test_ssltunnel_basic_auth_server_has_keepalive_off
FNDA:1,test_ssltunnel_basic_auth_proxy_has_keepalive_off
FNDA:1,test_ssltunnel_basic_auth_proxy_close_conn_on_200resp
FNDA:2,basic_authn_callback_2ndtry
FNDA:1,test_ssltunnel_basic_auth_2ndtry
FNDA:1,proxy_digest_authn_callback
FNDA:3,simple_md5
FNDA:1,test_ssltunnel_digest_auth
FNDA:1,test_ssltunnel_spnego_authn
FNDA:1,test_server_spnego_authn
FNDA:1,test_ssl_renegotiate
FNDA:1,test_ssl_missing_client_certificate
FNDA:1,handle_response_set_flag
FNDA:1,test_connect_to_non_http_server
FNDA:3,ocsp_response_cb_expect_failures
FNDA:1,test_ssl_ocsp_response_error_and_override
FNDA:1,test_ssl_server_cert_with_cn_nul_byte
FNDA:1,test_ssl_server_cert_with_san_nul_byte
FNDA:1,test_ssl_server_cert_with_cnsan_nul_byte
FNDA:1,test_ssl_server_cert_with_san_and_empty_cb
FNDA:1,http11_select_protocol
FNDA:1,http11_alpn_setup
FNDA:1,test_ssl_alpn_negotiate
FNDA:1,test_ssl
FNF:66
FNH:66
DA:48,1
DA:56,1
DA:58,1
DA:59,1
DA:61,2
DA:62,1
DA:63,1
DA:65,2
DA:66,1
DA:68,1
DA:70,1
DA:72,1
DA:73,1
DA:74,1
DA:80,1
DA:81,1
DA:83,1
DA:84,1
DA:86,1
DA:87,1
DA:88,1
DA:93,1
DA:95,1
DA:99,1
DA:100,1
DA:102,1
DA:104,1
DA:105,1
DA:107,1
DA:108,1
DA:110,1
DA:112,1
DA:114,1
DA:116,1
DA:118,1
DA:120,1
DA:122,1
DA:124,1
DA:129,1
DA:131,1
DA:135,1
DA:136,1
DA:138,1
DA:140,1
DA:141,1
DA:143,1
DA:144,1
DA:147,1
DA:149,1
DA:151,1
DA:153,1
DA:155,1
DA:157,1
DA:159,1
DA:161,1
DA:167,1
DA:169,1
DA:174,1
DA:175,1
DA:177,1
DA:178,1
DA:179,1
DA:181,1
DA:182,1
DA:184,1
DA:186,1
DA:188,1
DA:192,1
DA:193,1
DA:194,1
DA:201,1
DA:202,1
DA:203,1
DA:204,1
DA:205,1
DA:207,1
DA:211,1
DA:212,1
DA:213,267
DA:218,66
DA:220,67
DA:221,0
DA:223,66
DA:224,45
DA:225,1
DA:226,66
DA:227,21
DA:228,1
DA:230,40
DA:231,40
DA:232,40
DA:235,20
DA:236,20
DA:237,20
DA:239,0
DA:240,0
DA:241,0
DA:244,21
DA:247,1
DA:249,1
DA:250,1
DA:252,0
DA:253,1
DA:257,1
DA:258,1
DA:267,1
DA:268,1
DA:270,1
DA:271,1
DA:272,1
DA:276,1
DA:277,1
DA:279,1
DA:280,1
DA:282,1
DA:283,1
DA:284,1
DA:286,1
DA:287,1
DA:288,1
DA:290,1
DA:292,1
DA:295,1
DA:317,5
DA:318,10
DA:319,10
DA:320,0
DA:321,10
DA:322,10
DA:323,0
DA:324,10
DA:325,10
DA:326,0
DA:327,10
DA:328,10
DA:329,0
DA:330,10
DA:331,10
DA:332,0
DA:333,10
DA:334,10
DA:335,0
DA:336,10
DA:337,10
DA:338,0
DA:340,5
DA:341,5
DA:347,5
DA:348,10
DA:349,10
DA:350,0
DA:351,10
DA:352,10
DA:353,0
DA:354,10
DA:355,10
DA:356,0
DA:357,10
DA:358,10
DA:359,0
DA:360,10
DA:361,10
DA:362,0
DA:363,10
DA:364,10
DA:365,0
DA:366,10
DA:367,10
DA:368,0
DA:370,5
DA:371,5
DA:377,5
DA:378,10
DA:379,10
DA:380,0
DA:381,10
DA:382,10
DA:383,0
DA:384,10
DA:385,10
DA:386,0
DA:387,10
DA:388,10
DA:389,0
DA:390,10
DA:391,10
DA:392,0
DA:393,10
DA:394,10
DA:395,0
DA:396,10
DA:397,10
DA:398,0
DA:400,5
DA:401,5
DA:407,16
DA:408,16
DA:410,16
DA:413,16
DA:414,16
DA:416,0
DA:417,16
DA:423,9
DA:424,9
DA:427,9
DA:428,2
DA:430,7
DA:431,9
DA:437,1
DA:438,1
DA:440,1
DA:447,1
DA:449,1
DA:457,1
DA:460,2
DA:462,1
DA:463,1
DA:468,1
DA:469,1
DA:471,1
DA:472,1
DA:474,1
DA:475,1
DA:477,1
DA:479,2
DA:480,1
DA:481,1
DA:486,1
DA:488,1
DA:496,1
DA:498,1
DA:499,1
DA:508,1
DA:509,1
DA:510,1
DA:512,2
DA:514,1
DA:515,1
DA:520,1
DA:521,1
DA:523,1
DA:524,1
DA:526,1
DA:527,1
DA:529,1
DA:531,2
DA:532,1
DA:533,1
DA:535,1
DA:547,19
DA:550,38
DA:551,19
DA:552,19
DA:553,0
DA:555,19
DA:556,19
DA:558,19
DA:559,19
DA:560,0
DA:561,19
DA:562,19
DA:563,0
DA:565,19
DA:566,19
DA:572,1
DA:574,1
DA:578,1
DA:581,2
DA:584,1
DA:585,1
DA:587,1
DA:588,1
DA:590,1
DA:591,1
DA:593,1
DA:595,2
DA:596,1
DA:597,1
DA:598,1
DA:604,1
DA:606,1
DA:612,1
DA:615,2
DA:618,1
DA:619,1
DA:621,1
DA:622,1
DA:624,1
DA:625,1
DA:627,1
DA:629,2
DA:630,1
DA:631,1
DA:633,1
DA:635,1
DA:645,5
DA:648,5
DA:650,5
DA:651,0
DA:653,5
DA:654,0
DA:656,5
DA:657,5
DA:658,0
DA:660,5
DA:661,5
DA:662,0
DA:664,5
DA:665,5
DA:666,0
DA:668,5
DA:669,5
DA:678,1
DA:681,2
DA:682,1
DA:683,1
DA:684,0
DA:686,2
DA:689,1
DA:691,1
DA:692,1
DA:699,1
DA:701,1
DA:705,1
DA:708,2
DA:711,1
DA:712,1
DA:714,1
DA:715,1
DA:717,1
DA:718,1
DA:720,1
DA:722,2
DA:723,1
DA:724,1
DA:725,1
DA:726,1
DA:736,4
DA:738,4
DA:748,2
DA:751,4
DA:752,2
DA:753,2
DA:754,0
DA:756,4
DA:759,2
DA:761,2
DA:762,2
DA:768,1
DA:770,1
DA:774,1
DA:777,2
DA:780,1
DA:781,1
DA:783,1
DA:784,1
DA:786,1
DA:787,1
DA:789,1
DA:791,2
DA:792,1
DA:794,1
DA:795,1
DA:796,1
DA:802,1
DA:804,1
DA:808,1
DA:811,2
DA:814,1
DA:815,1
DA:817,1
DA:818,1
DA:820,1
DA:821,1
DA:823,1
DA:825,2
DA:826,1
DA:827,1
DA:833,1
DA:835,1
DA:839,1
DA:842,2
DA:846,1
DA:847,1
DA:849,1
DA:850,1
DA:852,1
DA:853,1
DA:855,1
DA:857,2
DA:858,1
DA:860,1
DA:861,1
DA:867,1
DA:869,1
DA:874,1
DA:877,2
DA:880,1
DA:881,1
DA:884,1
DA:886,1
DA:887,1
DA:888,1
DA:889,1
DA:891,1
DA:894,2
DA:895,1
DA:896,1
DA:902,1
DA:904,1
DA:909,1
DA:912,2
DA:915,1
DA:916,1
DA:919,1
DA:920,1
DA:921,1
DA:922,1
DA:923,1
DA:924,1
DA:926,1
DA:927,1
DA:929,2
DA:930,1
DA:931,1
DA:935,1
DA:937,1
DA:939,1
DA:941,1
DA:948,1
DA:950,1
DA:952,3
DA:953,2
DA:955,1
DA:956,1
DA:959,0
DA:960,1
DA:969,1
DA:972,2
DA:973,1
DA:974,1
DA:975,0
DA:977,2
DA:979,1
DA:980,1
DA:982,2
DA:984,1
DA:985,1
DA:987,1
DA:988,1
DA:992,1
DA:994,1
DA:1001,1
DA:1004,2
DA:1007,1
DA:1008,1
DA:1010,1
DA:1011,1
DA:1014,1
DA:1016,1
DA:1017,1
DA:1019,1
DA:1021,2
DA:1022,1
DA:1023,1
DA:1024,1
DA:1025,1
DA:1026,1
DA:1028,1
DA:1034,1
DA:1036,1
DA:1047,1
DA:1050,2
DA:1053,1
DA:1054,1
DA:1056,1
DA:1058,1
DA:1060,1
DA:1061,1
DA:1063,1
DA:1064,1
DA:1066,1
DA:1068,2
DA:1069,1
DA:1070,1
DA:1072,1
DA:1078,1
DA:1080,1
DA:1091,1
DA:1094,2
DA:1097,1
DA:1098,1
DA:1100,1
DA:1102,1
DA:1104,1
DA:1105,1
DA:1107,1
DA:1108,1
DA:1110,1
DA:1112,2
DA:1113,1
DA:1114,1
DA:1115,1
DA:1127,1
DA:1130,2
DA:1131,1
DA:1132,1
DA:1133,0
DA:1136,2
DA:1137,1
DA:1139,1
DA:1141,1
DA:1142,1
DA:1150,4
DA:1151,4
DA:1152,4
DA:1155,4
DA:1157,1
DA:1158,1
DA:1159,4
DA:1161,4
DA:1162,0
DA:1165,4
DA:1166,4
DA:1168,4
DA:1170,4
DA:1171,4
DA:1176,1
DA:1178,1
DA:1195,1
DA:1207,2
DA:1210,1
DA:1211,1
DA:1213,1
DA:1214,1
DA:1216,1
DA:1217,1
DA:1219,1
DA:1221,2
DA:1222,1
DA:1223,1
DA:1224,8
DA:1225,3
DA:1227,3
DA:1230,3
DA:1231,1
DA:1237,1
DA:1240,1
DA:1245,1
DA:1248,1
DA:1249,1
DA:1254,1
DA:1255,1
DA:1256,1
DA:1258,1
DA:1260,1
DA:1261,1
DA:1263,1
DA:1264,1
DA:1265,1
DA:1266,1
DA:1268,2
DA:1269,1
DA:1272,4
DA:1273,1
DA:1274,1
DA:1275,1
DA:1276,1
DA:1281,1
DA:1283,1
DA:1288,1
DA:1291,1
DA:1292,1
DA:1297,1
DA:1298,1
DA:1299,1
DA:1301,1
DA:1304,1
DA:1305,1
DA:1306,1
DA:1309,2
DA:1310,1
DA:1311,1
DA:1312,1
DA:1322,8
DA:1323,8
DA:1325,8
DA:1327,8
DA:1329,8
DA:1330,0
DA:1332,8
DA:1333,12
DA:1334,8
DA:1335,0
DA:1337,4
DA:1338,4
DA:1339,4
DA:1340,4
DA:1341,16
DA:1342,12
DA:1343,0
DA:1345,4
DA:1346,4
DA:1347,4
DA:1348,0
DA:1350,8
DA:1352,8
DA:1353,8
DA:1362,4
DA:1369,4
DA:1372,4
DA:1373,4
DA:1378,4
DA:1379,4
DA:1381,4
DA:1382,4
DA:1383,4
DA:1384,4
DA:1387,4
DA:1389,4
DA:1390,4
DA:1391,4
DA:1394,4
DA:1398,4
DA:1402,4
DA:1406,4
DA:1408,4
DA:1409,4
DA:1411,4
DA:1415,4
DA:1416,4
DA:1418,8
DA:1419,4
DA:1420,4
DA:1421,4
DA:1422,4
DA:1425,4
DA:1426,4
DA:1427,4
DA:1429,4
DA:1430,4
DA:1435,1
DA:1436,1
DA:1441,1
DA:1442,1
DA:1447,1
DA:1448,1
DA:1453,1
DA:1454,1
DA:1464,2
DA:1465,2
DA:1466,2
DA:1468,2
DA:1470,2
DA:1472,2
DA:1473,0
DA:1475,2
DA:1476,0
DA:1477,0
DA:1478,0
DA:1480,0
DA:1481,0
DA:1482,0
DA:1483,2
DA:1484,8
DA:1485,6
DA:1486,0
DA:1488,2
DA:1489,2
DA:1490,2
DA:1491,0
DA:1493,2
DA:1495,2
DA:1496,2
DA:1513,1
DA:1520,1
DA:1523,1
DA:1524,1
DA:1529,1
DA:1530,1
DA:1532,1
DA:1533,1
DA:1534,1
DA:1535,1
DA:1537,1
DA:1539,1
DA:1542,1
DA:1546,1
DA:1550,1
DA:1553,1
DA:1555,1
DA:1559,1
DA:1560,1
DA:1562,1
DA:1563,1
DA:1565,1
DA:1569,1
DA:1570,1
DA:1572,2
DA:1573,1
DA:1574,1
DA:1575,1
DA:1576,1
DA:1579,1
DA:1580,1
DA:1581,1
DA:1583,1
DA:1584,1
DA:1594,1
DA:1595,1
DA:1597,1
DA:1599,1
DA:1600,0
DA:1601,1
DA:1602,0
DA:1603,4
DA:1604,3
DA:1605,0
DA:1607,1
DA:1608,1
DA:1610,1
DA:1611,1
DA:1618,3
DA:1620,3
DA:1622,3
DA:1623,0
DA:1625,102
DA:1626,48
DA:1627,48
DA:1628,48
DA:1629,3
DA:1630,3
DA:1637,1
DA:1639,1
DA:1645,1
DA:1648,1
DA:1649,1
DA:1654,1
DA:1655,1
DA:1660,2
DA:1663,1
DA:1664,3
DA:1665,1
DA:1666,1
DA:1668,3
DA:1669,1
DA:1671,1
DA:1672,1
DA:1674,2
DA:1677,1
DA:1678,1
DA:1679,1
DA:1680,1
DA:1681,1
DA:1688,1
DA:1689,1
DA:1692,1
DA:1699,1
DA:1702,1
DA:1703,1
DA:1704,1
DA:1706,1
DA:1708,2
DA:1709,1
DA:1710,1
DA:1711,1
DA:1718,1
DA:1720,1
DA:1724,1
DA:1727,1
DA:1728,1
DA:1729,1
DA:1730,1
DA:1732,1
DA:1734,1
DA:1736,1
DA:1737,1
DA:1738,1
DA:1741,1
DA:1749,1
DA:1750,1
DA:1753,1
DA:1754,1
DA:1758,1
DA:1760,1
DA:1764,1
DA:1765,1
DA:1766,1
DA:1768,1
DA:1770,1
DA:1772,1
DA:1773,1
DA:1775,1
DA:1779,1
DA:1780,1
DA:1783,2
DA:1784,1
DA:1785,1
DA:1790,1
DA:1792,1
DA:1796,1
DA:1799,2
DA:1802,1
DA:1803,1
DA:1805,1
DA:1806,1
DA:1808,1
DA:1809,1
DA:1810,1
DA:1812,1
DA:1813,1
DA:1815,1
DA:1821,1
DA:1823,2
DA:1824,1
DA:1825,1
DA:1830,1
DA:1831,1
DA:1833,1
DA:1834,1
DA:1838,1
DA:1840,1
DA:1847,1
DA:1850,2
DA:1853,1
DA:1854,1
DA:1856,1
DA:1857,1
DA:1860,1
DA:1862,1
DA:1863,1
DA:1865,1
DA:1867,2
DA:1868,1
DA:1869,1
DA:1870,1
DA:1877,1
DA:1878,1
DA:1890,1
DA:1892,1
DA:1898,1
DA:1900,1
DA:1904,1
DA:1905,1
DA:1906,1
DA:1908,1
DA:1911,1
DA:1912,1
DA:1914,1
DA:1915,1
DA:1918,1
DA:1919,1
DA:1921,2
DA:1922,1
DA:1923,1
DA:1926,1
DA:1927,1
DA:1929,1
DA:1930,1
DA:1933,1
DA:1934,1
DA:1940,3
DA:1941,3
DA:1944,3
DA:1948,3
DA:1951,3
DA:1952,2
DA:1953,1
DA:1954,1
DA:1955,1
DA:1958,0
DA:1959,3
DA:1963,1
DA:1965,1
DA:1969,1
DA:1972,2
DA:1975,1
DA:1976,1
DA:1977,1
DA:1979,1
DA:1980,1
DA:1983,1
DA:1984,1
DA:1985,1
DA:1986,1
DA:1988,1
DA:1989,1
DA:1991,1
DA:1993,1
DA:1995,2
DA:1996,1
DA:1998,1
DA:1999,1
DA:2000,1
DA:2006,1
DA:2008,1
DA:2019,1
DA:2022,2
DA:2025,1
DA:2026,1
DA:2028,1
DA:2030,1
DA:2032,1
DA:2033,1
DA:2035,1
DA:2036,1
DA:2038,1
DA:2040,2
DA:2041,1
DA:2042,1
DA:2043,1
DA:2049,1
DA:2051,1
DA:2062,1
DA:2065,2
DA:2068,1
DA:2069,1
DA:2071,1
DA:2073,1
DA:2075,1
DA:2076,1
DA:2078,1
DA:2079,1
DA:2081,1
DA:2083,2
DA:2084,1
DA:2085,1
DA:2086,1
DA:2092,1
DA:2094,1
DA:2105,1
DA:2108,2
DA:2111,1
DA:2112,1
DA:2114,1
DA:2116,1
DA:2118,1
DA:2119,1
DA:2121,1
DA:2122,1
DA:2124,1
DA:2126,2
DA:2127,1
DA:2128,1
DA:2129,1
DA:2134,1
DA:2136,1
DA:2145,1
DA:2148,2
DA:2151,1
DA:2152,1
DA:2154,1
DA:2155,1
DA:2157,1
DA:2158,1
DA:2160,1
DA:2162,2
DA:2163,1
DA:2164,1
DA:2165,1
DA:2170,1
DA:2172,1
DA:2173,1
DA:2176,0
DA:2178,1
DA:2179,1
DA:2187,1
DA:2190,2
DA:2191,1
DA:2192,1
DA:2193,0
DA:2195,2
DA:2196,1
DA:2198,1
DA:2200,1
DA:2202,1
DA:2204,1
DA:2205,1
DA:2210,1
DA:2212,1
DA:2219,1
DA:2221,1
DA:2222,1
DA:2231,1
DA:2232,1
DA:2233,1
DA:2235,2
DA:2238,1
DA:2239,1
DA:2241,1
DA:2242,1
DA:2244,1
DA:2245,1
DA:2247,1
DA:2248,1
DA:2250,1
DA:2252,2
DA:2253,1
DA:2254,1
DA:2258,1
DA:2260,1
DA:2262,1
DA:2263,1
DA:2264,1
DA:2265,1
DA:2266,1
DA:2267,1
DA:2268,1
DA:2269,1
DA:2270,1
DA:2271,1
DA:2272,1
DA:2273,1
DA:2274,1
DA:2275,1
DA:2276,1
DA:2277,1
DA:2278,1
DA:2279,1
DA:2280,1
DA:2281,1
DA:2282,1
DA:2283,1
DA:2284,1
DA:2285,1
DA:2286,1
DA:2287,1
DA:2288,1
DA:2289,1
DA:2290,1
DA:2291,1
DA:2292,1
DA:2293,1
DA:2294,1
DA:2295,1
DA:2296,1
DA:2297,1
DA:2298,1
DA:2299,1
DA:2300,1
DA:2302,1
LF:1041
LH:980
end_of_record
TN:
SF:/Users/lgo/dev/serftrunk/test/test_util.c
FN:38,get_srcdir_file
FN:51,cleanup_conn
FN:61,default_closed_connection
FN:72,default_http_conn_setup
FN:85,default_https_conn_setup
FN:117,use_new_connection
FN:145,initTestCtx
FN:157,accept_response
FN:183,setup_request
FN:232,handle_response
FN:270,setup_handler
FN:290,create_new_prio_request
FN:301,create_new_request
FN:313,create_new_request_with_resp_hdlr
FN:325,create_large_response_message
FN:362,create_large_request_message_body
FN:395,dummy_authn_callback
FN:417,setup_test_client_context
FN:434,setup_test_client_https_context
FN:451,setup_test_client_context_with_proxy
FN:470,setup_serf_https_context_with_proxy
FN:487,run_client_and_mock_servers_loops
FN:534,run_client_and_mock_servers_loops_expect_ok
FN:556,setup_test_mock_server
FN:569,setup_test_mock_proxy
FN:584,setup_test_mock_https_server
FN:609,create_large_request_message
FN:619,pool_abort_func
FN:626,test_setup
FN:643,test_teardown
FN:652,test__report_suite_error
FN:662,log_time
FN:673,test__log
FN:689,test__log_nopref
FN:700,test__log_skt
FN:737,bucket_unfreed_memory_cb
FN:744,test__create_bucket_allocator
FNDA:59,get_srcdir_file
FNDA:66,cleanup_conn
FNDA:71,default_closed_connection
FNDA:83,default_http_conn_setup
FNDA:31,default_https_conn_setup
FNDA:65,use_new_connection
FNDA:113,initTestCtx
FNDA:380,accept_response
FNDA:664,setup_request
FNDA:1040,handle_response
FNDA:352,setup_handler
FNDA:1,create_new_prio_request
FNDA:341,create_new_request
FNDA:10,create_new_request_with_resp_hdlr
FNDA:2,create_large_response_message
FNDA:2,create_large_request_message_body
FNDA:0,dummy_authn_callback
FNDA:54,setup_test_client_context
FNDA:22,setup_test_client_https_context
FNDA:10,setup_test_client_context_with_proxy
FNDA:8,setup_serf_https_context_with_proxy
FNDA:66,run_client_and_mock_servers_loops
FNDA:25,run_client_and_mock_servers_loops_expect_ok
FNDA:29,setup_test_mock_server
FNDA:10,setup_test_mock_proxy
FNDA:29,setup_test_mock_https_server
FNDA:2,create_large_request_message
FNDA:0,pool_abort_func
FNDA:113,test_setup
FNDA:113,test_teardown
FNDA:4,test__report_suite_error
FNDA:0,log_time
FNDA:24,test__log
FNDA:0,test__log_nopref
FNDA:0,test__log_skt
FNDA:0,bucket_unfreed_memory_cb
FNDA:1602,test__create_bucket_allocator
FNF:37
FNH:31
DA:40,59
DA:42,59
DA:43,59
DA:46,0
DA:48,59
DA:53,66
DA:55,66
DA:57,66
DA:66,71
DA:67,0
DA:69,71
DA:78,83
DA:80,83
DA:81,83
DA:91,31
DA:93,31
DA:94,62
DA:95,31
DA:96,31
DA:98,31
DA:99,62
DA:100,31
DA:101,31
DA:102,31
DA:104,31
DA:105,36
DA:106,18
DA:107,18
DA:109,31
DA:110,1
DA:112,31
DA:114,31
DA:123,65
DA:124,1
DA:125,65
DA:127,65
DA:128,65
DA:129,0
DA:131,130
DA:133,65
DA:134,65
DA:136,65
DA:137,65
DA:139,65
DA:142,65
DA:143,65
DA:148,113
DA:149,113
DA:150,113
DA:151,113
DA:152,113
DA:153,113
DA:154,113
DA:164,380
DA:168,380
DA:171,380
DA:173,380
DA:175,380
DA:177,380
DA:178,2
DA:180,380
DA:192,664
DA:195,664
DA:198,4
DA:200,2
DA:201,2
DA:204,662
DA:206,660
DA:208,660
DA:209,660
DA:210,660
DA:211,660
DA:213,2
DA:215,662
DA:216,1324
DA:217,662
DA:218,662
DA:219,662
DA:222,664
DA:224,664
DA:225,664
DA:226,664
DA:227,664
DA:229,664
DA:237,1040
DA:239,1040
DA:240,590
DA:242,295
DA:243,295
DA:246,6090
DA:251,6090
DA:252,7264
DA:253,16
DA:255,6074
DA:256,332
DA:257,332
DA:258,332
DA:261,5742
DA:262,397
DA:268,1040
DA:275,352
DA:276,352
DA:277,352
DA:279,352
DA:280,352
DA:281,1056
DA:282,352
DA:283,352
DA:284,352
DA:285,352
DA:286,352
DA:287,352
DA:288,352
DA:295,1
DA:296,2
DA:298,1
DA:299,1
DA:306,341
DA:307,682
DA:309,341
DA:310,341
DA:319,10
DA:320,20
DA:322,10
DA:323,10
DA:327,2
DA:331,2
DA:335,2
DA:336,2
DA:338,2000
DA:340,998
DA:345,998
DA:346,2
DA:348,998
DA:349,1493008
DA:350,745506
DA:352,1996
DA:353,998
DA:354,998
DA:355,998
DA:356,998
DA:357,998
DA:359,2
DA:365,2
DA:369,2004
DA:371,1000
DA:376,1000
DA:377,2
DA:379,1000
DA:380,1499000
DA:381,748500
DA:383,2000
DA:384,1000
DA:385,1000
DA:386,1000
DA:387,1000
DA:388,1000
DA:390,2
DA:402,0
DA:403,0
DA:405,0
DA:407,0
DA:409,0
DA:423,54
DA:424,50
DA:426,162
DA:428,54
DA:430,54
DA:441,44
DA:442,66
DA:444,22
DA:445,22
DA:447,22
DA:457,10
DA:458,30
DA:462,10
DA:464,10
DA:466,10
DA:477,16
DA:478,24
DA:480,8
DA:481,8
DA:483,8
DA:493,66
DA:494,66
DA:496,66
DA:498,66
DA:500,4760
DA:503,2324
DA:506,2324
DA:513,2324
DA:514,2333
DA:515,1091
DA:516,9
DA:518,2315
DA:519,131694
DA:520,63532
DA:522,4574
DA:523,0
DA:525,2315
DA:526,1
DA:528,56
DA:530,56
DA:531,66
DA:541,50
DA:542,25
DA:543,25
DA:547,25
DA:548,25
DA:551,25
DA:552,25
DA:553,25
DA:554,25
DA:558,29
DA:559,29
DA:561,29
DA:562,29
DA:564,29
DA:565,29
DA:566,29
DA:567,29
DA:571,10
DA:572,0
DA:574,10
DA:575,10
DA:577,10
DA:578,20
DA:580,10
DA:581,10
DA:589,29
DA:590,29
DA:592,29
DA:593,29
DA:604,29
DA:605,29
DA:606,29
DA:607,29
DA:611,2
DA:616,2
DA:621,0
DA:622,0
DA:624,0
DA:628,113
DA:631,113
DA:632,113
DA:635,113
DA:636,113
DA:637,113
DA:640,113
DA:645,113
DA:646,113
DA:647,64
DA:648,113
DA:649,113
DA:654,4
DA:656,4
DA:666,0
DA:667,0
DA:668,0
DA:669,0
DA:670,0
DA:671,0
DA:677,24
DA:678,0
DA:680,0
DA:681,0
DA:683,0
DA:684,0
DA:685,0
DA:686,0
DA:687,24
DA:693,0
DA:694,0
DA:695,0
DA:696,0
DA:697,0
DA:698,0
DA:705,0
DA:707,0
DA:709,0
DA:711,0
DA:712,0
DA:714,0
DA:715,0
DA:716,0
DA:717,0
DA:718,0
DA:720,0
DA:721,0
DA:722,0
DA:723,0
DA:724,0
DA:726,0
DA:727,0
DA:729,0
DA:730,0
DA:731,0
DA:732,0
DA:733,0
DA:739,0
DA:740,0
DA:741,0
DA:746,1602
LF:303
LH:246
end_of_record
