TN:
SF:/Users/lgo/dev/serftrunk/auth/auth.c
FN:26,default_auth_response_handler
FN:98,discard_body
FN:122,handle_auth_headers
FN:227,store_header_in_dict
FN:260,dispatch_auth
FN:320,serf__handle_auth_response
FN:423,serf__encode_auth_header
FN:444,serf__construct_realm
FN:465,serf__get_authn_info_for_server
FNDA:54,default_auth_response_handler
FNDA:69,discard_body
FNDA:69,handle_auth_headers
FNDA:162,store_header_in_dict
FNDA:69,dispatch_auth
FNDA:162,serf__handle_auth_response
FNDA:48,serf__encode_auth_header
FNDA:63,serf__construct_realm
FNDA:600,serf__get_authn_info_for_server
FNF:9
FNH:9
DA:26,54
DA:27,54
DA:28,54
DA:29,54
DA:30,54
DA:31,54
DA:32,54
DA:34,54
DA:98,69
DA:100,69
DA:101,69
DA:102,69
DA:104,69
DA:105,207
DA:107,207
DA:108,69
DA:112,138
DA:122,69
DA:123,69
DA:124,69
DA:125,69
DA:126,69
DA:128,69
DA:129,69
DA:130,69
DA:131,69
DA:133,69
DA:138,396
DA:139,192
DA:140,192
DA:141,192
DA:143,192
DA:144,114
DA:146,78
DA:149,78
DA:151,78
DA:152,15
DA:154,63
DA:155,33
DA:156,33
DA:157,30
DA:160,63
DA:162,0
DA:166,63
DA:168,63
DA:170,63
DA:176,63
DA:177,39
DA:178,39
DA:179,39
DA:181,39
DA:182,39
DA:184,0
DA:185,39
DA:186,39
DA:188,63
DA:189,63
DA:190,63
DA:191,63
DA:192,63
DA:194,63
DA:196,63
DA:198,63
DA:199,63
DA:205,0
DA:209,0
DA:212,0
DA:213,0
DA:215,69
DA:227,162
DA:228,162
DA:229,162
DA:231,162
DA:232,162
DA:233,162
DA:236,162
DA:237,87
DA:240,75
DA:241,75
DA:242,75
DA:243,75
DA:245,0
DA:248,1002
DA:249,426
DA:251,75
DA:252,75
DA:254,75
DA:255,162
DA:260,69
DA:261,69
DA:262,69
DA:263,69
DA:265,69
DA:267,99
DA:268,69
DA:270,69
DA:271,69
DA:273,69
DA:274,39
DA:276,30
DA:278,69
DA:303,69
DA:306,69
DA:307,0
DA:311,69
DA:315,0
DA:316,69
DA:320,162
DA:321,162
DA:322,162
DA:323,162
DA:325,162
DA:326,162
DA:328,162
DA:332,162
DA:333,222
DA:334,0
DA:336,222
DA:338,30
DA:341,132
DA:342,132
DA:343,0
DA:344,0
DA:350,0
DA:353,225
DA:359,69
DA:360,69
DA:363,69
DA:364,0
DA:367,69
DA:368,69
DA:369,6
DA:375,63
DA:377,63
DA:379,63
DA:380,63
DA:381,63
DA:382,63
DA:383,63
DA:387,63
DA:388,63
DA:389,48
DA:390,48
DA:392,48
DA:395,63
DA:396,126
DA:397,27
DA:398,27
DA:400,27
DA:402,63
DA:405,0
DA:406,0
DA:407,0
DA:408,0
DA:411,0
DA:415,63
DA:416,162
DA:423,48
DA:424,48
DA:425,48
DA:426,48
DA:428,48
DA:429,48
DA:431,48
DA:432,48
DA:434,48
DA:435,48
DA:437,48
DA:438,48
DA:439,48
DA:441,48
DA:442,48
DA:444,63
DA:445,63
DA:446,63
DA:447,63
DA:449,63
DA:450,33
DA:456,30
DA:458,30
DA:463,63
DA:465,600
DA:467,600
DA:468,600
DA:470,600
DA:473,600
DA:474,108
DA:475,108
DA:476,108
DA:478,108
DA:480,600
LF:191
LH:172
end_of_record
SF:/usr/include/ctype.h
FN:309,tolower
FNDA:426,tolower
FNF:1
FNH:1
DA:309,426
DA:311,426
LF:2
LH:2
end_of_record
SF:/usr/include/secure/_string.h
FN:81,__inline_memset_chk
FNDA:108,__inline_memset_chk
FNF:1
FNH:1
DA:81,108
DA:83,108
LF:2
LH:2
end_of_record
TN:
SF:/Users/lgo/dev/serftrunk/auth/auth_basic.c
FN:34,serf__handle_basic_auth
FN:114,serf__init_basic
FN:128,serf__init_basic_connection
FN:150,serf__setup_request_basic_auth
FNDA:48,serf__handle_basic_auth
FNDA:27,serf__init_basic
FNDA:45,serf__init_basic_connection
FNDA:63,serf__setup_request_basic_auth
FNF:4
FNH:4
DA:34,48
DA:35,48
DA:36,48
DA:37,48
DA:38,48
DA:39,48
DA:41,48
DA:42,48
DA:43,48
DA:44,48
DA:45,48
DA:46,48
DA:47,48
DA:48,48
DA:49,48
DA:50,48
DA:54,48
DA:55,0
DA:58,48
DA:59,21
DA:60,21
DA:61,27
DA:63,48
DA:65,48
DA:66,48
DA:68,96
DA:69,48
DA:70,48
DA:71,0
DA:73,0
DA:74,0
DA:75,0
DA:76,0
DA:77,0
DA:78,0
DA:80,48
DA:81,0
DA:84,48
DA:87,48
DA:90,48
DA:91,48
DA:96,48
DA:97,0
DA:98,0
DA:101,48
DA:102,48
DA:103,48
DA:105,48
DA:108,48
DA:110,48
DA:111,48
DA:114,27
DA:115,27
DA:116,27
DA:118,27
DA:128,45
DA:129,45
DA:130,45
DA:131,45
DA:133,45
DA:134,45
DA:136,45
DA:137,24
DA:138,24
DA:139,21
DA:142,45
DA:143,27
DA:144,27
DA:146,45
DA:150,63
DA:151,63
DA:152,63
DA:153,63
DA:154,63
DA:155,63
DA:156,63
DA:158,63
DA:159,63
DA:160,63
DA:162,63
DA:163,33
DA:164,33
DA:165,30
DA:167,63
DA:169,189
DA:170,63
DA:172,63
DA:175,0
DA:176,63
LF:89
LH:77
end_of_record
SF:/usr/include/secure/_string.h
FN:81,__inline_memset_chk
FNDA:27,__inline_memset_chk
FNF:1
FNH:1
DA:81,27
DA:83,27
LF:2
LH:2
end_of_record
TN:
SF:/Users/lgo/dev/serftrunk/auth/auth_digest.c
FN:56,int_to_hex
FN:68,hex_encode
FN:88,random_cnonce
FN:100,build_digest_ha1
FN:126,build_digest_ha2
FN:156,build_auth_header
FN:231,serf__handle_digest_auth
FN:362,serf__init_digest
FN:370,serf__init_digest_connection
FN:395,serf__setup_request_digest_auth
FN:459,serf__validate_response_digest_auth
FNDA:1824,int_to_hex
FNDA:57,hex_encode
FNDA:0,random_cnonce
FNDA:15,build_digest_ha1
FNDA:21,build_digest_ha2
FNDA:21,build_auth_header
FNDA:15,serf__handle_digest_auth
FNDA:12,serf__init_digest
FNDA:15,serf__init_digest_connection
FNDA:21,serf__setup_request_digest_auth
FNDA:21,serf__validate_response_digest_auth
FNF:11
FNH:10
DA:56,1824
DA:58,5472
DA:68,57
DA:69,57
DA:71,57
DA:72,57
DA:73,1938
DA:74,912
DA:75,912
DA:76,912
DA:77,57
DA:78,57
DA:88,0
DA:90,0
DA:91,0
DA:93,0
DA:94,0
DA:96,0
DA:100,15
DA:101,15
DA:102,15
DA:103,15
DA:104,15
DA:106,15
DA:107,15
DA:108,15
DA:112,15
DA:116,15
DA:117,15
DA:118,0
DA:120,15
DA:122,15
DA:123,15
DA:126,21
DA:127,21
DA:128,21
DA:129,21
DA:130,21
DA:132,21
DA:133,21
DA:134,21
DA:135,21
DA:139,21
DA:142,21
DA:143,21
DA:144,0
DA:146,21
DA:148,21
DA:151,0
DA:153,21
DA:156,21
DA:157,21
DA:158,21
DA:159,21
DA:160,21
DA:162,21
DA:163,21
DA:164,21
DA:165,21
DA:166,21
DA:167,21
DA:169,21
DA:170,21
DA:171,0
DA:173,21
DA:182,21
DA:183,0
DA:184,0
DA:186,0
DA:196,0
DA:200,0
DA:204,21
DA:208,21
DA:209,21
DA:210,0
DA:212,21
DA:214,21
DA:216,21
DA:217,21
DA:219,21
DA:220,21
DA:221,21
DA:223,21
DA:225,21
DA:227,21
DA:228,21
DA:231,15
DA:232,15
DA:233,15
DA:234,15
DA:235,15
DA:236,15
DA:238,15
DA:239,15
DA:240,15
DA:241,15
DA:242,15
DA:243,15
DA:244,15
DA:245,15
DA:246,15
DA:247,15
DA:248,15
DA:249,15
DA:250,15
DA:251,15
DA:252,15
DA:256,15
DA:257,0
DA:260,15
DA:261,12
DA:262,12
DA:263,3
DA:265,15
DA:268,15
DA:274,180
DA:275,75
DA:277,75
DA:278,75
DA:279,0
DA:280,75
DA:283,237
DA:284,6
DA:287,75
DA:288,69
DA:290,69
DA:291,69
DA:292,69
DA:293,69
DA:294,69
DA:296,75
DA:297,15
DA:298,60
DA:299,15
DA:300,45
DA:301,15
DA:302,30
DA:303,0
DA:304,30
DA:305,15
DA:308,75
DA:310,15
DA:311,0
DA:314,15
DA:319,15
DA:320,15
DA:325,15
DA:326,0
DA:327,0
DA:330,15
DA:339,15
DA:340,15
DA:341,15
DA:342,15
DA:343,15
DA:344,15
DA:345,15
DA:346,15
DA:347,15
DA:349,15
DA:352,15
DA:356,15
DA:358,15
DA:359,15
DA:362,12
DA:363,12
DA:364,12
DA:366,12
DA:370,15
DA:371,15
DA:372,15
DA:373,15
DA:375,15
DA:376,15
DA:378,15
DA:379,12
DA:380,12
DA:381,3
DA:384,15
DA:385,12
DA:386,12
DA:389,15
DA:391,15
DA:395,21
DA:396,21
DA:397,21
DA:398,21
DA:399,21
DA:400,21
DA:401,21
DA:403,21
DA:404,21
DA:405,21
DA:406,21
DA:408,21
DA:409,18
DA:410,18
DA:411,3
DA:413,21
DA:415,42
DA:416,21
DA:417,21
DA:424,21
DA:425,3
DA:427,18
DA:430,18
DA:431,18
DA:432,0
DA:434,18
DA:438,21
DA:440,21
DA:442,21
DA:443,0
DA:445,21
DA:447,21
DA:452,21
DA:453,21
DA:455,21
DA:456,21
DA:459,21
DA:460,21
DA:461,21
DA:462,21
DA:463,21
DA:464,21
DA:465,21
DA:467,21
DA:468,21
DA:469,21
DA:470,21
DA:471,21
DA:472,21
DA:473,21
DA:474,21
DA:475,21
DA:477,21
DA:480,21
DA:481,15
DA:482,15
DA:484,6
DA:485,6
DA:488,21
DA:489,21
DA:495,0
DA:496,0
DA:498,0
DA:499,0
DA:500,0
DA:501,0
DA:504,0
DA:505,0
DA:508,0
DA:509,0
DA:511,0
DA:512,0
DA:513,0
DA:514,0
DA:515,0
DA:517,0
DA:518,0
DA:519,0
DA:520,0
DA:521,0
DA:522,0
DA:523,0
DA:525,0
DA:526,0
DA:527,0
DA:528,0
DA:529,0
DA:530,0
DA:532,0
DA:533,0
DA:534,0
DA:535,0
DA:537,0
DA:539,0
DA:540,0
DA:541,0
DA:543,0
DA:546,0
DA:547,0
DA:550,0
DA:551,0
DA:553,0
DA:555,0
DA:556,21
LF:287
LH:220
end_of_record
SF:/usr/include/secure/_string.h
FN:81,__inline_memset_chk
FNDA:12,__inline_memset_chk
FNF:1
FNH:1
DA:81,12
DA:83,12
LF:2
LH:2
end_of_record
TN:
SF:/Users/lgo/dev/serftrunk/auth/auth_spnego.c
FN:184,gss_api_get_credentials
FN:245,do_auth
FN:357,serf__init_spnego
FN:367,serf__init_spnego_connection
FN:403,serf__handle_spnego_auth
FN:425,serf__setup_request_spnego_auth
FN:522,get_auth_header_cb
FN:543,get_auth_header
FN:566,serf__validate_response_spnego_auth
FNDA:0,gss_api_get_credentials
FNDA:0,do_auth
FNDA:0,serf__init_spnego
FNDA:0,serf__init_spnego_connection
FNDA:0,serf__handle_spnego_auth
FNDA:0,serf__setup_request_spnego_auth
FNDA:0,get_auth_header_cb
FNDA:0,get_auth_header
FNDA:0,serf__validate_response_spnego_auth
FNF:9
FNH:0
DA:184,0
DA:185,0
DA:186,0
DA:187,0
DA:189,0
DA:190,0
DA:191,0
DA:195,0
DA:196,0
DA:197,0
DA:198,0
DA:199,0
DA:200,0
DA:204,0
DA:213,0
DA:215,0
DA:216,0
DA:217,0
DA:218,0
DA:220,0
DA:222,0
DA:223,0
DA:224,0
DA:226,0
DA:230,0
DA:231,0
DA:233,0
DA:234,0
DA:245,0
DA:246,0
DA:247,0
DA:248,0
DA:249,0
DA:250,0
DA:251,0
DA:253,0
DA:254,0
DA:255,0
DA:256,0
DA:257,0
DA:258,0
DA:260,0
DA:261,0
DA:262,0
DA:263,0
DA:267,0
DA:268,0
DA:276,0
DA:278,0
DA:279,0
DA:280,0
DA:281,0
DA:282,0
DA:287,0
DA:288,0
DA:291,0
DA:294,0
DA:301,0
DA:305,0
DA:306,0
DA:307,0
DA:311,0
DA:314,0
DA:318,0
DA:323,0
DA:324,0
DA:325,0
DA:326,0
DA:328,0
DA:329,0
DA:333,0
DA:334,0
DA:335,0
DA:336,0
DA:340,0
DA:341,0
DA:344,0
DA:345,0
DA:349,0
DA:351,0
DA:353,0
DA:354,0
DA:357,0
DA:358,0
DA:359,0
DA:361,0
DA:367,0
DA:368,0
DA:369,0
DA:370,0
DA:372,0
DA:373,0
DA:375,0
DA:376,0
DA:377,0
DA:378,0
DA:379,0
DA:382,0
DA:383,0
DA:386,0
DA:387,0
DA:388,0
DA:389,0
DA:393,0
DA:395,0
DA:398,0
DA:399,0
DA:403,0
DA:404,0
DA:405,0
DA:406,0
DA:407,0
DA:408,0
DA:410,0
DA:411,0
DA:412,0
DA:414,0
DA:425,0
DA:426,0
DA:427,0
DA:428,0
DA:429,0
DA:430,0
DA:431,0
DA:433,0
DA:434,0
DA:439,0
DA:440,0
DA:443,0
DA:448,0
DA:451,0
DA:452,0
DA:454,0
DA:457,0
DA:460,0
DA:462,0
DA:466,0
DA:468,0
DA:472,0
DA:475,0
DA:481,0
DA:484,0
DA:491,0
DA:492,0
DA:494,0
DA:499,0
DA:502,0
DA:503,0
DA:504,0
DA:508,0
DA:509,0
DA:522,0
DA:523,0
DA:524,0
DA:526,0
DA:529,0
DA:530,0
DA:533,0
DA:535,0
DA:536,0
DA:539,0
DA:540,0
DA:543,0
DA:544,0
DA:545,0
DA:546,0
DA:548,0
DA:550,0
DA:551,0
DA:552,0
DA:553,0
DA:555,0
DA:557,0
DA:566,0
DA:567,0
DA:568,0
DA:569,0
DA:570,0
DA:571,0
DA:572,0
DA:574,0
DA:575,0
DA:577,0
DA:578,0
DA:579,0
DA:580,0
DA:581,0
DA:582,0
DA:585,0
DA:586,0
DA:587,0
DA:588,0
DA:590,0
DA:593,0
DA:594,0
DA:597,0
DA:598,0
DA:600,0
DA:601,0
DA:603,0
DA:606,0
DA:608,0
DA:611,0
DA:613,0
DA:614,0
DA:617,0
DA:618,0
DA:623,0
DA:624,0
DA:625,0
DA:628,0
DA:630,0
DA:632,0
DA:633,0
LF:214
LH:0
end_of_record
SF:/usr/include/secure/_string.h
FN:81,__inline_memset_chk
FNDA:0,__inline_memset_chk
FNF:1
FNH:0
DA:81,0
DA:83,0
LF:2
LH:0
end_of_record
TN:
SF:/Users/lgo/dev/serftrunk/auth/auth_spnego_gss.c
FN:46,log_error
FN:82,cleanup_ctx
FN:103,cleanup_sec_buffer
FN:114,serf__spnego_create_sec_context
FN:136,serf__spnego_reset_sec_context
FN:149,serf__spnego_init_sec_context
FNDA:0,log_error
FNDA:0,cleanup_ctx
FNDA:0,cleanup_sec_buffer
FNDA:0,serf__spnego_create_sec_context
FNDA:0,serf__spnego_reset_sec_context
FNDA:0,serf__spnego_init_sec_context
FNF:6
FNH:0
DA:46,0
DA:47,0
DA:48,0
DA:49,0
DA:50,0
DA:52,0
DA:53,0
DA:54,0
DA:56,0
DA:57,0
DA:63,0
DA:65,0
DA:71,0
DA:73,0
DA:76,0
DA:77,0
DA:82,0
DA:84,0
DA:86,0
DA:87,0
DA:89,0
DA:91,0
DA:92,0
DA:95,0
DA:97,0
DA:99,0
DA:100,0
DA:103,0
DA:105,0
DA:106,0
DA:108,0
DA:110,0
DA:114,0
DA:115,0
DA:116,0
DA:117,0
DA:119,0
DA:121,0
DA:123,0
DA:124,0
DA:126,0
DA:130,0
DA:132,0
DA:136,0
DA:138,0
DA:140,0
DA:141,0
DA:143,0
DA:145,0
DA:149,0
DA:150,0
DA:151,0
DA:152,0
DA:153,0
DA:154,0
DA:155,0
DA:158,0
DA:159,0
DA:160,0
DA:161,0
DA:162,0
DA:163,0
DA:167,0
DA:168,0
DA:169,0
DA:170,0
DA:173,0
DA:174,0
DA:177,0
DA:182,0
DA:183,0
DA:185,0
DA:188,0
DA:204,0
DA:208,0
DA:209,0
DA:211,0
DA:213,0
DA:215,0
DA:217,0
DA:220,0
DA:222,0
LF:82
LH:0
end_of_record
SF:/usr/include/secure/_string.h
FN:81,__inline_memset_chk
FNDA:0,__inline_memset_chk
FNF:1
FNH:0
DA:81,0
DA:83,0
LF:2
LH:0
end_of_record
TN:
TN:
SF:/Users/lgo/dev/serftrunk/buckets/aggregate_buckets.c
FN:39,cleanup_aggregate
FN:59,serf_bucket_aggregate_cleanup
FN:67,create_aggregate
FN:83,serf_bucket_aggregate_create
FN:93,serf__bucket_stream_create
FN:109,serf_aggregate_destroy_and_data
FN:127,serf_bucket_aggregate_become
FN:140,serf_bucket_aggregate_prepend
FN:155,serf_bucket_aggregate_append
FN:181,serf_bucket_aggregate_hold_open
FN:190,serf_bucket_aggregate_prepend_iovec
FN:211,serf_bucket_aggregate_append_iovec
FN:224,read_aggregate
FN:315,serf_aggregate_read
FN:339,serf_aggregate_read_iovec
FN:352,serf_aggregate_readline
FN:412,serf_aggregate_peek
FN:456,serf_aggregate_read_bucket
FN:478,serf_aggregate_get_remaining
FNDA:24296,cleanup_aggregate
FNDA:0,serf_bucket_aggregate_cleanup
FNDA:1055,create_aggregate
FNDA:749,serf_bucket_aggregate_create
FNDA:180,serf__bucket_stream_create
FNDA:980,serf_aggregate_destroy_and_data
FNDA:306,serf_bucket_aggregate_become
FNDA:111,serf_bucket_aggregate_prepend
FNDA:5197,serf_bucket_aggregate_append
FNDA:183,serf_bucket_aggregate_hold_open
FNDA:0,serf_bucket_aggregate_prepend_iovec
FNDA:252,serf_bucket_aggregate_append_iovec
FNDA:21972,read_aggregate
FNDA:10790,serf_aggregate_read
FNDA:11182,serf_aggregate_read_iovec
FNDA:18,serf_aggregate_readline
FNDA:1326,serf_aggregate_peek
FNDA:0,serf_aggregate_read_bucket
FNDA:9,serf_aggregate_get_remaining
FNF:19
FNH:16
DA:39,24296
DA:40,24296
DA:42,24296
DA:47,53666
DA:48,5074
DA:50,5074
DA:51,4597
DA:52,4597
DA:53,5074
DA:55,5074
DA:56,5074
DA:57,24296
DA:60,0
DA:62,0
DA:64,0
DA:65,0
DA:67,1055
DA:69,1055
DA:71,1055
DA:73,1055
DA:74,1055
DA:75,1055
DA:76,1055
DA:77,1055
DA:78,1055
DA:80,1055
DA:84,749
DA:86,749
DA:88,749
DA:90,749
DA:94,180
DA:95,180
DA:96,180
DA:98,180
DA:99,180
DA:101,180
DA:103,180
DA:105,180
DA:109,980
DA:111,980
DA:112,980
DA:114,2155
DA:115,195
DA:116,192
DA:117,192
DA:118,195
DA:119,195
DA:120,195
DA:121,195
DA:122,980
DA:124,980
DA:125,980
DA:127,306
DA:129,306
DA:131,306
DA:133,306
DA:134,306
DA:137,306
DA:141,111
DA:142,111
DA:144,111
DA:145,111
DA:147,111
DA:149,111
DA:150,111
DA:152,111
DA:153,111
DA:156,5197
DA:157,5197
DA:159,5197
DA:160,5197
DA:162,5197
DA:164,5197
DA:165,5197
DA:171,5197
DA:172,4303
DA:173,4303
DA:174,4303
DA:176,894
DA:177,894
DA:179,5197
DA:181,183
DA:182,183
DA:183,183
DA:185,183
DA:186,183
DA:187,183
DA:188,183
DA:191,0
DA:192,0
DA:193,0
DA:195,0
DA:198,0
DA:199,0
DA:201,0
DA:206,0
DA:208,0
DA:209,0
DA:212,252
DA:213,252
DA:214,252
DA:216,252
DA:218,252
DA:221,252
DA:222,252
DA:224,21972
DA:225,21972
DA:226,21972
DA:227,21972
DA:229,21972
DA:230,21972
DA:231,21972
DA:233,21972
DA:235,21972
DA:236,7435
DA:237,1616
DA:240,5819
DA:244,14537
DA:245,29972
DA:246,15432
DA:248,15432
DA:251,23345
DA:252,0
DA:255,15432
DA:257,16483
DA:258,15432
DA:263,27073
DA:264,10343
DA:274,5089
DA:275,5089
DA:276,5089
DA:277,5089
DA:280,5089
DA:281,4106
DA:282,432
DA:285,3674
DA:294,983
DA:295,329
DA:297,2298
DA:298,820
DA:299,329
DA:302,983
DA:303,983
DA:306,1959
DA:307,85
DA:309,898
DA:310,898
DA:312,3
DA:313,21972
DA:315,10790
DA:316,10790
DA:317,10790
DA:319,10790
DA:320,10790
DA:321,10790
DA:322,10790
DA:324,10790
DA:326,10790
DA:328,10790
DA:329,5697
DA:330,5697
DA:332,5093
DA:333,5093
DA:336,10790
DA:339,11182
DA:340,11182
DA:341,11182
DA:342,11182
DA:343,11182
DA:345,11182
DA:347,11182
DA:349,11182
DA:352,18
DA:353,18
DA:354,18
DA:356,18
DA:357,18
DA:359,18
DA:361,18
DA:362,21
DA:364,21
DA:366,21
DA:367,0
DA:368,0
DA:371,0
DA:375,21
DA:377,21
DA:379,36
DA:380,0
DA:382,21
DA:383,15
DA:386,15
DA:387,15
DA:388,15
DA:389,15
DA:392,15
DA:393,6
DA:394,0
DA:397,6
DA:402,9
DA:403,6
DA:404,9
DA:407,33
DA:409,12
DA:410,18
DA:412,1326
DA:413,1326
DA:414,1326
DA:416,1326
DA:417,1326
DA:418,1326
DA:420,1326
DA:423,1326
DA:424,249
DA:425,249
DA:426,249
DA:427,249
DA:428,249
DA:429,249
DA:432,0
DA:436,1077
DA:438,1077
DA:440,1077
DA:441,6
DA:442,3
DA:443,3
DA:444,3
DA:445,0
DA:446,0
DA:447,0
DA:448,0
DA:451,6
DA:453,1077
DA:454,1326
DA:457,0
DA:458,0
DA:460,0
DA:461,0
DA:463,0
DA:464,0
DA:467,0
DA:469,0
DA:470,0
DA:471,0
DA:475,0
DA:476,0
DA:478,9
DA:480,9
DA:481,9
DA:482,9
DA:484,9
DA:485,0
DA:488,48
DA:489,45
DA:491,15
DA:492,0
DA:495,15
DA:496,15
DA:498,9
DA:499,9
LF:260
LH:221
end_of_record
TN:
SF:/Users/lgo/dev/serftrunk/buckets/allocator.c
FN:102,allocator_cleanup
FN:119,serf_bucket_allocator_create
FN:159,serf_bucket_allocator_get_pool
FN:166,serf_bucket_mem_alloc
FN:228,serf_bucket_mem_calloc
FN:241,serf_bucket_mem_free
FN:329,serf_debug__record_read
FN:354,serf_debug__entered_loop
FN:377,serf_debug__closed_conn
FN:389,serf_debug__bucket_destroy
FN:425,serf_debug__bucket_alloc_check
FNDA:5102,allocator_cleanup
FNDA:5102,serf_bucket_allocator_create
FNDA:62,serf_bucket_allocator_get_pool
FNDA:432967,serf_bucket_mem_alloc
FNDA:0,serf_bucket_mem_calloc
FNDA:28804,serf_bucket_mem_free
FNDA:0,serf_debug__record_read
FNDA:0,serf_debug__entered_loop
FNDA:483,serf_debug__closed_conn
FNDA:0,serf_debug__bucket_destroy
FNDA:294,serf_debug__bucket_alloc_check
FNF:11
FNH:7
DA:102,5102
DA:104,5102
DA:107,5102
DA:108,4985
DA:109,4985
DA:112,5102
DA:113,0
DA:114,0
DA:116,5102
DA:120,5102
DA:121,5102
DA:122,5102
DA:124,5102
DA:126,5102
DA:127,5102
DA:128,5102
DA:131,0
DA:132,0
DA:133,0
DA:134,5102
DA:135,5102
DA:153,5102
DA:156,5102
DA:160,62
DA:162,62
DA:167,432967
DA:168,432967
DA:170,432967
DA:172,432967
DA:174,432967
DA:175,432967
DA:176,418492
DA:178,13254
DA:179,13254
DA:185,13254
DA:187,13254
DA:189,405238
DA:191,805491
DA:193,9359
DA:196,9359
DA:199,9359
DA:200,0
DA:203,9359
DA:204,9359
DA:205,9359
DA:207,405238
DA:208,405238
DA:209,405238
DA:211,418492
DA:213,14475
DA:216,14475
DA:217,0
DA:219,14475
DA:220,14475
DA:221,14475
DA:224,432967
DA:225,432967
DA:229,0
DA:230,0
DA:232,0
DA:233,0
DA:234,0
DA:235,0
DA:236,0
DA:237,0
DA:238,0
DA:242,28804
DA:243,28804
DA:245,28804
DA:247,28804
DA:249,28804
DA:251,28804
DA:253,23245
DA:254,23245
DA:258,23245
DA:259,23245
DA:260,5559
DA:262,0
DA:268,5559
DA:272,5559
DA:274,28804
DA:330,0
DA:331,0
DA:334,0
DA:354,0
DA:374,0
DA:377,483
DA:386,483
DA:389,0
DA:422,0
DA:426,294
DA:433,294
LF:92
LH:68
end_of_record
SF:/usr/include/secure/_string.h
FN:81,__inline_memset_chk
FNDA:5102,__inline_memset_chk
FNF:1
FNH:1
DA:81,5102
DA:83,5102
LF:2
LH:2
end_of_record
TN:
SF:/Users/lgo/dev/serftrunk/buckets/barrier_buckets.c
FN:27,serf_bucket_barrier_create
FN:39,serf_barrier_read
FN:48,serf_barrier_read_iovec
FN:59,serf_barrier_readline
FN:68,serf_barrier_peek
FN:77,serf_barrier_destroy
FN:88,serf_barrier_get_remaining
FNDA:4987,serf_bucket_barrier_create
FNDA:54421,serf_barrier_read
FNDA:0,serf_barrier_read_iovec
FNDA:21229,serf_barrier_readline
FNDA:15,serf_barrier_peek
FNDA:580,serf_barrier_destroy
FNDA:0,serf_barrier_get_remaining
FNF:7
FNH:5
DA:28,4987
DA:29,4987
DA:31,4987
DA:33,4987
DA:34,4987
DA:36,4987
DA:39,54421
DA:40,54421
DA:41,54421
DA:43,54421
DA:45,54421
DA:48,0
DA:49,0
DA:50,0
DA:51,0
DA:53,0
DA:55,0
DA:59,21229
DA:60,21229
DA:61,21229
DA:63,21229
DA:65,21229
DA:68,15
DA:69,15
DA:70,15
DA:72,15
DA:74,15
DA:77,580
DA:85,580
DA:86,580
DA:88,0
DA:90,0
DA:92,0
LF:33
LH:24
end_of_record
TN:
SF:/Users/lgo/dev/serftrunk/buckets/buckets.c
FN:22,serf_bucket_create
FN:37,serf_default_read_iovec
FN:74,serf_default_read_for_sendfile
FN:100,serf_default_read_bucket
FN:108,serf_default_destroy
FN:118,serf_default_destroy_and_data
FN:125,serf_buckets_are_v2
FN:134,serf_bstrmemdup
FN:145,serf_bmemdup
FN:155,serf_bstrdup
FN:164,serf_bstrcatv
FN:194,find_crlf
FN:231,serf_util_readline
FN:315,serf_databuf_init
FN:326,common_databuf_prep
FN:358,serf_databuf_read
FN:389,serf_databuf_readline
FN:415,serf_databuf_peek
FN:441,serf_linebuf_init
FN:448,serf_linebuf_fetch
FN:573,log_time
FN:584,serf__log
FN:600,serf__log_nopref
FN:611,serf__log_skt
FNDA:29993,serf_bucket_create
FNDA:11949,serf_default_read_iovec
FNDA:0,serf_default_read_for_sendfile
FNDA:0,serf_default_read_bucket
FNDA:7565,serf_default_destroy
FNDA:7565,serf_default_destroy_and_data
FNDA:0,serf_buckets_are_v2
FNDA:241995,serf_bstrmemdup
FNDA:0,serf_bmemdup
FNDA:0,serf_bstrdup
FNDA:303,serf_bstrcatv
FNDA:16563,find_crlf
FNDA:153157,serf_util_readline
FNDA:264,serf_databuf_init
FNDA:28383,common_databuf_prep
FNDA:22772,serf_databuf_read
FNDA:4684,serf_databuf_readline
FNDA:927,serf_databuf_peek
FNDA:9389,serf_linebuf_init
FNDA:152998,serf_linebuf_fetch
FNDA:0,log_time
FNDA:43649,serf__log
FNDA:9698,serf__log_nopref
FNDA:14823,serf__log_skt
FNF:24
FNH:18
DA:23,29993
DA:24,29993
DA:25,29993
DA:27,29993
DA:29,29993
DA:30,29993
DA:31,29993
DA:33,29993
DA:38,11949
DA:39,11949
DA:40,11949
DA:41,11949
DA:42,11949
DA:44,11949
DA:45,11949
DA:56,11949
DA:61,11949
DA:62,11840
DA:63,11840
DA:64,11840
DA:65,11840
DA:67,109
DA:70,11949
DA:75,0
DA:76,0
DA:77,0
DA:78,0
DA:79,0
DA:80,0
DA:87,0
DA:93,0
DA:94,0
DA:96,0
DA:101,0
DA:102,0
DA:104,0
DA:108,7565
DA:114,7565
DA:115,7565
DA:118,7565
DA:120,7565
DA:121,7565
DA:122,7565
DA:125,0
DA:126,0
DA:128,0
DA:134,241995
DA:135,241995
DA:136,241995
DA:138,241995
DA:139,725985
DA:140,241995
DA:141,241995
DA:145,0
DA:146,0
DA:147,0
DA:149,0
DA:150,0
DA:151,0
DA:155,0
DA:156,0
DA:158,0
DA:159,0
DA:160,0
DA:161,0
DA:164,303
DA:165,303
DA:167,303
DA:168,303
DA:169,303
DA:171,3030
DA:172,1212
DA:173,1212
DA:176,303
DA:178,303
DA:179,3030
DA:180,3636
DA:181,1212
DA:182,1212
DA:184,303
DA:185,303
DA:186,303
DA:188,303
DA:194,16563
DA:196,16563
DA:197,16563
DA:199,33126
DA:200,16557
DA:202,16557
DA:203,24
DA:205,16533
DA:207,33051
DA:208,16518
DA:209,16518
DA:210,16518
DA:211,16518
DA:213,15
DA:214,15
DA:215,15
DA:216,15
DA:217,15
DA:221,0
DA:222,0
DA:223,0
DA:225,30
DA:226,30
DA:227,30
DA:228,16593
DA:232,153157
DA:233,153157
DA:234,153157
DA:235,153157
DA:237,153157
DA:238,153157
DA:239,153157
DA:240,153157
DA:241,153157
DA:242,153157
DA:247,153157
DA:248,16563
DA:249,16563
DA:252,136594
DA:253,136594
DA:254,136594
DA:255,136594
DA:256,136594
DA:258,136615
DA:259,136573
DA:260,136573
DA:261,136594
DA:262,136585
DA:263,136585
DA:265,136594
DA:266,132690
DA:267,132597
DA:268,132597
DA:269,0
DA:270,0
DA:272,0
DA:273,132597
DA:274,93
DA:279,90
DA:280,90
DA:281,3
DA:282,3
DA:284,0
DA:285,132690
DA:286,3904
DA:287,216
DA:289,3688
DA:291,136594
DA:293,216
DA:294,216
DA:298,132690
DA:299,132690
DA:301,3688
DA:302,3688
DA:305,0
DA:308,136594
DA:309,289751
DA:315,264
DA:318,264
DA:321,264
DA:322,264
DA:326,28383
DA:327,28383
DA:329,28383
DA:330,28383
DA:333,28383
DA:334,18209
DA:337,10174
DA:339,0
DA:340,0
DA:344,10174
DA:346,14384
DA:347,6
DA:350,10168
DA:351,10168
DA:352,10168
DA:354,10168
DA:355,28383
DA:359,22772
DA:360,22772
DA:361,22772
DA:362,22772
DA:364,22772
DA:365,22772
DA:366,0
DA:369,42544
DA:370,7458
DA:373,22772
DA:374,22772
DA:377,22772
DA:378,22772
DA:385,68316
DA:386,22772
DA:390,4684
DA:391,4684
DA:392,4684
DA:393,4684
DA:394,4684
DA:396,4684
DA:397,4684
DA:398,0
DA:401,4684
DA:404,4684
DA:408,4684
DA:411,14052
DA:412,4684
DA:416,927
DA:417,927
DA:418,927
DA:420,927
DA:421,927
DA:422,6
DA:425,921
DA:426,921
DA:432,921
DA:433,0
DA:434,921
DA:435,927
DA:441,9389
DA:443,9389
DA:444,9389
DA:445,9389
DA:449,152998
DA:450,152998
DA:451,152998
DA:456,152998
DA:457,139831
DA:462,139831
DA:463,139831
DA:465,152998
DA:466,153010
DA:467,153010
DA:468,153010
DA:470,153010
DA:477,111
DA:478,111
DA:479,0
DA:481,111
DA:482,105
DA:488,105
DA:489,105
DA:498,105
DA:499,105
DA:501,6
DA:503,105
DA:505,152899
DA:507,152899
DA:509,169428
DA:510,0
DA:515,152908
DA:516,3
DA:518,152896
DA:519,0
DA:530,152896
DA:531,3700
DA:532,3700
DA:533,149196
DA:534,105
DA:537,105
DA:538,105
DA:544,149091
DA:546,149091
DA:552,458688
DA:553,152896
DA:560,297736
DA:561,152989
DA:566,12
DA:568,152998
DA:575,0
DA:577,0
DA:578,0
DA:582,0
DA:584,43649
DA:586,43649
DA:588,43649
DA:589,0
DA:591,0
DA:592,0
DA:594,0
DA:595,0
DA:596,0
DA:597,0
DA:598,43649
DA:600,9698
DA:602,9698
DA:604,9698
DA:605,0
DA:606,0
DA:607,0
DA:608,0
DA:609,9698
DA:611,14823
DA:612,14823
DA:614,14823
DA:616,14823
DA:617,0
DA:618,0
DA:620,0
DA:622,0
DA:623,0
DA:624,0
DA:625,0
DA:626,0
DA:627,0
DA:628,0
DA:629,0
DA:630,0
DA:631,0
DA:632,0
DA:633,0
DA:634,0
DA:635,0
DA:637,0
DA:638,0
DA:640,0
DA:641,0
DA:642,0
DA:643,0
DA:644,14823
LF:322
LH:240
end_of_record
SF:/usr/include/secure/_string.h
FN:59,__inline_memcpy_chk
FNDA:396103,__inline_memcpy_chk
FNF:1
FNH:1
DA:59,396103
DA:61,396103
LF:2
LH:2
end_of_record
TN:
SF:/Users/lgo/dev/serftrunk/buckets/bwtp_buckets.c
FN:64,serf_bucket_bwtp_channel_close
FN:80,serf_bucket_bwtp_channel_open
FN:97,serf_bucket_bwtp_header_create
FN:114,serf_bucket_bwtp_message_create
FN:131,serf_bucket_bwtp_frame_get_channel
FN:148,serf_bucket_bwtp_frame_get_type
FN:165,serf_bucket_bwtp_frame_get_phrase
FN:182,serf_bucket_bwtp_frame_get_headers
FN:199,count_size
FN:210,calc_header_size
FN:219,serialize_data
FN:254,serf_bwtp_frame_read
FN:265,serf_bwtp_frame_readline
FN:276,serf_bwtp_frame_read_iovec
FN:290,serf_bwtp_frame_peek
FN:313,serf_bucket_bwtp_incoming_frame_create
FN:333,bwtp_incoming_destroy_and_data
FN:349,fetch_line
FN:354,parse_status_line
FN:403,fetch_headers
FN:449,run_machine
FN:518,wait_for_body
FN:537,serf_bucket_bwtp_incoming_frame_wait_for_headers
FN:545,bwtp_incoming_read
FN:568,bwtp_incoming_readline
FNDA:0,serf_bucket_bwtp_channel_close
FNDA:0,serf_bucket_bwtp_channel_open
FNDA:0,serf_bucket_bwtp_header_create
FNDA:0,serf_bucket_bwtp_message_create
FNDA:0,serf_bucket_bwtp_frame_get_channel
FNDA:0,serf_bucket_bwtp_frame_get_type
FNDA:0,serf_bucket_bwtp_frame_get_phrase
FNDA:0,serf_bucket_bwtp_frame_get_headers
FNDA:0,count_size
FNDA:0,calc_header_size
FNDA:0,serialize_data
FNDA:0,serf_bwtp_frame_read
FNDA:0,serf_bwtp_frame_readline
FNDA:0,serf_bwtp_frame_read_iovec
FNDA:0,serf_bwtp_frame_peek
FNDA:0,serf_bucket_bwtp_incoming_frame_create
FNDA:0,bwtp_incoming_destroy_and_data
FNDA:0,fetch_line
FNDA:0,parse_status_line
FNDA:0,fetch_headers
FNDA:0,run_machine
FNDA:0,wait_for_body
FNDA:0,serf_bucket_bwtp_incoming_frame_wait_for_headers
FNDA:0,bwtp_incoming_read
FNDA:0,bwtp_incoming_readline
FNF:25
FNH:0
DA:65,0
DA:66,0
DA:68,0
DA:70,0
DA:71,0
DA:72,0
DA:73,0
DA:74,0
DA:75,0
DA:77,0
DA:81,0
DA:82,0
DA:83,0
DA:85,0
DA:87,0
DA:88,0
DA:89,0
DA:90,0
DA:91,0
DA:92,0
DA:94,0
DA:98,0
DA:99,0
DA:100,0
DA:102,0
DA:104,0
DA:105,0
DA:106,0
DA:107,0
DA:108,0
DA:109,0
DA:111,0
DA:115,0
DA:116,0
DA:117,0
DA:119,0
DA:121,0
DA:122,0
DA:123,0
DA:124,0
DA:125,0
DA:126,0
DA:128,0
DA:132,0
DA:134,0
DA:135,0
DA:137,0
DA:139,0
DA:140,0
DA:142,0
DA:145,0
DA:146,0
DA:149,0
DA:151,0
DA:152,0
DA:154,0
DA:156,0
DA:157,0
DA:159,0
DA:162,0
DA:163,0
DA:166,0
DA:168,0
DA:169,0
DA:171,0
DA:173,0
DA:174,0
DA:176,0
DA:179,0
DA:180,0
DA:183,0
DA:185,0
DA:186,0
DA:188,0
DA:190,0
DA:191,0
DA:193,0
DA:196,0
DA:197,0
DA:199,0
DA:201,0
DA:205,0
DA:207,0
DA:210,0
DA:212,0
DA:214,0
DA:216,0
DA:219,0
DA:221,0
DA:222,0
DA:223,0
DA:228,0
DA:231,0
DA:234,0
DA:242,0
DA:245,0
DA:246,0
DA:251,0
DA:252,0
DA:254,0
DA:255,0
DA:256,0
DA:259,0
DA:262,0
DA:265,0
DA:266,0
DA:267,0
DA:270,0
DA:273,0
DA:276,0
DA:277,0
DA:278,0
DA:279,0
DA:280,0
DA:283,0
DA:286,0
DA:290,0
DA:291,0
DA:292,0
DA:295,0
DA:298,0
DA:314,0
DA:315,0
DA:317,0
DA:319,0
DA:320,0
DA:321,0
DA:322,0
DA:323,0
DA:324,0
DA:325,0
DA:326,0
DA:328,0
DA:330,0
DA:333,0
DA:335,0
DA:337,0
DA:338,0
DA:339,0
DA:341,0
DA:342,0
DA:343,0
DA:344,0
DA:346,0
DA:347,0
DA:349,0
DA:351,0
DA:354,0
DA:355,0
DA:357,0
DA:358,0
DA:361,0
DA:362,0
DA:364,0
DA:367,0
DA:368,0
DA:369,0
DA:370,0
DA:371,0
DA:372,0
DA:374,0
DA:377,0
DA:380,0
DA:381,0
DA:382,0
DA:384,0
DA:387,0
DA:388,0
DA:389,0
DA:390,0
DA:392,0
DA:395,0
DA:396,0
DA:399,0
DA:400,0
DA:403,0
DA:405,0
DA:410,0
DA:411,0
DA:412,0
DA:416,0
DA:417,0
DA:418,0
DA:420,0
DA:421,0
DA:423,0
DA:427,0
DA:428,0
DA:432,0
DA:436,0
DA:438,0
DA:439,0
DA:449,0
DA:451,0
DA:453,0
DA:458,0
DA:459,0
DA:460,0
DA:462,0
DA:464,0
DA:465,0
DA:466,0
DA:468,0
DA:470,0
DA:471,0
DA:473,0
DA:474,0
DA:475,0
DA:476,0
DA:478,0
DA:479,0
DA:481,0
DA:487,0
DA:488,0
DA:491,0
DA:493,0
DA:494,0
DA:495,0
DA:500,0
DA:502,0
DA:503,0
DA:504,0
DA:507,0
DA:509,0
DA:512,0
DA:515,0
DA:516,0
DA:518,0
DA:520,0
DA:523,0
DA:524,0
DA:529,0
DA:530,0
DA:531,0
DA:534,0
DA:535,0
DA:538,0
DA:540,0
DA:542,0
DA:545,0
DA:546,0
DA:547,0
DA:549,0
DA:550,0
DA:552,0
DA:553,0
DA:555,0
DA:556,0
DA:557,0
DA:558,0
DA:561,0
DA:562,0
DA:563,0
DA:564,0
DA:565,0
DA:566,0
DA:568,0
DA:569,0
DA:570,0
DA:572,0
DA:573,0
DA:575,0
DA:576,0
DA:577,0
DA:581,0
DA:582,0
LF:266
LH:0
end_of_record
SF:/usr/include/ctype.h
FN:152,isascii
FN:170,__istype
FN:284,isspace
FNDA:0,isascii
FNDA:0,__istype
FNDA:0,isspace
FNF:3
FNH:0
DA:152,0
DA:154,0
DA:170,0
DA:175,0
DA:176,0
DA:284,0
DA:286,0
LF:7
LH:0
end_of_record
TN:
SF:/Users/lgo/dev/serftrunk/buckets/chunk_buckets.c
FN:39,serf_bucket_chunk_create
FN:54,create_chunk
FN:126,serf_chunk_read
FN:152,serf_chunk_readline
FN:170,serf_chunk_read_iovec
FN:199,serf_chunk_peek
FN:216,serf_chunk_destroy
FNDA:252,serf_bucket_chunk_create
FNDA:252,create_chunk
FNDA:0,serf_chunk_read
FNDA:0,serf_chunk_readline
FNDA:252,serf_chunk_read_iovec
FNDA:0,serf_chunk_peek
FNDA:252,serf_chunk_destroy
FNF:7
FNH:4
DA:40,252
DA:42,252
DA:44,252
DA:45,252
DA:46,252
DA:47,252
DA:49,252
DA:54,252
DA:56,252
DA:57,252
DA:58,252
DA:59,252
DA:60,252
DA:61,252
DA:62,252
DA:64,252
DA:65,0
DA:69,252
DA:72,504
DA:74,0
DA:78,252
DA:79,1008
DA:80,252
DA:81,252
DA:90,252
DA:92,252
DA:99,252
DA:101,252
DA:104,252
DA:105,252
DA:106,252
DA:109,252
DA:111,252
DA:112,252
DA:114,252
DA:115,252
DA:118,0
DA:121,252
DA:123,252
DA:124,252
DA:126,0
DA:127,0
DA:128,0
DA:130,0
DA:131,0
DA:134,0
DA:135,0
DA:136,0
DA:137,0
DA:139,0
DA:141,0
DA:144,0
DA:145,0
DA:146,0
DA:147,0
DA:149,0
DA:150,0
DA:152,0
DA:153,0
DA:154,0
DA:156,0
DA:157,0
DA:159,0
DA:162,0
DA:163,0
DA:164,0
DA:165,0
DA:167,0
DA:170,252
DA:171,252
DA:172,252
DA:173,252
DA:174,252
DA:176,252
DA:177,252
DA:180,252
DA:181,252
DA:182,252
DA:183,0
DA:185,252
DA:187,252
DA:191,504
DA:192,0
DA:193,0
DA:194,0
DA:196,252
DA:197,252
DA:199,0
DA:200,0
DA:201,0
DA:203,0
DA:204,0
DA:206,0
DA:209,0
DA:210,0
DA:211,0
DA:213,0
DA:216,252
DA:218,252
DA:220,252
DA:221,252
DA:223,252
DA:224,252
LF:103
LH:58
end_of_record
TN:
SF:/Users/lgo/dev/serftrunk/buckets/copy_buckets.c
FN:41,serf_bucket_copy_create
FN:56,serf_copy_read
FN:69,serf_copy_readline
FN:82,serf_copy_read_iovec
FN:132,serf_copy_read_for_sendfile
FN:147,serf_copy_read_bucket
FN:157,serf_copy_peek
FN:167,serf_copy_destroy
FNDA:0,serf_bucket_copy_create
FNDA:0,serf_copy_read
FNDA:0,serf_copy_readline
FNDA:0,serf_copy_read_iovec
FNDA:0,serf_copy_read_for_sendfile
FNDA:0,serf_copy_read_bucket
FNDA:0,serf_copy_peek
FNDA:0,serf_copy_destroy
FNF:8
FNH:0
DA:42,0
DA:43,0
DA:44,0
DA:46,0
DA:48,0
DA:49,0
DA:50,0
DA:51,0
DA:53,0
DA:56,0
DA:57,0
DA:58,0
DA:65,0
DA:69,0
DA:70,0
DA:71,0
DA:73,0
DA:78,0
DA:82,0
DA:83,0
DA:84,0
DA:85,0
DA:86,0
DA:88,0
DA:89,0
DA:90,0
DA:91,0
DA:93,0
DA:107,0
DA:108,0
DA:111,0
DA:112,0
DA:117,0
DA:118,0
DA:128,0
DA:129,0
DA:133,0
DA:134,0
DA:135,0
DA:136,0
DA:137,0
DA:138,0
DA:140,0
DA:142,0
DA:148,0
DA:149,0
DA:151,0
DA:153,0
DA:157,0
DA:158,0
DA:159,0
DA:161,0
DA:163,0
DA:167,0
DA:173,0
DA:174,0
LF:56
LH:0
end_of_record
TN:
SF:/Users/lgo/dev/serftrunk/buckets/dechunk_buckets.c
FN:40,serf_bucket_dechunk_create
FN:55,serf_dechunk_destroy_and_data
FN:64,serf_dechunk_read
FNDA:4680,serf_bucket_dechunk_create
FNDA:285,serf_dechunk_destroy_and_data
FNDA:29151,serf_dechunk_read
FNF:3
FNH:3
DA:41,4680
DA:42,4680
DA:44,4680
DA:46,4680
DA:47,4680
DA:48,4680
DA:50,4680
DA:52,4680
DA:55,285
DA:57,285
DA:59,285
DA:61,285
DA:62,285
DA:64,29151
DA:65,29151
DA:66,29151
DA:68,29151
DA:69,29151
DA:71,29151
DA:72,52850
DA:76,16539
DA:78,16617
DA:79,0
DA:82,16539
DA:85,16509
DA:86,0
DA:87,16509
DA:90,16509
DA:91,16509
DA:92,0
DA:95,16509
DA:97,4647
DA:98,4647
DA:99,4647
DA:102,11862
DA:106,16509
DA:107,11856
DA:108,4653
DA:114,4683
DA:116,4683
DA:120,24447
DA:121,13004
DA:122,13004
DA:125,24447
DA:126,27146
DA:127,0
DA:132,24447
DA:133,24447
DA:134,11856
DA:135,11856
DA:136,11856
DA:139,48894
DA:140,9
DA:144,24438
DA:148,11864
DA:149,11903
DA:150,0
DA:155,11864
DA:158,11878
DA:159,3
DA:161,11861
DA:162,11850
DA:163,11850
DA:166,11861
DA:168,11861
DA:169,18
DA:171,11843
DA:175,0
DA:176,0
DA:180,0
DA:182,11843
DA:184,29151
LF:72
LH:64
end_of_record
TN:
SF:/Users/lgo/dev/serftrunk/buckets/deflate_buckets.c
FN:73,getLong
FN:81,serf_bucket_deflate_create
FN:120,serf_deflate_destroy_and_data
FN:139,serf_deflate_read
FNDA:2,getLong
FNDA:4,serf_bucket_deflate_create
FNDA:1,serf_deflate_destroy_and_data
FNDA:5,serf_deflate_read
FNF:4
FNH:4
DA:73,2
DA:75,2
DA:82,4
DA:83,4
DA:84,4
DA:86,4
DA:88,4
DA:89,4
DA:90,4
DA:91,4
DA:92,4
DA:93,4
DA:95,12
DA:97,4
DA:99,4
DA:100,4
DA:103,0
DA:104,0
DA:107,0
DA:111,4
DA:113,4
DA:114,4
DA:115,4
DA:117,4
DA:118,4
DA:120,1
DA:122,1
DA:124,2
DA:126,0
DA:131,1
DA:132,0
DA:133,0
DA:134,1
DA:136,1
DA:137,1
DA:139,5
DA:140,5
DA:141,5
DA:143,5
DA:144,5
DA:145,5
DA:146,5
DA:147,5
DA:148,5
DA:150,5
DA:151,11
DA:154,5
DA:157,14
DA:158,3
DA:161,6
DA:164,2
DA:166,2
DA:167,2
DA:168,2
DA:169,0
DA:170,0
DA:172,2
DA:173,0
DA:174,0
DA:175,0
DA:177,2
DA:179,2
DA:181,0
DA:183,1
DA:184,0
DA:186,1
DA:187,1
DA:190,1
DA:191,1
DA:192,0
DA:194,1
DA:195,1
DA:196,0
DA:198,1
DA:199,1
DA:201,1
DA:202,1
DA:203,0
DA:205,1
DA:206,1
DA:207,1
DA:208,1
DA:210,1
DA:211,1
DA:212,1
DA:213,1
DA:214,1
DA:217,1
DA:219,2
DA:220,0
DA:223,1
DA:224,1
DA:225,1
DA:230,0
DA:231,0
DA:232,1
DA:233,1
DA:234,0
DA:244,1
DA:248,1
DA:253,2
DA:254,0
DA:257,1
DA:258,0
DA:259,0
DA:260,0
DA:261,0
DA:264,1
DA:265,1
DA:266,1
DA:267,1
DA:268,2
DA:270,1
DA:271,0
DA:272,0
DA:273,0
DA:275,0
DA:279,0
DA:282,0
DA:283,0
DA:284,0
DA:286,1
DA:288,1
DA:289,1
DA:291,1
DA:292,1
DA:295,1
DA:298,1
DA:300,1
DA:303,1
DA:304,1
DA:305,1
DA:310,1
DA:314,1
DA:316,1
DA:318,1
DA:320,1
DA:321,1
DA:324,0
DA:325,0
DA:328,0
DA:331,1
DA:333,0
DA:334,0
DA:336,0
DA:338,1
DA:341,1
DA:342,1
DA:346,1
DA:352,1
DA:353,1
DA:355,0
DA:357,0
DA:358,0
DA:361,1
DA:364,0
DA:366,6
DA:369,5
LF:158
LH:115
end_of_record
SF:/usr/include/secure/_string.h
FN:59,__inline_memcpy_chk
FN:81,__inline_memset_chk
FNDA:2,__inline_memcpy_chk
FNDA:4,__inline_memset_chk
FNF:2
FNH:2
DA:59,2
DA:61,2
DA:81,4
DA:83,4
LF:4
LH:4
end_of_record
TN:
SF:/Users/lgo/dev/serftrunk/buckets/file_buckets.c
FN:29,file_reader
FN:38,serf_bucket_file_create
FN:86,serf_file_read
FN:108,serf_file_readline
FN:131,serf_file_peek
FN:140,serf_file_get_remaining
FNDA:0,file_reader
FNDA:5,serf_bucket_file_create
FNDA:0,serf_file_read
FNDA:0,serf_file_readline
FNDA:0,serf_file_peek
FNDA:0,serf_file_get_remaining
FNF:6
FNH:1
DA:29,0
DA:30,0
DA:32,0
DA:34,0
DA:35,0
DA:39,5
DA:40,5
DA:42,5
DA:43,5
DA:44,5
DA:46,5
DA:56,15
DA:57,5
DA:58,5
DA:60,5
DA:62,5
DA:63,5
DA:65,0
DA:69,0
DA:70,0
DA:72,0
DA:73,0
DA:74,0
DA:76,0
DA:77,0
DA:78,0
DA:80,0
DA:83,0
DA:84,5
DA:86,0
DA:87,0
DA:88,0
DA:90,0
DA:91,0
DA:93,0
DA:95,0
DA:97,0
DA:101,0
DA:102,0
DA:103,0
DA:105,0
DA:106,0
DA:108,0
DA:109,0
DA:110,0
DA:112,0
DA:113,0
DA:115,0
DA:117,0
DA:119,0
DA:123,0
DA:124,0
DA:125,0
DA:127,0
DA:129,0
DA:131,0
DA:132,0
DA:133,0
DA:135,0
DA:137,0
DA:140,0
DA:142,0
DA:143,0
LF:63
LH:13
end_of_record
TN:
SF:/Users/lgo/dev/serftrunk/buckets/headers_buckets.c
FN:57,serf_bucket_headers_create
FN:70,serf_bucket_headers_setx
FN:117,serf_bucket_headers_set
FN:127,serf_bucket_headers_setc
FN:137,serf_bucket_headers_setn
FN:147,serf_bucket_headers_get
FN:197,serf_bucket_headers_do
FN:213,serf_headers_destroy_and_data
FN:233,select_value
FN:284,consume_chunk
FN:308,serf_headers_peek
FN:323,serf_headers_read
FN:352,serf_headers_readline
FN:378,serf_headers_read_iovec
FNDA:5021,serf_bucket_headers_create
FNDA:119297,serf_bucket_headers_setx
FNDA:30,serf_bucket_headers_set
FNDA:0,serf_bucket_headers_setc
FNDA:639,serf_bucket_headers_setn
FNDA:14415,serf_bucket_headers_get
FNDA:72,serf_bucket_headers_do
FNDA:596,serf_headers_destroy_and_data
FNDA:2913,select_value
FNDA:2913,consume_chunk
FNDA:0,serf_headers_peek
FNDA:2913,serf_headers_read
FNDA:0,serf_headers_readline
FNDA:330,serf_headers_read_iovec
FNF:14
FNH:11
DA:58,5021
DA:60,5021
DA:62,5021
DA:63,5021
DA:64,5021
DA:65,5021
DA:67,5021
DA:71,119297
DA:72,119297
DA:73,119297
DA:75,119297
DA:76,119297
DA:86,119297
DA:87,119297
DA:88,119297
DA:89,119297
DA:90,119297
DA:92,119297
DA:93,118628
DA:94,118628
DA:95,118628
DA:97,669
DA:100,119297
DA:101,118658
DA:102,118658
DA:103,118658
DA:105,639
DA:109,119297
DA:110,114276
DA:112,5021
DA:114,119297
DA:115,119297
DA:118,30
DA:119,30
DA:120,30
DA:122,30
DA:123,30
DA:124,30
DA:125,30
DA:128,0
DA:129,0
DA:130,0
DA:132,0
DA:133,0
DA:134,0
DA:135,0
DA:138,639
DA:139,639
DA:140,639
DA:142,639
DA:143,639
DA:144,639
DA:145,639
DA:148,14415
DA:149,14415
DA:151,14415
DA:152,14415
DA:153,14415
DA:154,14415
DA:155,14415
DA:157,385096
DA:158,356266
DA:159,4771
DA:171,15
DA:172,15
DA:174,45
DA:175,15
DA:176,45
DA:178,15
DA:180,15
DA:181,6
DA:182,15
DA:183,15
DA:184,15
DA:185,15
DA:187,4756
DA:188,4756
DA:190,4771
DA:191,356266
DA:192,356266
DA:194,14415
DA:198,72
DA:199,72
DA:200,72
DA:202,72
DA:203,72
DA:205,321
DA:206,177
DA:207,0
DA:209,177
DA:210,177
DA:211,72
DA:213,596
DA:215,596
DA:216,596
DA:218,2265
DA:219,1073
DA:221,1073
DA:222,434
DA:223,1073
DA:224,434
DA:225,1073
DA:227,1073
DA:228,1073
DA:230,596
DA:231,596
DA:234,2913
DA:235,2913
DA:236,2913
DA:238,2913
DA:239,2913
DA:241,2913
DA:242,309
DA:244,0
DA:245,0
DA:247,309
DA:248,309
DA:250,309
DA:251,309
DA:253,2913
DA:255,651
DA:256,651
DA:257,651
DA:259,651
DA:260,651
DA:261,651
DA:263,651
DA:264,651
DA:265,651
DA:268,960
DA:269,960
DA:270,960
DA:272,0
DA:273,0
DA:276,0
DA:279,2913
DA:280,2913
DA:281,5826
DA:284,2913
DA:287,2913
DA:288,2913
DA:291,2913
DA:292,309
DA:295,2604
DA:296,651
DA:297,651
DA:299,342
DA:300,342
DA:302,651
DA:305,2604
DA:306,2913
DA:308,0
DA:309,0
DA:310,0
DA:312,0
DA:314,0
DA:317,0
DA:318,0
DA:320,0
DA:321,0
DA:323,2913
DA:324,2913
DA:325,2913
DA:327,2913
DA:328,2913
DA:330,2913
DA:331,2913
DA:332,0
DA:333,0
DA:336,2913
DA:338,2913
DA:341,2913
DA:345,0
DA:346,0
DA:349,0
DA:350,2913
DA:352,0
DA:353,0
DA:354,0
DA:356,0
DA:357,0
DA:360,0
DA:361,0
DA:364,0
DA:365,0
DA:366,0
DA:369,0
DA:372,0
DA:375,0
DA:376,0
DA:378,330
DA:379,330
DA:380,330
DA:381,330
DA:382,330
DA:384,330
DA:385,330
DA:387,330
DA:389,5820
DA:390,2886
DA:391,2886
DA:392,2886
DA:399,2886
DA:401,2886
DA:402,2886
DA:403,2886
DA:405,2886
DA:407,2886
DA:408,549
DA:411,549
DA:412,0
DA:414,549
DA:415,2886
DA:417,2886
DA:418,306
DA:420,2580
DA:422,24
DA:423,330
LF:218
LH:176
end_of_record
SF:/usr/include/secure/_string.h
FN:59,__inline_memcpy_chk
FNDA:30,__inline_memcpy_chk
FNF:1
FNH:1
DA:59,30
DA:61,30
LF:2
LH:2
end_of_record
TN:
SF:/Users/lgo/dev/serftrunk/buckets/iovec_buckets.c
FN:33,serf_bucket_iovec_create
FN:56,serf_iovec_readline
FN:63,serf_iovec_read_iovec
FN:109,serf_iovec_read
FN:129,serf_iovec_peek
FN:151,serf_iovec_destroy
FNDA:267,serf_bucket_iovec_create
FNDA:0,serf_iovec_readline
FNDA:375,serf_iovec_read_iovec
FNDA:102,serf_iovec_read
FNDA:9,serf_iovec_peek
FNDA:252,serf_iovec_destroy
FNF:6
FNH:5
DA:34,267
DA:35,267
DA:36,267
DA:38,267
DA:39,267
DA:41,267
DA:42,267
DA:43,267
DA:44,267
DA:45,267
DA:48,2442
DA:49,954
DA:50,954
DA:51,954
DA:53,267
DA:56,0
DA:57,0
DA:58,0
DA:60,0
DA:63,375
DA:64,375
DA:65,375
DA:66,375
DA:67,375
DA:69,375
DA:71,375
DA:74,2652
DA:75,1059
DA:76,1059
DA:78,1263
DA:79,12
DA:80,1047
DA:81,90
DA:83,957
DA:84,957
DA:87,1149
DA:88,6
DA:89,6
DA:90,6
DA:91,6
DA:92,6
DA:95,951
DA:96,951
DA:97,951
DA:98,186
DA:99,951
DA:101,951
DA:103,642
DA:104,267
DA:106,108
DA:107,375
DA:109,102
DA:110,102
DA:111,102
DA:113,102
DA:114,102
DA:115,102
DA:117,102
DA:119,102
DA:120,99
DA:121,99
DA:122,99
DA:123,3
DA:126,102
DA:129,9
DA:130,9
DA:131,9
DA:133,9
DA:135,9
DA:136,3
DA:137,3
DA:142,6
DA:143,6
DA:145,6
DA:146,3
DA:148,3
DA:149,9
DA:151,252
DA:153,252
DA:155,252
DA:156,252
DA:157,252
LF:82
LH:78
end_of_record
TN:
SF:/Users/lgo/dev/serftrunk/buckets/limit_buckets.c
FN:28,serf_bucket_limit_create
FN:40,serf_limit_read
FN:74,serf_limit_readline
FN:100,serf_limit_peek
FN:109,serf_limit_destroy
FN:118,serf_limit_get_remaining
FNDA:0,serf_bucket_limit_create
FNDA:0,serf_limit_read
FNDA:0,serf_limit_readline
FNDA:0,serf_limit_peek
FNDA:0,serf_limit_destroy
FNDA:0,serf_limit_get_remaining
FNF:6
FNH:0
DA:29,0
DA:31,0
DA:33,0
DA:34,0
DA:35,0
DA:37,0
DA:40,0
DA:41,0
DA:42,0
DA:44,0
DA:45,0
DA:47,0
DA:48,0
DA:49,0
DA:52,0
DA:53,0
DA:54,0
DA:55,0
DA:56,0
DA:58,0
DA:60,0
DA:62,0
DA:63,0
DA:64,0
DA:67,0
DA:68,0
DA:69,0
DA:71,0
DA:72,0
DA:74,0
DA:75,0
DA:76,0
DA:78,0
DA:79,0
DA:81,0
DA:82,0
DA:83,0
DA:86,0
DA:88,0
DA:89,0
DA:90,0
DA:93,0
DA:94,0
DA:95,0
DA:97,0
DA:98,0
DA:100,0
DA:101,0
DA:102,0
DA:104,0
DA:106,0
DA:109,0
DA:111,0
DA:113,0
DA:115,0
DA:116,0
DA:118,0
DA:120,0
DA:122,0
LF:59
LH:0
end_of_record
TN:
SF:/Users/lgo/dev/serftrunk/buckets/mmap_buckets.c
FN:32,serf_bucket_mmap_create
FN:47,serf_mmap_read
FN:73,serf_mmap_readline
FN:102,serf_mmap_peek
FN:116,serf_mmap_get_remaining
FNDA:5,serf_bucket_mmap_create
FNDA:15,serf_mmap_read
FNDA:48,serf_mmap_readline
FNDA:5,serf_mmap_peek
FNDA:0,serf_mmap_get_remaining
FNF:5
FNH:4
DA:33,5
DA:34,5
DA:36,5
DA:38,5
DA:39,5
DA:40,5
DA:41,5
DA:42,5
DA:44,5
DA:47,15
DA:48,15
DA:49,15
DA:51,15
DA:53,30
DA:54,0
DA:55,0
DA:57,15
DA:61,15
DA:64,15
DA:65,15
DA:67,15
DA:68,2
DA:70,13
DA:71,15
DA:73,48
DA:74,48
DA:75,48
DA:77,48
DA:78,48
DA:81,48
DA:82,48
DA:87,48
DA:89,48
DA:91,48
DA:93,48
DA:94,48
DA:96,48
DA:97,3
DA:99,45
DA:100,48
DA:102,5
DA:103,5
DA:104,5
DA:106,5
DA:109,5
DA:110,5
DA:113,5
DA:116,0
DA:118,0
DA:119,0
LF:50
LH:45
end_of_record
TN:
SF:/Users/lgo/dev/serftrunk/buckets/request_buckets.c
FN:34,serf_bucket_request_create
FN:52,serf_bucket_request_set_CL
FN:61,serf_bucket_request_get_headers
FN:67,serf_bucket_request_set_root
FN:88,serialize_data
FN:146,serf_request_read
FN:157,serf_request_readline
FN:168,serf_request_read_iovec
FN:182,serf_request_peek
FN:193,serf_bucket_request_become
FNDA:303,serf_bucket_request_create
FNDA:0,serf_bucket_request_set_CL
FNDA:303,serf_bucket_request_get_headers
FNDA:3,serf_bucket_request_set_root
FNDA:303,serialize_data
FNDA:0,serf_request_read
FNDA:0,serf_request_readline
FNDA:303,serf_request_read_iovec
FNDA:0,serf_request_peek
FNDA:0,serf_bucket_request_become
FNF:10
FNH:5
DA:35,303
DA:36,303
DA:37,303
DA:38,303
DA:40,303
DA:42,303
DA:43,303
DA:44,303
DA:45,303
DA:46,303
DA:47,303
DA:49,303
DA:53,0
DA:54,0
DA:56,0
DA:58,0
DA:59,0
DA:62,303
DA:64,303
DA:68,3
DA:69,3
DA:71,3
DA:74,3
DA:75,0
DA:78,3
DA:79,3
DA:82,0
DA:86,3
DA:88,303
DA:90,303
DA:91,303
DA:92,303
DA:93,303
DA:94,303
DA:99,303
DA:100,303
DA:101,303
DA:102,303
DA:103,303
DA:104,303
DA:105,303
DA:106,303
DA:109,303
DA:110,303
DA:118,303
DA:121,303
DA:122,303
DA:126,303
DA:127,0
DA:128,0
DA:129,0
DA:130,0
DA:131,0
DA:132,0
DA:133,303
DA:135,252
DA:136,252
DA:137,252
DA:138,252
DA:143,303
DA:144,303
DA:146,0
DA:147,0
DA:148,0
DA:151,0
DA:154,0
DA:157,0
DA:158,0
DA:159,0
DA:162,0
DA:165,0
DA:168,303
DA:169,303
DA:170,303
DA:171,303
DA:172,303
DA:175,303
DA:178,303
DA:182,0
DA:183,0
DA:184,0
DA:187,0
DA:190,0
DA:194,0
DA:195,0
DA:196,0
DA:197,0
DA:199,0
DA:201,0
DA:202,0
DA:203,0
DA:204,0
DA:205,0
DA:207,0
DA:208,0
DA:211,0
LF:96
LH:55
end_of_record
TN:
SF:/Users/lgo/dev/serftrunk/buckets/response_body_buckets.c
FN:34,serf_bucket_response_body_create
FN:46,serf_response_body_read
FN:81,serf_response_body_readline
FN:108,serf_response_body_peek
FN:117,serf_response_body_destroy
FNDA:20,serf_bucket_response_body_create
FNDA:22,serf_response_body_read
FNDA:0,serf_response_body_readline
FNDA:0,serf_response_body_peek
FNDA:5,serf_response_body_destroy
FNF:5
FNH:3
DA:35,20
DA:37,20
DA:39,20
DA:40,20
DA:41,20
DA:43,20
DA:46,22
DA:47,22
DA:48,22
DA:49,22
DA:51,22
DA:52,22
DA:54,22
DA:55,1
DA:56,1
DA:59,30
DA:60,20
DA:61,20
DA:62,20
DA:63,0
DA:65,20
DA:67,21
DA:69,41
DA:70,21
DA:71,21
DA:73,35
DA:75,3
DA:76,3
DA:78,21
DA:79,22
DA:81,0
DA:82,0
DA:83,0
DA:84,0
DA:86,0
DA:87,0
DA:89,0
DA:90,0
DA:91,0
DA:94,0
DA:96,0
DA:97,0
DA:98,0
DA:100,0
DA:102,0
DA:103,0
DA:105,0
DA:106,0
DA:108,0
DA:109,0
DA:110,0
DA:112,0
DA:114,0
DA:117,5
DA:119,5
DA:121,5
DA:123,5
DA:124,5
LF:58
LH:34
end_of_record
TN:
SF:/Users/lgo/dev/serftrunk/buckets/response_buckets.c
FN:48,expect_body
FN:70,serf_bucket_response_create
FN:89,serf_bucket_response_set_head
FN:97,serf_bucket_response_get_headers
FN:104,serf_response_destroy_and_data
FN:120,fetch_line
FN:125,parse_status_line
FN:156,fetch_headers
FN:213,run_machine
FN:342,wait_for_body
FN:361,serf_bucket_response_wait_for_headers
FN:369,serf_bucket_response_status
FN:400,serf_response_read
FN:432,serf_response_readline
FN:448,serf_response_full_become_aggregate
FNDA:4709,expect_body
FNDA:4709,serf_bucket_response_create
FNDA:3,serf_bucket_response_set_head
FNDA:386,serf_bucket_response_get_headers
FNDA:290,serf_response_destroy_and_data
FNDA:136459,fetch_line
FNDA:4709,parse_status_line
FNDA:131572,fetch_headers
FNDA:136471,run_machine
FNDA:37768,wait_for_body
FNDA:156,serf_bucket_response_wait_for_headers
FNDA:207,serf_bucket_response_status
FNDA:37612,serf_response_read
FNDA:0,serf_response_readline
FNDA:3,serf_response_full_become_aggregate
FNF:15
FNH:14
DA:48,4709
DA:50,4709
DA:51,3
DA:54,9412
DA:55,3
DA:58,4703
DA:59,3
DA:64,4700
DA:65,3
DA:67,4697
DA:68,4709
DA:71,4709
DA:72,4709
DA:74,4709
DA:76,4709
DA:77,4709
DA:78,4709
DA:79,4709
DA:80,4709
DA:81,4709
DA:82,4709
DA:84,4709
DA:86,4709
DA:90,3
DA:92,3
DA:94,3
DA:95,3
DA:98,386
DA:100,386
DA:104,290
DA:106,290
DA:108,290
DA:109,290
DA:110,290
DA:112,290
DA:113,290
DA:114,290
DA:115,290
DA:117,290
DA:118,290
DA:120,136459
DA:122,136459
DA:125,4709
DA:126,4709
DA:128,4709
DA:129,4709
DA:132,4709
DA:133,4709
DA:135,0
DA:138,4709
DA:140,4709
DA:143,4709
DA:144,4706
DA:145,4706
DA:148,4709
DA:152,4709
DA:153,4709
DA:156,131572
DA:158,131572
DA:163,131572
DA:165,131572
DA:166,0
DA:167,147673
DA:168,0
DA:172,259550
DA:173,118628
DA:174,118628
DA:176,118628
DA:177,118628
DA:179,0
DA:183,118628
DA:186,474506
DA:188,237247
DA:190,118622
DA:192,118625
DA:196,118628
DA:200,118628
DA:202,131572
DA:203,131572
DA:213,136471
DA:215,136471
DA:217,136471
DA:222,4887
DA:225,4887
DA:226,0
DA:227,5249
DA:228,0
DA:230,4887
DA:232,4709
DA:233,4709
DA:234,0
DA:237,4709
DA:239,0
DA:240,0
DA:241,0
DA:245,4709
DA:246,4709
DA:252,178
DA:253,0
DA:256,4887
DA:258,126921
DA:259,134265
DA:260,0
DA:265,250254
DA:266,4709
DA:269,4709
DA:273,4709
DA:274,12
DA:275,12
DA:279,4697
DA:282,4697
DA:283,4697
DA:284,20
DA:285,20
DA:286,20
DA:287,0
DA:289,20
DA:291,20
DA:293,4677
DA:296,9354
DA:297,4677
DA:298,4677
DA:300,4677
DA:302,4697
DA:303,4697
DA:305,8
DA:307,4
DA:309,4
DA:310,0
DA:312,0
DA:314,0
DA:315,4
DA:316,4697
DA:317,126909
DA:320,0
DA:322,4651
DA:323,13408
DA:324,0
DA:327,9296
DA:328,4641
DA:329,4641
DA:331,10
DA:333,12
DA:336,0
DA:339,131818
DA:340,136471
DA:342,37768
DA:344,37768
DA:347,203349
DA:348,136292
DA:353,136292
DA:354,8479
DA:355,127813
DA:358,29289
DA:359,37768
DA:362,156
DA:364,156
DA:366,156
DA:370,207
DA:371,207
DA:373,207
DA:374,207
DA:376,207
DA:378,28
DA:379,28
DA:388,179
DA:389,179
DA:390,149
DA:391,149
DA:394,30
DA:397,179
DA:398,207
DA:400,37612
DA:401,37612
DA:402,37612
DA:404,37612
DA:405,37612
DA:407,37612
DA:408,37612
DA:410,12302
DA:411,8479
DA:412,8479
DA:413,8479
DA:416,29133
DA:417,36619
DA:418,15
DA:420,29118
DA:421,4655
DA:422,4644
DA:424,4644
DA:425,4644
DA:426,11
DA:428,4655
DA:429,29118
DA:430,37612
DA:432,0
DA:433,0
DA:434,0
DA:436,0
DA:437,0
DA:439,0
DA:440,0
DA:441,0
DA:445,0
DA:446,0
DA:448,3
DA:450,3
DA:451,3
DA:452,3
DA:453,3
DA:455,3
DA:458,3
DA:462,3
DA:464,3
DA:465,3
DA:467,3
DA:468,3
DA:470,3
DA:473,3
DA:474,3
DA:476,3
DA:478,3
LF:222
LH:193
end_of_record
SF:/usr/include/ctype.h
FN:152,isascii
FN:170,__istype
FN:284,isspace
FNDA:241956,isascii
FNDA:241956,__istype
FNDA:241956,isspace
FNF:3
FNH:3
DA:152,241956
DA:154,241956
DA:170,241956
DA:175,483912
DA:176,241956
DA:284,241956
DA:286,241956
LF:7
LH:7
end_of_record
TN:
SF:/Users/lgo/dev/serftrunk/buckets/simple_buckets.c
FN:33,free_copied_data
FN:38,serf_bucket_simple_create
FN:56,serf_bucket_simple_copy_create
FN:74,serf_bucket_simple_own_create
FN:91,serf_simple_read
FN:109,serf_simple_readline
FN:125,serf_simple_peek
FN:139,serf_simple_destroy
FN:149,serf_simple_get_remaining
FNDA:3780,free_copied_data
FNDA:392,serf_bucket_simple_create
FNDA:3555,serf_bucket_simple_copy_create
FNDA:405,serf_bucket_simple_own_create
FNDA:8987,serf_simple_read
FNDA:465,serf_simple_readline
FNDA:6,serf_simple_peek
FNDA:4061,serf_simple_destroy
FNDA:15,serf_simple_get_remaining
FNF:9
FNH:9
DA:33,3780
DA:35,3780
DA:36,3780
DA:39,392
DA:40,392
DA:41,392
DA:42,392
DA:43,392
DA:45,392
DA:47,392
DA:48,392
DA:49,392
DA:50,392
DA:51,392
DA:53,392
DA:57,3555
DA:58,3555
DA:60,3555
DA:62,3555
DA:64,3555
DA:65,10665
DA:67,3555
DA:68,3555
DA:69,3555
DA:71,3555
DA:75,405
DA:76,405
DA:78,405
DA:80,405
DA:82,405
DA:84,405
DA:85,405
DA:86,405
DA:88,405
DA:91,8987
DA:92,8987
DA:93,8987
DA:95,8987
DA:97,17242
DA:98,4087
DA:100,8987
DA:101,8987
DA:103,8987
DA:104,8987
DA:106,8987
DA:109,465
DA:110,465
DA:111,465
DA:113,465
DA:116,465
DA:117,465
DA:120,465
DA:122,465
DA:125,6
DA:126,6
DA:127,6
DA:129,6
DA:132,6
DA:133,6
DA:136,6
DA:139,4061
DA:141,4061
DA:143,4061
DA:144,3780
DA:146,4061
DA:147,4061
DA:149,15
DA:151,15
DA:152,15
LF:69
LH:69
end_of_record
SF:/usr/include/secure/_string.h
FN:59,__inline_memcpy_chk
FNDA:3555,__inline_memcpy_chk
FNF:1
FNH:1
DA:59,3555
DA:61,3555
LF:2
LH:2
end_of_record
TN:
SF:/Users/lgo/dev/serftrunk/buckets/socket_buckets.c
FN:35,socket_reader
FN:62,serf_bucket_socket_create
FN:81,serf_bucket_socket_set_read_progress_cb
FN:92,serf_socket_read
FN:101,serf_socket_readline
FN:110,serf_socket_peek
FNDA:3334,socket_reader
FNDA:150,serf_bucket_socket_create
FNDA:3,serf_bucket_socket_set_read_progress_cb
FNDA:10175,serf_socket_read
FNDA:2794,serf_socket_readline
FNDA:3,serf_socket_peek
FNF:6
FNH:6
DA:35,3334
DA:36,3334
DA:38,3334
DA:39,3334
DA:41,3334
DA:42,3334
DA:44,3489
DA:45,0
DA:48,3334
DA:49,3179
DA:51,3179
DA:54,3179
DA:56,3348
DA:57,10
DA:59,3334
DA:63,150
DA:64,150
DA:66,150
DA:69,150
DA:70,150
DA:72,150
DA:73,150
DA:74,150
DA:76,150
DA:77,150
DA:78,150
DA:82,3
DA:83,3
DA:84,3
DA:86,3
DA:88,3
DA:89,3
DA:90,3
DA:92,10175
DA:93,10175
DA:94,10175
DA:96,10175
DA:98,10175
DA:101,2794
DA:102,2794
DA:103,2794
DA:105,2794
DA:107,2794
DA:110,3
DA:111,3
DA:112,3
DA:114,3
DA:116,3
LF:48
LH:47
end_of_record
TN:
SF:/Users/lgo/dev/serftrunk/buckets/ssl_buckets.c
FN:238,bio_bucket_read
FN:282,bio_bucket_write
FN:310,bio_file_read
FN:335,bio_file_write
FN:348,bio_file_gets
FN:353,bio_bucket_create
FN:363,bio_bucket_destroy
FN:373,bio_bucket_ctrl
FN:423,validate_server_certificate
FN:580,ssl_decrypt
FN:691,ssl_encrypt
FN:896,ssl_dyn_create
FN:909,ssl_dyn_lock
FN:920,ssl_dyn_destroy
FN:926,ssl_lock
FN:936,ssl_id
FN:942,cleanup_ssl
FN:957,init_ssl_libraries
FN:1015,ssl_need_client_cert
FN:1145,serf_ssl_client_cert_provider_set
FN:1161,serf_ssl_client_cert_password_set
FN:1177,serf_ssl_server_cert_callback_set
FN:1186,serf_ssl_server_cert_chain_callback_set
FN:1197,ssl_init_context
FN:1260,ssl_free_context
FN:1280,serf_bucket_ssl_create
FN:1299,serf_ssl_set_hostname
FN:1310,serf_ssl_use_default_certificates
FN:1319,serf_ssl_load_cert_file
FN:1342,serf_ssl_trust_cert
FN:1354,serf_bucket_ssl_decrypt_create
FN:1378,serf_bucket_ssl_decrypt_context_get
FN:1386,serf_bucket_ssl_encrypt_create
FN:1429,serf_bucket_ssl_encrypt_context_get
FN:1440,convert_X509_NAME_to_table
FN:1487,serf_ssl_cert_depth
FN:1493,serf_ssl_cert_issuer
FN:1506,serf_ssl_cert_subject
FN:1519,serf_ssl_cert_certificate
FN:1605,serf_ssl_cert_export
FN:1634,disable_compression
FN:1641,serf_ssl_use_compression
FN:1658,serf_ssl_destroy_and_data
FN:1669,serf_ssl_decrypt_destroy_and_data
FN:1678,serf_ssl_encrypt_destroy_and_data
FN:1714,serf_ssl_read
FN:1723,serf_ssl_readline
FN:1733,serf_ssl_peek
FNDA:6042,bio_bucket_read
FNDA:1560,bio_bucket_write
FNDA:6,bio_file_read
FNDA:0,bio_file_write
FNDA:0,bio_file_gets
FNDA:60,bio_bucket_create
FNDA:54,bio_bucket_destroy
FNDA:162,bio_bucket_ctrl
FNDA:171,validate_server_certificate
FNDA:3018,ssl_decrypt
FNDA:3822,ssl_encrypt
FNDA:0,ssl_dyn_create
FNDA:0,ssl_dyn_lock
FNDA:0,ssl_dyn_destroy
FNDA:59882,ssl_lock
FNDA:3129,ssl_id
FNDA:3,cleanup_ssl
FNDA:57,init_ssl_libraries
FNDA:48,ssl_need_client_cert
FNDA:3,serf_ssl_client_cert_provider_set
FNDA:3,serf_ssl_client_cert_password_set
FNDA:21,serf_ssl_server_cert_callback_set
FNDA:6,serf_ssl_server_cert_chain_callback_set
FNDA:57,ssl_init_context
FNDA:54,ssl_free_context
FNDA:114,serf_bucket_ssl_create
FNDA:54,serf_ssl_set_hostname
FNDA:3,serf_ssl_use_default_certificates
FNDA:54,serf_ssl_load_cert_file
FNDA:39,serf_ssl_trust_cert
FNDA:57,serf_bucket_ssl_decrypt_create
FNDA:3,serf_bucket_ssl_decrypt_context_get
FNDA:57,serf_bucket_ssl_encrypt_create
FNDA:54,serf_bucket_ssl_encrypt_context_get
FNDA:33,convert_X509_NAME_to_table
FNDA:0,serf_ssl_cert_depth
FNDA:3,serf_ssl_cert_issuer
FNDA:30,serf_ssl_cert_subject
FNDA:3,serf_ssl_cert_certificate
FNDA:3,serf_ssl_cert_export
FNDA:57,disable_compression
FNDA:0,serf_ssl_use_compression
FNDA:108,serf_ssl_destroy_and_data
FNDA:54,serf_ssl_decrypt_destroy_and_data
FNDA:54,serf_ssl_encrypt_destroy_and_data
FNDA:12597,serf_ssl_read
FNDA:1890,serf_ssl_readline
FNDA:924,serf_ssl_peek
FNF:48
FNH:41
DA:238,6042
DA:240,6042
DA:241,6042
DA:242,6042
DA:243,6042
DA:245,6042
DA:248,6042
DA:249,894
DA:252,300
DA:253,300
DA:255,300
DA:256,300
DA:257,300
DA:259,6042
DA:261,6042
DA:263,6042
DA:266,10164
DA:268,6042
DA:269,10413
DA:270,3471
DA:272,2571
DA:273,2571
DA:274,2571
DA:276,0
DA:278,0
DA:279,6042
DA:282,1560
DA:284,1560
DA:285,1560
DA:287,1560
DA:290,1560
DA:291,54
DA:294,54
DA:295,54
DA:297,54
DA:298,54
DA:299,54
DA:301,1560
DA:304,1560
DA:306,1560
DA:310,6
DA:312,6
DA:313,6
DA:314,6
DA:316,6
DA:318,6
DA:319,6
DA:321,6
DA:323,6
DA:324,0
DA:325,0
DA:327,6
DA:331,0
DA:332,6
DA:335,0
DA:337,0
DA:338,0
DA:340,0
DA:342,0
DA:343,0
DA:345,0
DA:348,0
DA:350,0
DA:353,60
DA:355,60
DA:356,60
DA:357,60
DA:358,60
DA:360,60
DA:363,54
DA:366,54
DA:367,0
DA:370,54
DA:371,54
DA:373,162
DA:375,162
DA:377,162
DA:380,0
DA:383,54
DA:386,108
DA:387,108
DA:389,162
DA:423,171
DA:425,171
DA:426,171
DA:427,171
DA:428,171
DA:429,171
DA:431,171
DA:432,171
DA:433,171
DA:435,171
DA:436,171
DA:440,171
DA:441,27
DA:443,27
DA:445,3
DA:446,3
DA:448,3
DA:449,3
DA:452,9
DA:453,9
DA:458,9
DA:459,9
DA:461,0
DA:462,0
DA:464,3
DA:465,3
DA:467,27
DA:470,171
DA:471,6
DA:472,6
DA:473,165
DA:474,6
DA:475,6
DA:477,294
DA:479,42
DA:480,42
DA:481,42
DA:483,42
DA:485,42
DA:486,42
DA:487,42
DA:490,42
DA:492,42
DA:493,36
DA:497,6
DA:499,6
DA:501,42
DA:502,42
DA:504,207
DA:506,9
DA:507,9
DA:508,9
DA:509,9
DA:510,9
DA:512,9
DA:515,9
DA:520,9
DA:521,0
DA:523,0
DA:524,0
DA:527,0
DA:528,0
DA:530,0
DA:531,0
DA:532,9
DA:534,9
DA:537,9
DA:538,72
DA:539,27
DA:541,27
DA:542,27
DA:543,27
DA:545,27
DA:546,27
DA:548,9
DA:551,9
DA:554,9
DA:555,9
DA:556,9
DA:559,0
DA:561,0
DA:564,9
DA:565,9
DA:569,183
DA:573,3
DA:574,3
DA:576,171
DA:580,3018
DA:581,3018
DA:583,3018
DA:584,3018
DA:585,3018
DA:586,3018
DA:587,3018
DA:589,3018
DA:590,0
DA:592,3018
DA:595,3018
DA:596,3018
DA:597,1365
DA:600,1365
DA:601,1365
DA:602,1365
DA:605,1653
DA:607,3498
DA:608,1557
DA:610,1557
DA:614,1557
DA:617,1557
DA:619,1557
DA:620,1557
DA:621,822
DA:623,822
DA:624,822
DA:626,0
DA:629,0
DA:630,0
DA:633,816
DA:634,816
DA:635,816
DA:637,6
DA:638,6
DA:639,6
DA:640,6
DA:641,6
DA:642,0
DA:644,6
DA:646,0
DA:647,0
DA:648,0
DA:650,1557
DA:652,0
DA:653,0
DA:656,0
DA:658,0
DA:660,0
DA:666,0
DA:669,0
DA:670,0
DA:672,0
DA:674,0
DA:675,735
DA:676,735
DA:679,1557
DA:681,96
DA:683,1653
DA:685,1653
DA:687,1653
DA:688,3018
DA:691,3822
DA:692,3822
DA:694,3822
DA:695,3822
DA:696,3822
DA:697,3822
DA:699,3822
DA:700,0
DA:702,3822
DA:705,3822
DA:706,7644
DA:707,0
DA:711,3822
DA:712,4338
DA:713,1446
DA:714,1446
DA:715,1446
DA:717,1446
DA:718,1446
DA:720,1446
DA:723,4698
DA:724,0
DA:726,0
DA:728,0
DA:732,2376
DA:733,2322
DA:735,2322
DA:736,2322
DA:738,2322
DA:739,2322
DA:740,2322
DA:743,2376
DA:744,2376
DA:745,2376
DA:747,2376
DA:748,2376
DA:749,2376
DA:751,2376
DA:755,6696
DA:756,1554
DA:757,1554
DA:758,1554
DA:762,1554
DA:763,7770
DA:764,2331
DA:765,2331
DA:767,1554
DA:770,1554
DA:771,7770
DA:772,6993
DA:773,2331
DA:774,2331
DA:776,1554
DA:777,1554
DA:779,1554
DA:784,1554
DA:786,1554
DA:788,1554
DA:792,1554
DA:793,102
DA:798,102
DA:799,102
DA:802,102
DA:805,102
DA:807,102
DA:810,102
DA:813,0
DA:814,0
DA:815,0
DA:817,0
DA:820,102
DA:821,102
DA:822,102
DA:824,0
DA:829,102
DA:832,102
DA:834,1452
DA:836,1452
DA:840,1554
DA:841,2376
DA:843,0
DA:844,0
DA:845,0
DA:848,6150
DA:851,4434
DA:852,2376
DA:853,2376
DA:854,2376
DA:857,2376
DA:859,2376
DA:860,7764
DA:861,4518
DA:862,1506
DA:863,1506
DA:865,2376
DA:869,2376
DA:870,1398
DA:871,1398
DA:872,2376
DA:874,2376
DA:875,204
DA:876,102
DA:877,102
DA:878,102
DA:880,2376
DA:882,2376
DA:883,2376
DA:885,2376
DA:886,3822
DA:896,0
DA:898,0
DA:899,0
DA:901,0
DA:902,0
DA:903,0
DA:905,0
DA:906,0
DA:909,0
DA:910,0
DA:912,0
DA:913,0
DA:914,0
DA:915,0
DA:916,0
DA:917,0
DA:918,0
DA:920,0
DA:921,0
DA:923,0
DA:924,0
DA:926,59882
DA:928,59882
DA:929,29941
DA:930,29941
DA:931,29941
DA:932,29941
DA:933,29941
DA:934,59882
DA:939,3129
DA:942,3
DA:944,3
DA:945,3
DA:946,3
DA:947,3
DA:948,3
DA:950,3
DA:959,57
DA:961,57
DA:966,57
DA:968,3
DA:974,3
DA:976,3
DA:977,0
DA:981,0
DA:984,3
DA:985,3
DA:986,3
DA:987,3
DA:988,3
DA:991,3
DA:992,3
DA:993,3
DA:994,252
DA:995,123
DA:998,123
DA:1000,123
DA:1002,0
DA:1003,123
DA:1004,3
DA:1005,3
DA:1006,3
DA:1007,3
DA:1008,3
DA:1010,3
DA:1012,3
DA:1013,57
DA:1015,48
DA:1017,48
DA:1018,48
DA:1020,48
DA:1022,48
DA:1023,0
DA:1024,0
DA:1025,0
DA:1028,96
DA:1029,3
DA:1030,3
DA:1031,3
DA:1032,3
DA:1033,3
DA:1034,3
DA:1036,3
DA:1037,0
DA:1038,0
DA:1039,0
DA:1040,0
DA:1041,0
DA:1042,3
DA:1045,6
DA:1046,0
DA:1050,3
DA:1053,3
DA:1054,0
DA:1057,3
DA:1058,3
DA:1060,3
DA:1061,3
DA:1062,3
DA:1064,3
DA:1066,3
DA:1067,0
DA:1068,0
DA:1069,0
DA:1070,0
DA:1071,0
DA:1073,0
DA:1075,0
DA:1078,0
DA:1079,0
DA:1082,3
DA:1083,3
DA:1084,6
DA:1086,3
DA:1087,3
DA:1089,3
DA:1090,0
DA:1091,0
DA:1092,0
DA:1093,0
DA:1094,3
DA:1099,6
DA:1100,3
DA:1101,3
DA:1102,3
DA:1103,3
DA:1104,3
DA:1105,6
DA:1106,3
DA:1108,3
DA:1111,3
DA:1114,3
DA:1115,6
DA:1116,3
DA:1118,3
DA:1121,3
DA:1124,3
DA:1125,3
DA:1127,0
DA:1128,0
DA:1129,0
DA:1130,0
DA:1133,0
DA:1136,0
DA:1139,0
DA:1141,45
DA:1142,48
DA:1146,3
DA:1147,3
DA:1148,3
DA:1149,3
DA:1151,3
DA:1152,3
DA:1153,3
DA:1154,3
DA:1155,3
DA:1157,3
DA:1158,3
DA:1162,3
DA:1163,3
DA:1164,3
DA:1165,3
DA:1167,3
DA:1168,3
DA:1169,3
DA:1170,3
DA:1171,3
DA:1173,3
DA:1174,3
DA:1178,21
DA:1179,21
DA:1180,21
DA:1182,21
DA:1183,21
DA:1184,21
DA:1187,6
DA:1188,6
DA:1189,6
DA:1190,6
DA:1192,6
DA:1193,6
DA:1194,6
DA:1195,6
DA:1197,57
DA:1199,57
DA:1201,57
DA:1203,57
DA:1205,57
DA:1206,57
DA:1207,57
DA:1209,57
DA:1211,57
DA:1212,57
DA:1213,57
DA:1214,57
DA:1215,57
DA:1217,57
DA:1218,57
DA:1219,57
DA:1220,57
DA:1222,57
DA:1224,57
DA:1226,57
DA:1228,57
DA:1229,57
DA:1230,57
DA:1232,57
DA:1234,57
DA:1236,57
DA:1242,57
DA:1243,57
DA:1244,57
DA:1245,57
DA:1246,57
DA:1247,57
DA:1248,57
DA:1250,57
DA:1251,57
DA:1252,57
DA:1253,57
DA:1254,57
DA:1255,57
DA:1257,57
DA:1261,54
DA:1264,54
DA:1265,54
DA:1266,54
DA:1267,54
DA:1268,0
DA:1269,0
DA:1272,54
DA:1273,54
DA:1275,54
DA:1277,54
DA:1281,114
DA:1282,114
DA:1283,114
DA:1285,114
DA:1287,114
DA:1288,114
DA:1289,57
DA:1290,57
DA:1292,57
DA:1294,114
DA:1296,114
DA:1299,54
DA:1300,54
DA:1303,54
DA:1304,0
DA:1305,0
DA:1307,54
DA:1310,3
DA:1312,3
DA:1314,3
DA:1316,3
DA:1320,54
DA:1321,54
DA:1322,54
DA:1324,54
DA:1326,54
DA:1327,54
DA:1328,54
DA:1330,54
DA:1331,54
DA:1332,54
DA:1334,54
DA:1336,0
DA:1338,0
DA:1339,54
DA:1343,39
DA:1344,39
DA:1346,39
DA:1348,39
DA:1350,39
DA:1355,57
DA:1356,57
DA:1357,57
DA:1359,57
DA:1360,57
DA:1362,57
DA:1365,57
DA:1367,57
DA:1368,57
DA:1369,0
DA:1371,57
DA:1372,57
DA:1374,57
DA:1375,57
DA:1379,3
DA:1381,3
DA:1382,3
DA:1387,57
DA:1388,57
DA:1389,57
DA:1391,57
DA:1392,57
DA:1394,57
DA:1397,57
DA:1399,57
DA:1400,57
DA:1401,57
DA:1402,57
DA:1403,57
DA:1404,57
DA:1405,57
DA:1407,0
DA:1409,0
DA:1411,0
DA:1412,0
DA:1413,0
DA:1414,0
DA:1415,0
DA:1417,0
DA:1419,0
DA:1420,0
DA:1421,0
DA:1425,57
DA:1430,54
DA:1432,54
DA:1433,54
DA:1440,33
DA:1442,33
DA:1443,33
DA:1445,33
DA:1447,33
DA:1450,33
DA:1451,33
DA:1452,33
DA:1455,33
DA:1456,33
DA:1457,33
DA:1460,33
DA:1461,33
DA:1462,33
DA:1465,33
DA:1466,33
DA:1467,33
DA:1470,33
DA:1471,33
DA:1472,33
DA:1475,33
DA:1476,33
DA:1477,33
DA:1480,33
DA:1481,33
DA:1483,33
DA:1487,0
DA:1489,0
DA:1494,3
DA:1495,3
DA:1497,3
DA:1499,3
DA:1500,0
DA:1502,3
DA:1503,3
DA:1507,30
DA:1508,30
DA:1510,30
DA:1512,30
DA:1513,0
DA:1515,30
DA:1516,30
DA:1520,3
DA:1521,3
DA:1523,3
DA:1524,3
DA:1525,3
DA:1526,3
DA:1527,3
DA:1530,3
DA:1531,3
DA:1533,3
DA:1535,126
DA:1536,60
DA:1537,60
DA:1538,60
DA:1539,60
DA:1540,3
DA:1541,3
DA:1543,0
DA:1545,3
DA:1546,3
DA:1547,3
DA:1550,3
DA:1551,3
DA:1552,3
DA:1553,3
DA:1555,3
DA:1556,3
DA:1557,3
DA:1558,3
DA:1559,3
DA:1560,3
DA:1561,3
DA:1562,3
DA:1563,3
DA:1564,3
DA:1565,3
DA:1566,3
DA:1567,3
DA:1568,3
DA:1569,3
DA:1570,3
DA:1573,3
DA:1574,3
DA:1575,0
DA:1576,0
DA:1578,0
DA:1580,0
DA:1581,0
DA:1582,0
DA:1583,0
DA:1585,0
DA:1587,0
DA:1589,0
DA:1592,0
DA:1594,0
DA:1595,0
DA:1596,0
DA:1597,0
DA:1598,0
DA:1599,0
DA:1601,3
DA:1606,3
DA:1607,3
DA:1609,3
DA:1610,3
DA:1611,3
DA:1612,3
DA:1615,3
DA:1616,3
DA:1617,0
DA:1620,3
DA:1621,3
DA:1622,3
DA:1623,3
DA:1624,0
DA:1627,3
DA:1628,3
DA:1630,3
DA:1631,3
DA:1634,57
DA:1637,57
DA:1639,57
DA:1641,0
DA:1643,0
DA:1645,0
DA:1646,0
DA:1650,0
DA:1651,0
DA:1656,0
DA:1658,108
DA:1660,108
DA:1662,108
DA:1663,54
DA:1664,54
DA:1666,108
DA:1667,108
DA:1669,54
DA:1671,54
DA:1673,54
DA:1675,54
DA:1676,54
DA:1678,54
DA:1680,54
DA:1681,54
DA:1683,54
DA:1684,54
DA:1685,54
DA:1688,54
DA:1689,54
DA:1692,54
DA:1693,54
DA:1694,54
DA:1695,54
DA:1697,0
DA:1699,0
DA:1700,0
DA:1702,0
DA:1703,0
DA:1704,0
DA:1706,54
DA:1709,0
DA:1711,54
DA:1712,108
DA:1714,12597
DA:1715,12597
DA:1716,12597
DA:1718,12597
DA:1720,12597
DA:1723,1890
DA:1724,1890
DA:1725,1890
DA:1726,1890
DA:1728,1890
DA:1730,1890
DA:1733,924
DA:1734,924
DA:1735,924
DA:1737,924
DA:1739,924
LF:841
LH:673
end_of_record
SF:/usr/include/secure/_string.h
FN:59,__inline_memcpy_chk
FNDA:8754,__inline_memcpy_chk
FNF:1
FNH:1
DA:59,8754
DA:61,8754
LF:2
LH:2
end_of_record
TN:
SF:/Users/lgo/dev/serftrunk/context.c
FN:30,serf__context_progress_delta
FN:48,check_dirty_pollsets
FN:80,pollset_add
FN:89,pollset_rm
FN:99,serf_config_proxy
FN:106,serf_config_credentials_callback
FN:113,serf_config_authn_types
FN:120,serf_context_create_ex
FN:177,serf_context_create
FN:182,serf_context_prerun
FN:194,serf_event_trigger
FN:263,serf_context_run
FN:306,serf_context_set_progress_cb
FN:316,serf_context_bucket_socket_create
FN:333,serf_lib_version
FN:341,serf_error_string
FNDA:3260,serf__context_progress_delta
FNDA:2535,check_dirty_pollsets
FNDA:610,pollset_add
FNDA:649,pollset_rm
FNDA:21,serf_config_proxy
FNDA:36,serf_config_credentials_callback
FNDA:36,serf_config_authn_types
FNDA:108,serf_context_create_ex
FNDA:108,serf_context_create
FNDA:2535,serf_context_prerun
FNDA:1713,serf_event_trigger
FNDA:2535,serf_context_run
FNDA:3,serf_context_set_progress_cb
FNDA:3,serf_context_bucket_socket_create
FNDA:0,serf_lib_version
FNDA:0,serf_error_string
FNF:16
FNH:14
DA:31,3260
DA:32,3260
DA:33,3260
DA:35,3260
DA:37,3260
DA:38,3260
DA:40,3260
DA:41,25
DA:44,3260
DA:48,2535
DA:50,2535
DA:53,2535
DA:54,1925
DA:57,1830
DA:58,610
DA:59,610
DA:62,610
DA:63,0
DA:67,610
DA:69,610
DA:70,0
DA:71,610
DA:74,610
DA:76,610
DA:77,2535
DA:80,610
DA:81,610
DA:82,610
DA:84,610
DA:85,610
DA:86,610
DA:89,649
DA:90,649
DA:91,649
DA:93,649
DA:94,649
DA:95,649
DA:99,21
DA:100,21
DA:102,21
DA:103,21
DA:106,36
DA:107,36
DA:109,36
DA:110,36
DA:113,36
DA:114,36
DA:116,36
DA:117,36
DA:121,108
DA:122,108
DA:123,108
DA:124,108
DA:126,108
DA:128,108
DA:130,108
DA:131,0
DA:132,0
DA:133,0
DA:134,0
DA:137,108
DA:156,108
DA:158,108
DA:159,108
DA:160,108
DA:164,108
DA:167,108
DA:168,108
DA:170,108
DA:171,108
DA:173,108
DA:177,108
DA:179,108
DA:182,2535
DA:184,2535
DA:185,2535
DA:186,0
DA:188,2535
DA:189,0
DA:190,2535
DA:191,2535
DA:195,1713
DA:196,1713
DA:197,1713
DA:199,1713
DA:200,1713
DA:201,1713
DA:203,1713
DA:204,1713
DA:205,1713
DA:210,1713
DA:211,0
DA:212,0
DA:213,0
DA:214,0
DA:216,0
DA:219,3426
DA:221,0
DA:224,1713
DA:226,1713
DA:231,15
DA:232,15
DA:233,15
DA:234,15
DA:235,15
DA:237,15
DA:238,15
DA:240,1698
DA:241,0
DA:242,0
DA:244,0
DA:246,0
DA:247,0
DA:249,0
DA:250,0
DA:251,0
DA:253,0
DA:255,0
DA:256,0
DA:258,0
DA:259,1698
DA:260,1713
DA:264,2535
DA:265,2535
DA:266,2535
DA:268,2535
DA:269,2535
DA:270,2535
DA:271,2535
DA:273,2535
DA:274,0
DA:277,2535
DA:281,909
DA:282,0
DA:288,909
DA:291,4950
DA:292,1713
DA:294,1713
DA:295,1713
DA:296,15
DA:299,1698
DA:300,1698
DA:302,1611
DA:303,2535
DA:307,3
DA:308,3
DA:309,3
DA:311,3
DA:312,3
DA:313,3
DA:317,3
DA:318,3
DA:319,3
DA:321,3
DA:324,3
DA:328,3
DA:333,0
DA:335,0
DA:336,0
DA:337,0
DA:338,0
DA:341,0
DA:343,0
DA:346,0
DA:348,0
DA:350,0
DA:352,0
DA:354,0
DA:356,0
DA:358,0
DA:360,0
DA:362,0
DA:364,0
DA:366,0
DA:368,0
DA:370,0
DA:372,0
DA:374,0
DA:376,0
DA:378,0
DA:380,0
DA:383,0
DA:387,0
LF:183
LH:128
end_of_record
SF:/usr/include/secure/_string.h
FN:81,__inline_memset_chk
FNDA:216,__inline_memset_chk
FNF:1
FNH:1
DA:81,216
DA:83,216
LF:2
LH:2
end_of_record
TN:
SF:/Users/lgo/dev/serftrunk/incoming.c
FN:25,read_from_client
FN:30,write_to_client
FN:35,serf__process_client
FN:63,serf__process_listener
FN:89,serf_incoming_create
FN:118,serf_listener_create
FNDA:0,read_from_client
FNDA:0,write_to_client
FNDA:0,serf__process_client
FNDA:0,serf__process_listener
FNDA:0,serf_incoming_create
FNDA:0,serf_listener_create
FNF:6
FNH:0
DA:25,0
DA:27,0
DA:30,0
DA:32,0
DA:35,0
DA:37,0
DA:38,0
DA:39,0
DA:40,0
DA:41,0
DA:43,0
DA:45,0
DA:46,0
DA:49,0
DA:50,0
DA:53,0
DA:54,0
DA:55,0
DA:56,0
DA:58,0
DA:60,0
DA:61,0
DA:63,0
DA:65,0
DA:66,0
DA:67,0
DA:69,0
DA:71,0
DA:73,0
DA:74,0
DA:75,0
DA:78,0
DA:80,0
DA:81,0
DA:82,0
DA:85,0
DA:86,0
DA:90,0
DA:91,0
DA:92,0
DA:93,0
DA:94,0
DA:95,0
DA:97,0
DA:98,0
DA:100,0
DA:101,0
DA:102,0
DA:103,0
DA:104,0
DA:105,0
DA:106,0
DA:107,0
DA:108,0
DA:110,0
DA:112,0
DA:114,0
DA:119,0
DA:120,0
DA:121,0
DA:122,0
DA:123,0
DA:124,0
DA:125,0
DA:127,0
DA:128,0
DA:129,0
DA:131,0
DA:132,0
DA:133,0
DA:134,0
DA:135,0
DA:137,0
DA:139,0
DA:140,0
DA:141,0
DA:143,0
DA:149,0
DA:150,0
DA:152,0
DA:153,0
DA:154,0
DA:156,0
DA:157,0
DA:158,0
DA:160,0
DA:161,0
DA:162,0
DA:164,0
DA:165,0
DA:166,0
DA:168,0
DA:170,0
DA:171,0
DA:173,0
DA:175,0
DA:176,0
LF:97
LH:0
end_of_record
TN:
SF:/Users/lgo/dev/serftrunk/outgoing.c
FN:27,clean_skt
FN:42,clean_resp
FN:73,clean_conn
FN:94,request_or_data_pending
FN:129,serf__conn_update_pollset
FN:220,destroy_ostream
FN:229,detect_eof
FN:236,do_conn_setup
FN:303,prepare_conn_streams
FN:344,serf__open_connections
FN:445,no_more_writes
FN:468,is_conn_closing
FN:483,link_requests
FN:496,destroy_request
FN:525,cancel_request
FN:555,remove_connection
FN:569,handle_conn_closed
FN:575,reset_connection
FN:653,socket_writev
FN:703,setup_request
FN:727,write_to_connection
FN:925,handle_response
FN:958,handle_async_response
FN:983,serf__provide_credentials
FN:1033,read_from_connection
FN:1248,serf__process_connection
FN:1313,serf_connection_create
FN:1359,serf_connection_create2
FN:1407,serf_connection_reset
FN:1414,serf_connection_close
FN:1472,serf_connection_set_max_outstanding_requests
FN:1489,serf_connection_set_async_responses
FN:1504,create_request
FN:1529,serf_connection_request_create
FN:1551,priority_request_create
FN:1601,serf_connection_priority_request_create
FN:1611,serf__ssltunnel_request_create
FN:1621,serf__request_requeue
FN:1631,serf_request_cancel
FN:1636,serf_request_is_written
FN:1644,serf_request_get_pool
FN:1650,serf_request_get_alloc
FN:1657,serf_request_get_conn
FN:1664,serf_request_set_handler
FN:1674,serf_request_bucket_request_create
FN:1727,serf_connection_get_latency
FNDA:132,clean_skt
FNDA:312,clean_resp
FNDA:108,clean_conn
FNDA:4777,request_or_data_pending
FNDA:610,serf__conn_update_pollset
FNDA:132,destroy_ostream
FNDA:1422,detect_eof
FNDA:120,do_conn_setup
FNDA:4431,prepare_conn_streams
FNDA:2535,serf__open_connections
FNDA:0,no_more_writes
FNDA:282,is_conn_closing
FNDA:237,link_requests
FNDA:324,destroy_request
FNDA:51,cancel_request
FNDA:24,remove_connection
FNDA:24,handle_conn_closed
FNDA:24,reset_connection
FNDA:3295,socket_writev
FNDA:312,setup_request
FNDA:601,write_to_connection
FNDA:1157,handle_response
FNDA:0,handle_async_response
FNDA:63,serf__provide_credentials
FNDA:1112,read_from_connection
FNDA:1713,serf__process_connection
FNDA:108,serf_connection_create
FNDA:108,serf_connection_create2
FNDA:0,serf_connection_reset
FNDA:216,serf_connection_close
FNDA:75,serf_connection_set_max_outstanding_requests
FNDA:0,serf_connection_set_async_responses
FNDA:324,create_request
FNDA:216,serf_connection_request_create
FNDA:108,priority_request_create
FNDA:15,serf_connection_priority_request_create
FNDA:30,serf__ssltunnel_request_create
FNDA:63,serf__request_requeue
FNDA:21,serf_request_cancel
FNDA:3,serf_request_is_written
FNDA:0,serf_request_get_pool
FNDA:852,serf_request_get_alloc
FNDA:0,serf_request_get_conn
FNDA:0,serf_request_set_handler
FNDA:252,serf_request_bucket_request_create
FNDA:0,serf_connection_get_latency
FNF:46
FNH:38
DA:27,132
DA:29,132
DA:30,132
DA:32,132
DA:33,108
DA:34,108
DA:35,108
DA:36,108
DA:37,108
DA:39,132
DA:42,312
DA:44,312
DA:52,312
DA:53,12
DA:54,12
DA:55,12
DA:56,312
DA:57,9
DA:58,9
DA:59,9
DA:67,312
DA:69,312
DA:73,108
DA:75,108
DA:77,108
DA:79,108
DA:81,108
DA:94,4777
DA:96,4777
DA:98,18363
DA:100,1524
DA:102,4777
DA:103,4281
DA:105,4777
DA:106,3706
DA:107,1071
DA:108,1071
DA:109,1071
DA:110,1071
DA:112,1071
DA:114,2142
DA:115,0
DA:117,0
DA:119,1071
DA:121,1071
DA:122,4777
DA:129,610
DA:131,610
DA:132,610
DA:133,610
DA:135,610
DA:136,0
DA:140,610
DA:141,610
DA:142,610
DA:144,610
DA:146,742
DA:147,0
DA:150,610
DA:151,1220
DA:155,610
DA:158,610
DA:165,508
DA:167,0
DA:170,1105
DA:176,12
DA:177,496
DA:178,336
DA:179,336
DA:181,508
DA:182,610
DA:185,610
DA:186,0
DA:187,0
DA:190,610
DA:195,610
DA:197,610
DA:220,132
DA:222,132
DA:223,120
DA:224,120
DA:225,120
DA:226,120
DA:227,132
DA:229,1422
DA:231,1422
DA:232,1422
DA:233,1422
DA:236,120
DA:238,120
DA:239,120
DA:243,120
DA:245,120
DA:246,120
DA:247,120
DA:249,120
DA:250,120
DA:253,120
DA:255,120
DA:257,120
DA:262,120
DA:264,0
DA:265,0
DA:266,0
DA:269,120
DA:290,120
DA:291,120
DA:303,4431
DA:304,4431
DA:305,4431
DA:307,4431
DA:310,4431
DA:314,4329
DA:315,18
DA:316,18
DA:317,0
DA:319,18
DA:320,4329
DA:321,4329
DA:322,4329
DA:327,102
DA:328,30
DA:330,30
DA:335,102
DA:338,4431
DA:339,4431
DA:344,2535
DA:346,2535
DA:348,7605
DA:349,2535
DA:350,2535
DA:351,2535
DA:352,2535
DA:354,2535
DA:356,2535
DA:360,2403
DA:364,132
DA:365,0
DA:368,132
DA:369,132
DA:371,132
DA:377,132
DA:379,132
DA:380,0
DA:383,132
DA:384,0
DA:387,132
DA:389,0
DA:392,132
DA:396,132
DA:401,132
DA:402,132
DA:405,132
DA:406,132
DA:407,0
DA:408,132
DA:411,132
DA:412,132
DA:417,132
DA:418,33
DA:419,33
DA:420,12
DA:422,12
DA:423,33
DA:425,132
DA:426,132
DA:427,9
DA:429,9
DA:432,165
DA:433,30
DA:435,102
DA:436,102
DA:437,102
DA:438,0
DA:440,132
DA:442,2535
DA:443,2535
DA:445,0
DA:448,0
DA:449,0
DA:453,0
DA:458,0
DA:459,0
DA:460,0
DA:468,282
DA:470,282
DA:471,282
DA:473,282
DA:474,282
DA:475,306
DA:477,24
DA:480,258
DA:481,282
DA:483,237
DA:484,237
DA:486,237
DA:487,150
DA:488,150
DA:489,150
DA:491,87
DA:492,87
DA:494,237
DA:496,324
DA:498,324
DA:502,324
DA:503,273
DA:504,273
DA:505,273
DA:506,273
DA:507,324
DA:508,0
DA:509,0
DA:510,0
DA:511,0
DA:513,324
DA:514,294
DA:517,294
DA:518,294
DA:520,324
DA:522,324
DA:525,51
DA:526,51
DA:527,51
DA:530,90
DA:534,21
DA:536,21
DA:538,51
DA:539,51
DA:540,51
DA:542,0
DA:544,0
DA:545,0
DA:547,0
DA:548,0
DA:549,0
DA:552,51
DA:555,24
DA:556,24
DA:558,24
DA:560,24
DA:561,24
DA:562,24
DA:564,24
DA:569,24
DA:571,24
DA:573,24
DA:575,24
DA:576,24
DA:578,24
DA:579,24
DA:580,24
DA:582,24
DA:585,24
DA:586,24
DA:587,24
DA:589,24
DA:591,24
DA:592,24
DA:596,99
DA:602,132
DA:605,21
DA:606,21
DA:607,21
DA:608,21
DA:609,21
DA:614,30
DA:616,51
DA:619,24
DA:620,24
DA:621,24
DA:622,24
DA:624,24
DA:625,24
DA:626,24
DA:627,24
DA:628,24
DA:630,24
DA:631,24
DA:632,24
DA:633,24
DA:635,24
DA:638,24
DA:640,24
DA:641,24
DA:642,24
DA:644,24
DA:647,24
DA:650,24
DA:653,3295
DA:655,3295
DA:656,3295
DA:658,3295
DA:660,3340
DA:661,0
DA:665,3295
DA:666,3250
DA:667,3250
DA:669,3250
DA:672,19088
DA:673,6340
DA:674,6340
DA:675,46
DA:678,46
DA:679,0
DA:681,0
DA:682,0
DA:683,46
DA:684,46
DA:685,46
DA:687,6294
DA:690,6294
DA:691,3250
DA:692,3204
DA:693,3204
DA:694,3250
DA:697,3250
DA:698,3250
DA:700,3295
DA:703,312
DA:705,312
DA:706,312
DA:709,312
DA:710,312
DA:712,312
DA:716,312
DA:723,312
DA:727,601
DA:729,684
DA:732,9
DA:733,9
DA:736,9
DA:742,592
DA:743,3733
DA:744,3733
DA:745,3733
DA:746,3733
DA:747,3733
DA:748,3733
DA:754,3936
DA:757,152
DA:762,3744
DA:767,130
DA:771,6948
DA:772,91
DA:777,91
DA:778,45
DA:779,184
DA:782,0
DA:783,46
DA:784,0
DA:785,46
DA:793,3406
DA:799,138
DA:800,138
DA:801,138
DA:804,3268
DA:805,3268
DA:806,0
DA:809,3268
DA:810,3268
DA:811,300
DA:812,300
DA:814,0
DA:816,300
DA:818,3268
DA:819,312
DA:820,312
DA:821,312
DA:822,3268
DA:829,3268
DA:835,3268
DA:836,2821
DA:838,16
DA:839,16
DA:840,2805
DA:851,6
DA:852,6
DA:853,6
DA:854,6
DA:855,2799
DA:857,0
DA:859,2821
DA:863,3268
DA:864,3204
DA:869,3204
DA:870,0
DA:871,12816
DA:874,0
DA:875,3204
DA:876,0
DA:877,3204
DA:879,3268
DA:880,102
DA:881,102
DA:882,102
DA:883,102
DA:884,102
DA:885,6960
DA:895,303
DA:896,303
DA:897,303
DA:902,303
DA:903,0
DA:904,0
DA:905,0
DA:907,303
DA:909,351
DA:912,9
DA:913,9
DA:914,303
DA:916,3268
DA:917,127
DA:919,3141
DA:921,601
DA:925,1157
DA:926,1157
DA:928,1157
DA:936,1157
DA:937,162
DA:939,162
DA:943,162
DA:944,99
DA:945,63
DA:947,1058
DA:948,1058
DA:954,0
DA:955,1157
DA:958,0
DA:959,0
DA:961,0
DA:963,0
DA:965,0
DA:967,0
DA:969,0
DA:972,0
DA:973,0
DA:974,0
DA:975,0
DA:976,0
DA:978,0
DA:983,63
DA:984,63
DA:985,63
DA:986,63
DA:987,63
DA:988,63
DA:989,63
DA:991,63
DA:992,63
DA:993,63
DA:995,93
DA:1006,30
DA:1008,30
DA:1009,0
DA:1011,30
DA:1012,12
DA:1014,12
DA:1017,12
DA:1018,0
DA:1019,12
DA:1020,30
DA:1023,63
DA:1026,63
DA:1027,0
DA:1029,63
DA:1030,63
DA:1033,1112
DA:1035,1112
DA:1036,1112
DA:1037,1112
DA:1042,1112
DA:1046,1112
DA:1047,102
DA:1048,102
DA:1049,102
DA:1050,102
DA:1054,1112
DA:1055,0
DA:1058,1112
DA:1059,1163
DA:1061,1163
DA:1064,1163
DA:1065,1163
DA:1066,0
DA:1070,1163
DA:1072,0
DA:1073,0
DA:1074,0
DA:1075,0
DA:1077,0
DA:1078,0
DA:1080,0
DA:1104,2221
DA:1105,105
DA:1106,105
DA:1108,105
DA:1110,105
DA:1111,0
DA:1112,0
DA:1113,0
DA:1115,105
DA:1116,0
DA:1117,0
DA:1118,111
DA:1120,6
DA:1125,99
DA:1130,1157
DA:1131,285
DA:1134,285
DA:1135,285
DA:1137,1157
DA:1140,1157
DA:1141,0
DA:1147,4628
DA:1153,0
DA:1154,0
DA:1155,0
DA:1156,0
DA:1157,0
DA:1158,0
DA:1159,0
DA:1160,0
DA:1166,1157
DA:1171,977
DA:1172,0
DA:1173,0
DA:1174,0
DA:1175,875
DA:1176,875
DA:1179,282
DA:1181,291
DA:1186,9
DA:1195,273
DA:1197,273
DA:1199,273
DA:1202,273
DA:1203,108
DA:1204,108
DA:1206,273
DA:1209,273
DA:1210,273
DA:1213,273
DA:1214,24
DA:1215,24
DA:1216,24
DA:1217,24
DA:1225,285
DA:1227,6
DA:1228,6
DA:1234,390
DA:1235,198
DA:1236,198
DA:1237,198
DA:1238,198
DA:1240,51
DA:1243,1112
DA:1244,1112
DA:1245,1112
DA:1248,1713
DA:1249,1713
DA:1251,1713
DA:1257,1713
DA:1258,1112
DA:1259,15
DA:1264,1097
DA:1265,24
DA:1267,1073
DA:1268,1674
DA:1274,0
DA:1275,0
DA:1277,0
DA:1279,1674
DA:1287,0
DA:1288,0
DA:1294,0
DA:1295,0
DA:1296,0
DA:1297,0
DA:1299,0
DA:1300,0
DA:1301,0
DA:1304,0
DA:1306,1674
DA:1307,601
DA:1308,0
DA:1309,601
DA:1310,1674
DA:1311,1713
DA:1314,108
DA:1315,108
DA:1316,108
DA:1317,108
DA:1318,108
DA:1319,108
DA:1320,108
DA:1322,108
DA:1324,108
DA:1325,108
DA:1327,324
DA:1328,108
DA:1329,108
DA:1330,108
DA:1331,108
DA:1332,108
DA:1333,108
DA:1334,108
DA:1335,108
DA:1336,108
DA:1337,108
DA:1338,108
DA:1339,108
DA:1340,108
DA:1341,108
DA:1344,108
DA:1347,108
DA:1351,108
DA:1353,108
DA:1356,108
DA:1360,108
DA:1361,108
DA:1362,108
DA:1363,108
DA:1364,108
DA:1365,108
DA:1366,108
DA:1367,108
DA:1369,108
DA:1370,108
DA:1371,108
DA:1374,108
DA:1375,0
DA:1376,0
DA:1380,108
DA:1381,87
DA:1384,87
DA:1385,0
DA:1386,87
DA:1388,108
DA:1392,108
DA:1397,108
DA:1398,108
DA:1399,0
DA:1400,0
DA:1402,108
DA:1404,108
DA:1405,108
DA:1408,0
DA:1410,0
DA:1415,216
DA:1417,216
DA:1418,216
DA:1419,216
DA:1421,432
DA:1422,108
DA:1424,108
DA:1425,237
DA:1426,21
DA:1427,21
DA:1428,108
DA:1429,0
DA:1430,0
DA:1431,0
DA:1434,0
DA:1435,0
DA:1436,0
DA:1437,0
DA:1438,0
DA:1439,108
DA:1440,108
DA:1441,108
DA:1442,108
DA:1444,108
DA:1449,108
DA:1451,0
DA:1455,0
DA:1456,108
DA:1458,108
DA:1462,108
DA:1464,0
DA:1468,108
DA:1469,216
DA:1473,75
DA:1474,75
DA:1476,75
DA:1477,30
DA:1481,45
DA:1485,75
DA:1486,75
DA:1490,0
DA:1491,0
DA:1492,0
DA:1493,0
DA:1494,0
DA:1496,0
DA:1497,0
DA:1498,0
DA:1499,0
DA:1500,0
DA:1501,0
DA:1504,324
DA:1505,324
DA:1506,324
DA:1507,324
DA:1508,324
DA:1510,324
DA:1512,324
DA:1513,324
DA:1514,324
DA:1515,324
DA:1516,324
DA:1517,324
DA:1518,324
DA:1519,324
DA:1520,324
DA:1521,324
DA:1522,324
DA:1523,324
DA:1524,324
DA:1526,324
DA:1530,216
DA:1531,216
DA:1532,216
DA:1534,216
DA:1536,216
DA:1541,216
DA:1544,216
DA:1545,216
DA:1547,216
DA:1551,108
DA:1552,108
DA:1553,108
DA:1554,108
DA:1556,108
DA:1557,108
DA:1559,108
DA:1564,108
DA:1565,108
DA:1568,552
DA:1569,75
DA:1570,75
DA:1571,75
DA:1578,108
DA:1580,111
DA:1581,0
DA:1582,0
DA:1583,0
DA:1584,48
DA:1586,108
DA:1587,75
DA:1588,75
DA:1589,75
DA:1590,33
DA:1591,33
DA:1595,108
DA:1596,108
DA:1598,108
DA:1602,15
DA:1603,15
DA:1604,15
DA:1606,15
DA:1611,30
DA:1612,30
DA:1613,30
DA:1615,30
DA:1621,63
DA:1624,63
DA:1631,21
DA:1633,21
DA:1636,3
DA:1638,6
DA:1639,0
DA:1641,3
DA:1642,3
DA:1644,0
DA:1646,0
DA:1651,852
DA:1653,852
DA:1658,0
DA:1660,0
DA:1665,0
DA:1666,0
DA:1667,0
DA:1669,0
DA:1670,0
DA:1671,0
DA:1675,252
DA:1676,252
DA:1677,252
DA:1678,252
DA:1679,252
DA:1681,252
DA:1682,252
DA:1683,252
DA:1684,252
DA:1685,252
DA:1686,252
DA:1688,252
DA:1689,27
DA:1691,252
DA:1692,252
DA:1696,306
DA:1698,3
DA:1699,3
DA:1701,252
DA:1703,252
DA:1704,252
DA:1707,252
DA:1708,252
DA:1710,51
DA:1713,51
DA:1716,273
DA:1718,0
DA:1722,0
DA:1724,252
DA:1727,0
DA:1729,0
DA:1732,0
DA:1735,0
DA:1736,0
LF:819
LH:663
end_of_record
SF:/usr/include/secure/_string.h
FN:70,__inline_memmove_chk
FN:81,__inline_memset_chk
FNDA:0,__inline_memmove_chk
FNDA:108,__inline_memset_chk
FNF:2
FNH:1
DA:70,0
DA:72,0
DA:81,108
DA:83,108
LF:4
LH:2
end_of_record
TN:
SF:/Users/lgo/dev/serftrunk/ssltunnel.c
FN:41,accept_response
FN:63,handle_response
FN:122,setup_request
FN:156,detect_eof
FN:164,serf__ssltunnel_connect
FNDA:51,accept_response
FNDA:21,handle_response
FNDA:51,setup_request
FNDA:51,detect_eof
FNDA:30,serf__ssltunnel_connect
FNF:5
FNH:5
DA:41,51
DA:42,51
DA:43,51
DA:44,51
DA:46,51
DA:47,51
DA:53,51
DA:56,51
DA:58,51
DA:63,21
DA:64,21
DA:65,21
DA:66,21
DA:68,21
DA:69,21
DA:70,21
DA:72,21
DA:73,0
DA:76,0
DA:79,21
DA:80,21
DA:81,0
DA:83,21
DA:86,0
DA:89,21
DA:90,21
DA:91,0
DA:99,42
DA:100,18
DA:103,18
DA:104,18
DA:105,18
DA:106,18
DA:107,18
DA:109,18
DA:113,18
DA:118,3
DA:119,21
DA:122,51
DA:123,51
DA:124,51
DA:125,51
DA:126,51
DA:127,51
DA:128,51
DA:129,51
DA:131,51
DA:132,51
DA:134,51
DA:135,51
DA:137,51
DA:138,51
DA:141,51
DA:142,33
DA:148,51
DA:149,51
DA:150,51
DA:151,51
DA:153,51
DA:156,51
DA:158,51
DA:159,51
DA:160,51
DA:164,30
DA:166,30
DA:167,30
DA:169,30
DA:171,30
DA:172,30
DA:173,30
DA:176,30
DA:180,30
DA:184,30
DA:185,30
DA:188,30
LF:75
LH:70
end_of_record
TN:
SF:/Users/lgo/dev/serftrunk/test/CuTest.c
FN:41,CuStrAlloc
FN:47,CuStrCopy
FN:59,CuStringInit
FN:67,CuStringNew
FN:77,CuStringFree
FN:83,CuStringResize
FN:89,CuStringAppend
FN:104,CuStringAppendChar
FN:112,CuStringAppendFormat
FN:122,CuStringInsert
FN:138,CuTestInit
FN:151,CuTestNew
FN:158,CuTestFree
FN:164,CuTestRun
FN:181,CuFailInternal
FN:193,CuFail_Line
FN:207,CuAssert_Line
FN:213,CuAssertStrnEquals_LineMsg
FN:240,CuAssertStrEquals_LineMsg
FN:264,CuAssertIntEquals_LineMsg
FN:273,CuAssertDblEquals_LineMsg
FN:282,CuAssertPtrEquals_LineMsg
FN:296,CuSuiteInit
FN:304,CuSuiteNew
[...]
FN:1504,test_ssl_large_response
FN:1543,test_ssl_large_request
FN:1580,client_cert_cb
FN:1591,client_cert_pw_cb
FN:1609,client_cert_conn_setup
FN:1636,test_ssl_client_certificate
FN:1676,test_ssl_expired_server_cert
FN:1722,test_ssl_future_server_cert
FN:1769,test_setup_ssltunnel
FN:1843,test_ssltunnel_no_creds_cb
FN:1893,ssltunnel_basic_authn_callback
FN:1934,ssltunnel_basic_auth
FN:2081,test_ssltunnel_basic_auth
FN:2087,test_ssltunnel_basic_auth_server_has_keepalive_off
FN:2093,test_ssltunnel_basic_auth_proxy_has_keepalive_off
FN:2100,proxy_digest_authn_callback
FN:2127,test_ssltunnel_digest_auth
FN:2213,test_context
FNDA:3,test_serf_connection_request_create
FNDA:3,test_serf_connection_priority_request_create
FNDA:3,test_closed_connection
FNDA:3,test_setup_proxy
FNDA:21,handle_response_keepalive_limit
FNDA:3,test_keepalive_limit_one_by_one
FNDA:27,handle_response_keepalive_limit_burst
FNDA:3,test_keepalive_limit_one_by_one_and_burst
FNDA:25,progress_cb
FNDA:3,progress_conn_setup
FNDA:3,test_progress_callback
FNDA:16,queue_part2
FNDA:3,setup_request_timeout
FNDA:3,handle_response_timeout
FNDA:3,test_request_timeout
FNDA:6,create_large_response_message
FNDA:3,test_connection_large_response
FNDA:6,create_large_request_message
FNDA:3,test_connection_large_request
FNDA:9,validate_servercert
FNDA:9,validate_cacert
FNDA:9,validate_rootcacert
FNDA:27,ssl_server_cert_cb_expect_failures
FNDA:12,ssl_server_cert_cb_expect_allok
FNDA:3,ssl_server_cert_cb_reject
FNDA:3,test_ssl_handshake
FNDA:39,https_set_root_ca_conn_setup
FNDA:3,test_ssl_trust_rootca
FNDA:3,test_ssl_application_rejects_cert
FNDA:9,cert_chain_cb
FNDA:3,chain_rootca_callback_conn_setup
FNDA:3,test_ssl_certificate_chain_with_anchor
FNDA:6,cert_chain_all_certs_cb
FNDA:3,chain_callback_conn_setup
FNDA:3,test_ssl_certificate_chain_all_from_server
FNDA:3,test_ssl_no_servercert_callback_allok
FNDA:3,test_ssl_no_servercert_callback_fail
FNDA:3,test_ssl_large_response
FNDA:3,test_ssl_large_request
FNDA:3,client_cert_cb
FNDA:3,client_cert_pw_cb
FNDA:3,client_cert_conn_setup
FNDA:3,test_ssl_client_certificate
FNDA:3,test_ssl_expired_server_cert
FNDA:3,test_ssl_future_server_cert
FNDA:3,test_setup_ssltunnel
FNDA:3,test_ssltunnel_no_creds_cb
FNDA:36,ssltunnel_basic_authn_callback
FNDA:9,ssltunnel_basic_auth
FNDA:3,test_ssltunnel_basic_auth
FNDA:3,test_ssltunnel_basic_auth_server_has_keepalive_off
FNDA:3,test_ssltunnel_basic_auth_proxy_has_keepalive_off
FNDA:3,proxy_digest_authn_callback
FNDA:3,test_ssltunnel_digest_auth
FNDA:3,test_context
FNF:55
FNH:55
DA:30,3
DA:32,3
DA:33,3
DA:34,3
DA:35,3
DA:36,3
DA:37,3
DA:40,3
DA:42,3
DA:45,3
DA:47,3
DA:50,3
DA:54,3
DA:56,3
DA:57,3
DA:59,3
DA:63,18
DA:64,6
DA:65,6
DA:66,6
DA:69,18
DA:70,6
DA:71,6
DA:72,6
DA:73,3
DA:77,3
DA:79,3
DA:80,3
DA:81,3
DA:82,3
DA:83,3
DA:85,3
DA:89,3
DA:91,3
DA:95,3
DA:97,3
DA:100,3
DA:104,3
DA:106,3
DA:107,3
DA:108,3
DA:110,3
DA:114,24
DA:115,9
DA:116,9
DA:117,9
DA:120,24
DA:121,9
DA:122,9
DA:123,9
DA:124,3
DA:128,3
DA:130,3
DA:131,3
DA:132,3
DA:133,3
DA:134,3
DA:136,3
DA:147,3
DA:149,3
DA:176,3
DA:178,3
DA:181,3
DA:187,3
DA:190,66
DA:191,30
DA:192,30
DA:194,3
DA:195,53
DA:196,53
DA:197,7
DA:198,53
DA:200,53
DA:201,53
DA:202,22
DA:203,53
DA:206,53
DA:208,53
DA:209,600
DA:210,297
DA:211,50
DA:212,50
DA:213,247
DA:214,53
DA:215,3
DA:216,50
DA:219,3
DA:220,3
DA:221,3
DA:222,3
DA:226,3
DA:228,3
DA:229,3
DA:230,3
DA:231,3
DA:232,3
DA:233,3
DA:235,3
DA:244,3
DA:246,3
DA:248,3
DA:250,3
DA:253,3
DA:262,3
DA:264,3
DA:266,3
DA:268,18
DA:270,12
DA:272,12
DA:273,12
DA:274,12
DA:275,12
DA:277,12
DA:278,12
DA:279,3
DA:280,12
DA:282,12
DA:283,12
DA:284,6
DA:285,12
DA:288,12
DA:289,12
DA:290,3
DA:293,3
DA:294,3
DA:295,3
DA:299,12
DA:300,3
DA:301,3
DA:302,3
DA:305,12
DA:306,3
DA:307,3
DA:308,3
DA:309,3
DA:319,21
DA:320,21
DA:321,21
DA:322,21
DA:324,21
DA:326,21
DA:327,0
DA:330,21
DA:331,42
DA:332,42
DA:333,42
DA:335,42
DA:336,63
DA:337,0
DA:340,42
DA:341,21
DA:342,21
DA:343,30
DA:344,6
DA:347,6
DA:348,6
DA:349,21
DA:351,21
DA:354,21
DA:358,3
DA:360,3
DA:361,3
DA:362,3
DA:363,3
DA:365,3
DA:373,3
DA:375,3
DA:383,3
DA:385,3
DA:388,3
DA:392,3
DA:394,36
DA:395,15
DA:398,15
DA:399,15
DA:401,3
DA:402,75
DA:403,75
DA:404,3
DA:405,75
DA:407,75
DA:408,75
DA:409,3
DA:410,75
DA:413,75
DA:415,75
DA:416,372
DA:417,183
DA:418,72
DA:419,72
DA:420,111
DA:421,75
DA:422,3
DA:423,72
DA:426,3
DA:427,3
DA:428,3
DA:429,3
DA:443,27
DA:444,27
DA:445,27
DA:446,27
DA:448,27
DA:450,27
DA:451,0
DA:454,27
DA:455,48
DA:456,48
DA:457,48
DA:459,48
DA:460,81
DA:461,0
DA:464,48
DA:465,21
DA:466,21
DA:467,30
DA:468,6
DA:471,6
DA:472,6
DA:475,15
DA:478,21
DA:481,27
DA:482,6
DA:484,21
DA:487,27
DA:489,3
DA:491,3
DA:492,3
DA:493,3
DA:494,3
DA:496,3
DA:504,3
DA:506,3
DA:514,3
DA:516,3
DA:519,3
DA:523,3
DA:525,36
DA:526,15
DA:528,15
DA:529,15
DA:531,3
DA:532,70
DA:533,70
DA:534,3
DA:535,70
DA:537,70
DA:538,70
DA:539,8
DA:540,70
DA:543,70
DA:545,70
DA:546,246
DA:547,120
DA:548,67
DA:549,67
DA:550,53
DA:551,70
DA:552,3
DA:553,67
DA:556,3
DA:557,3
DA:558,3
DA:559,3
DA:569,25
DA:571,25
DA:572,25
DA:574,25
DA:575,25
DA:576,25
DA:578,3
DA:579,3
DA:580,3
DA:581,3
DA:582,3
DA:584,3
DA:585,3
DA:586,3
DA:589,3
DA:591,3
DA:592,3
DA:593,3
DA:594,3
DA:595,3
DA:596,3
DA:598,3
DA:604,3
DA:606,3
DA:612,3
DA:614,3
DA:617,3
DA:621,3
DA:624,3
DA:625,3
DA:626,3
DA:629,36
DA:630,15
DA:631,15
DA:633,3
DA:637,3
DA:638,3
DA:639,3
DA:679,16
DA:681,16
DA:682,16
DA:684,16
DA:685,0
DA:688,0
DA:689,0
DA:691,16
DA:695,3
DA:696,3
DA:697,3
DA:698,3
DA:699,3
DA:700,3
DA:701,3
DA:702,3
DA:704,3
DA:705,3
DA:707,3
DA:712,3
DA:713,3
DA:716,3
DA:718,3
DA:720,3
DA:721,3
DA:722,3
DA:723,3
DA:725,3
DA:729,3
DA:730,3
DA:731,3
DA:732,3
DA:734,3
DA:735,3
DA:736,3
DA:738,3
DA:739,0
DA:742,0
DA:745,3
DA:746,0
DA:750,3
DA:751,3
DA:752,0
DA:754,3
DA:756,0
DA:758,3
DA:759,3
DA:760,3
DA:761,3
DA:764,3
DA:765,6
DA:766,6
DA:768,6
DA:769,21
DA:772,3
DA:773,3
DA:776,3
DA:778,3
DA:780,3
DA:781,3
DA:782,3
DA:783,3
DA:785,3
DA:788,3
DA:790,3
DA:792,3
DA:794,3
DA:797,3
DA:801,3
DA:804,3
DA:805,3
DA:806,3
DA:808,3
DA:809,3
DA:810,3
DA:811,3
DA:812,3
DA:813,3
DA:814,3
DA:815,3
DA:817,3
DA:821,3
DA:823,3
DA:825,6
DA:827,6
DA:829,6
DA:830,6
DA:831,6
DA:832,6
DA:833,6
DA:835,6
DA:836,6
DA:838,6000
DA:840,2994
DA:841,2994
DA:842,2994
DA:845,2994
DA:846,6
DA:848,2994
DA:849,4479024
DA:850,6709554
DA:852,2994
DA:853,2994
DA:855,2994
DA:856,2994
DA:857,2994
DA:859,6
DA:863,3
DA:865,3
DA:866,3
DA:867,3
DA:868,3
DA:869,3
DA:871,3
DA:872,3
DA:874,3
DA:877,3
DA:878,3
DA:879,3
DA:882,3
DA:886,3
DA:888,3
DA:890,3
DA:892,3
DA:894,6
DA:896,6
DA:899,6
DA:900,6
DA:901,6
DA:902,6
DA:903,6
DA:905,6
DA:906,6
DA:908,6000
DA:910,2994
DA:911,2994
DA:912,2994
DA:915,2994
DA:916,6
DA:918,2994
DA:919,4479024
DA:920,6709554
DA:922,2994
DA:923,2994
DA:925,2994
DA:926,2994
DA:927,2994
DA:929,6
DA:933,3
DA:935,3
DA:936,3
DA:937,3
DA:938,3
DA:939,3
DA:941,3
DA:942,3
DA:943,3
DA:945,3
DA:948,3
DA:952,3
DA:955,3
DA:956,3
DA:958,3
DA:959,3
DA:961,3
DA:963,3
DA:979,9
DA:980,9
DA:982,9
DA:983,9
DA:985,9
DA:986,0
DA:988,9
DA:989,0
DA:991,9
DA:992,0
DA:994,9
DA:995,0
DA:997,9
DA:998,0
DA:1000,9
DA:1001,0
DA:1003,9
DA:1004,0
DA:1006,9
DA:1007,9
DA:1009,9
DA:1010,9
DA:1012,9
DA:1013,9
DA:1015,9
DA:1016,0
DA:1018,9
DA:1019,0
DA:1021,9
DA:1022,0
DA:1024,9
DA:1025,0
DA:1027,9
DA:1028,0
DA:1030,9
DA:1031,0
DA:1033,9
DA:1034,0
DA:1036,9
DA:1037,9
DA:1039,9
DA:1040,9
DA:1042,9
DA:1043,9
DA:1045,9
DA:1046,0
DA:1048,9
DA:1049,0
DA:1051,9
DA:1052,0
DA:1054,9
DA:1055,0
DA:1057,9
DA:1058,0
DA:1060,9
DA:1061,0
DA:1063,9
DA:1064,0
DA:1066,9
DA:1067,9
DA:1070,27
DA:1071,27
DA:1073,27
DA:1074,27
DA:1076,27
DA:1079,27
DA:1080,27
DA:1082,0
DA:1083,27
DA:1086,12
DA:1087,12
DA:1089,12
DA:1090,12
DA:1093,12
DA:1094,3
DA:1096,9
DA:1097,12
DA:1100,3
DA:1101,3
DA:1103,3
DA:1108,3
DA:1110,3
DA:1111,3
DA:1112,3
DA:1113,3
DA:1114,3
DA:1115,3
DA:1117,3
DA:1119,3
DA:1121,3
DA:1127,3
DA:1129,3
DA:1138,3
DA:1143,3
DA:1145,3
DA:1147,3
DA:1149,3
DA:1151,3
DA:1156,39
DA:1157,39
DA:1158,39
DA:1159,39
DA:1160,39
DA:1162,39
DA:1163,39
DA:1164,39
DA:1166,39
DA:1168,39
DA:1169,0
DA:1171,39
DA:1174,39
DA:1175,0
DA:1176,39
DA:1177,39
DA:1178,0
DA:1180,39
DA:1181,39
DA:1185,3
DA:1187,3
DA:1188,3
DA:1189,3
DA:1190,3
DA:1191,3
DA:1193,3
DA:1195,3
DA:1197,3
DA:1200,3
DA:1201,3
DA:1210,3
DA:1212,3
DA:1214,3
DA:1216,3
DA:1220,3
DA:1222,3
DA:1223,3
DA:1224,3
DA:1225,3
DA:1226,3
DA:1228,3
DA:1230,3
DA:1232,3
DA:1235,3
DA:1238,3
DA:1247,3
DA:1249,3
DA:1251,3
DA:1254,3
DA:1256,3
DA:1260,9
DA:1261,9
DA:1262,9
DA:1263,9
DA:1264,9
DA:1266,9
DA:1267,9
DA:1269,9
DA:1271,9
DA:1272,0
DA:1274,9
DA:1275,0
DA:1277,9
DA:1278,9
DA:1279,0
DA:1281,9
DA:1282,9
DA:1283,0
DA:1285,9
DA:1286,9
DA:1287,0
DA:1289,9
DA:1290,9
DA:1293,3
DA:1294,3
DA:1295,3
DA:1296,3
DA:1297,3
DA:1299,3
DA:1300,3
DA:1302,3
DA:1304,3
DA:1305,0
DA:1307,3
DA:1312,3
DA:1313,3
DA:1318,3
DA:1320,3
DA:1321,3
DA:1322,3
DA:1323,3
DA:1324,3
DA:1326,3
DA:1328,3
DA:1330,3
DA:1333,3
DA:1335,3
DA:1344,3
DA:1346,3
DA:1348,3
DA:1351,3
DA:1352,3
DA:1353,3
DA:1356,6
DA:1357,6
DA:1358,6
DA:1359,6
DA:1360,6
DA:1363,6
DA:1365,6
DA:1369,3
DA:1370,3
DA:1371,3
DA:1372,3
DA:1373,3
DA:1375,3
DA:1376,3
DA:1378,3
DA:1380,3
DA:1381,0
DA:1383,3
DA:1388,3
DA:1389,3
DA:1393,3
DA:1395,3
DA:1396,3
DA:1397,3
DA:1398,3
DA:1399,3
DA:1401,3
DA:1403,3
DA:1405,3
DA:1408,3
DA:1410,3
DA:1419,3
DA:1421,3
DA:1423,3
DA:1426,3
DA:1427,3
DA:1428,3
DA:1432,3
DA:1434,3
DA:1435,3
DA:1436,3
DA:1437,3
DA:1439,3
DA:1440,3
DA:1442,3
DA:1443,3
DA:1446,3
DA:1448,3
DA:1457,3
DA:1459,3
DA:1461,3
DA:1463,3
DA:1467,3
DA:1469,3
DA:1470,3
DA:1471,3
DA:1472,3
DA:1474,3
DA:1475,3
DA:1477,3
DA:1478,3
DA:1481,3
DA:1483,3
DA:1492,3
DA:1494,3
DA:1496,3
DA:1499,3
DA:1500,3
DA:1504,3
DA:1506,3
DA:1507,3
DA:1508,3
DA:1509,3
DA:1511,3
DA:1512,3
DA:1513,3
DA:1516,3
DA:1517,3
DA:1519,3
DA:1528,3
DA:1531,3
DA:1532,3
DA:1533,3
DA:1535,3
DA:1537,3
DA:1539,3
DA:1543,3
DA:1545,3
DA:1546,3
DA:1547,3
DA:1548,3
DA:1549,3
DA:1551,3
DA:1552,3
DA:1553,3
DA:1556,3
DA:1558,3
DA:1567,3
DA:1570,3
DA:1571,3
DA:1573,3
DA:1574,3
DA:1576,3
DA:1578,3
DA:1580,3
DA:1582,3
DA:1584,3
DA:1586,3
DA:1588,3
DA:1591,3
DA:1592,3
DA:1593,3
DA:1595,3
DA:1597,3
DA:1599,3
DA:1601,3
DA:1602,3
DA:1605,0
DA:1606,3
DA:1609,3
DA:1610,3
DA:1611,3
DA:1612,3
DA:1613,3
DA:1615,3
DA:1616,3
DA:1618,3
DA:1620,3
DA:1621,0
DA:1623,3
DA:1628,3
DA:1633,3
DA:1634,3
DA:1636,3
DA:1638,3
DA:1639,3
DA:1640,3
DA:1641,3
DA:1643,3
DA:1644,3
DA:1646,3
DA:1647,3
DA:1650,3
DA:1654,3
DA:1663,3
DA:1665,3
DA:1667,3
DA:1670,3
DA:1671,3
DA:1672,3
DA:1676,3
DA:1678,3
DA:1679,3
DA:1680,3
DA:1681,3
DA:1682,3
DA:1683,3
DA:1685,3
DA:1687,3
DA:1689,3
DA:1697,3
DA:1699,3
DA:1708,3
DA:1710,3
DA:1712,3
DA:1714,3
DA:1716,3
DA:1718,3
DA:1722,3
DA:1724,3
DA:1725,3
DA:1726,3
DA:1727,3
DA:1728,3
DA:1729,3
DA:1731,3
DA:1733,3
DA:1735,3
DA:1743,3
DA:1745,3
DA:1754,3
DA:1756,3
DA:1758,3
DA:1760,3
DA:1762,3
DA:1764,3
DA:1769,3
DA:1771,3
DA:1772,3
DA:1773,3
DA:1774,3
DA:1775,3
DA:1778,3
DA:1787,3
DA:1788,3
DA:1790,3
DA:1791,3
DA:1796,3
DA:1797,3
DA:1801,3
DA:1803,3
DA:1807,3
DA:1822,3
DA:1824,3
DA:1826,3
DA:1830,12
DA:1831,3
DA:1832,3
DA:1833,3
DA:1836,12
DA:1837,3
DA:1838,3
DA:1839,3
DA:1840,3
DA:1843,3
DA:1845,3
DA:1846,3
DA:1847,3
DA:1848,3
DA:1850,3
DA:1854,3
DA:1855,3
DA:1862,3
DA:1864,3
DA:1868,3
DA:1882,3
DA:1885,3
DA:1887,3
DA:1889,3
DA:1890,3
DA:1893,36
DA:1894,36
DA:1895,36
DA:1896,36
DA:1897,36
DA:1898,36
DA:1900,36
DA:1901,36
DA:1903,36
DA:1905,36
DA:1907,36
DA:1908,0
DA:1910,36
DA:1911,9
DA:1912,0
DA:1914,9
DA:1915,9
DA:1916,9
DA:1917,27
DA:1918,27
DA:1919,0
DA:1921,27
DA:1922,27
DA:1923,27
DA:1924,0
DA:1926,36
DA:1928,36
DA:1929,36
DA:1934,9
DA:1935,9
DA:1937,9
DA:1938,9
DA:1939,9
DA:1940,9
DA:1941,9
DA:1942,9
DA:1943,9
DA:1944,9
DA:1946,9
DA:1966,9
DA:1968,9
DA:1969,9
DA:1977,9
DA:1978,9
DA:1987,9
DA:1988,9
DA:1997,9
DA:1998,9
DA:2000,9
DA:2001,9
DA:2003,9
DA:2004,9
DA:2006,9
DA:2007,9
DA:2010,9
DA:2019,9
DA:2030,9
DA:2031,9
DA:2039,9
DA:2040,9
DA:2044,9
DA:2059,9
DA:2061,9
DA:2062,9
DA:2064,9
DA:2068,9
DA:2069,9
DA:2071,9
DA:2073,9
DA:2074,9
DA:2075,9
DA:2076,9
DA:2078,9
DA:2079,9
DA:2081,3
DA:2084,3
DA:2085,3
DA:2087,3
DA:2090,3
DA:2091,3
DA:2093,3
DA:2096,3
DA:2097,3
DA:2100,3
DA:2101,3
DA:2102,3
DA:2103,3
DA:2104,3
DA:2105,3
DA:2107,3
DA:2108,3
DA:2110,3
DA:2112,3
DA:2113,0
DA:2114,3
DA:2115,0
DA:2116,3
DA:2117,0
DA:2119,3
DA:2120,3
DA:2122,3
DA:2123,3
DA:2127,3
DA:2129,3
DA:2130,3
DA:2131,3
DA:2132,3
DA:2134,3
DA:2143,3
DA:2144,3
DA:2146,3
DA:2152,3
DA:2161,3
DA:2165,3
DA:2179,3
DA:2181,3
DA:2185,3
DA:2200,3
DA:2202,3
DA:2203,3
DA:2205,3
DA:2206,3
DA:2209,3
DA:2210,3
DA:2215,3
DA:2217,3
DA:2219,3
DA:2220,3
DA:2221,3
DA:2222,3
DA:2223,3
DA:2224,3
DA:2225,3
DA:2226,3
DA:2227,3
DA:2228,3
DA:2229,3
DA:2230,3
DA:2231,3
DA:2232,3
DA:2233,3
DA:2234,3
DA:2235,3
DA:2236,3
DA:2237,3
DA:2238,3
DA:2239,3
DA:2240,3
DA:2241,3
DA:2242,3
DA:2243,3
DA:2244,3
DA:2245,3
DA:2246,3
DA:2248,3
LF:1054
LH:1001
end_of_record
SF:/usr/include/secure/_string.h
FN:59,__inline_memcpy_chk
FN:81,__inline_memset_chk
FNDA:4473036,__inline_memcpy_chk
FNDA:5991,__inline_memset_chk
FNF:2
FNH:2
DA:59,4473036
DA:61,4473036
DA:81,5991
DA:83,5991
LF:4
LH:4
end_of_record
TN:
SF:/Users/lgo/dev/serftrunk/test/test_ssl.c
FN:33,test_ssl_init
FN:58,get_ca_file
FN:72,test_ssl_load_cert_file
FN:85,test_ssl_cert_subject
FN:120,test_ssl_cert_issuer
FN:157,test_ssl_cert_certificate
FN:187,extract_cert_from_pem
FN:244,test_ssl_cert_export
FN:282,test_ssl
FNDA:3,test_ssl_init
FNDA:15,get_ca_file
FNDA:3,test_ssl_load_cert_file
FNDA:3,test_ssl_cert_subject
FNDA:3,test_ssl_cert_issuer
FNDA:3,test_ssl_cert_certificate
FNDA:3,extract_cert_from_pem
FNDA:3,test_ssl_cert_export
FNDA:3,test_ssl
FNF:9
FNH:9
DA:33,3
DA:35,3
DA:36,3
DA:37,3
DA:39,3
DA:40,3
DA:43,3
DA:45,3
DA:47,3
DA:49,3
DA:52,3
DA:54,3
DA:55,3
DA:58,15
DA:60,15
DA:62,15
DA:63,0
DA:66,15
DA:68,15
DA:72,3
DA:74,3
DA:76,3
DA:77,3
DA:78,3
DA:80,3
DA:81,3
DA:82,3
DA:85,3
DA:87,3
DA:88,3
DA:89,3
DA:91,3
DA:93,3
DA:97,3
DA:98,3
DA:100,3
DA:101,3
DA:103,3
DA:105,3
DA:107,3
DA:109,3
DA:111,3
DA:113,3
DA:115,3
DA:117,3
DA:120,3
DA:122,3
DA:123,3
DA:124,3
DA:126,3
DA:128,3
DA:132,3
DA:133,3
DA:135,3
DA:136,3
DA:139,3
DA:141,3
DA:143,3
DA:145,3
DA:147,3
DA:149,3
DA:151,3
DA:153,3
DA:157,3
DA:159,3
DA:160,3
DA:161,3
DA:162,3
DA:164,3
DA:166,3
DA:169,3
DA:170,3
DA:172,3
DA:173,3
DA:175,3
DA:177,3
DA:179,3
DA:183,3
DA:184,3
DA:185,3
DA:187,3
DA:188,3
DA:190,3
DA:191,3
DA:192,3
DA:193,3
DA:194,3
DA:195,3
DA:196,3
DA:198,3
DA:202,3
DA:203,3
DA:204,402
DA:205,198
DA:206,198
DA:207,198
DA:209,198
DA:211,198
DA:212,0
DA:214,198
DA:215,135
DA:216,3
DA:217,198
DA:218,63
DA:219,3
DA:221,120
DA:222,120
DA:223,120
DA:226,60
DA:227,60
DA:228,60
DA:230,0
DA:231,0
DA:232,0
DA:235,63
DA:236,198
DA:238,3
DA:239,3
DA:241,0
DA:242,3
DA:244,3
DA:246,3
DA:247,3
DA:248,3
DA:249,3
DA:250,3
DA:251,3
DA:252,3
DA:254,3
DA:256,3
DA:259,3
DA:260,3
DA:264,3
DA:267,3
DA:269,3
DA:270,3
DA:272,3
DA:273,3
DA:275,3
DA:277,3
DA:280,3
DA:284,3
DA:286,3
DA:288,3
DA:289,3
DA:290,3
DA:291,3
DA:292,3
DA:293,3
DA:295,3
LF:150
LH:144
end_of_record
TN:
SF:/Users/lgo/dev/serftrunk/test/test_util.c
FN:36,cleanup_conn
FN:45,default_server_address
FN:53,default_proxy_address
FN:62,default_closed_connection
FN:73,default_http_conn_setup
FN:86,default_https_conn_setup
FN:115,use_new_connection
FN:144,setup
FN:187,test_https_server_setup
FN:227,test_http_server_setup
FN:263,test_server_proxy_setup
FN:314,test_https_server_proxy_setup
FN:366,test_setup
FN:373,test_teardown
FN:384,test_helper_run_requests_no_check
FN:433,test_helper_run_requests_expect_ok
FN:450,accept_response
FN:470,setup_request
FN:513,handle_response
FN:551,setup_handler
FN:571,create_new_prio_request
FN:582,create_new_request
FN:594,create_new_request_with_resp_hdlr
FNDA:108,cleanup_conn
FNDA:108,default_server_address
FNDA:21,default_proxy_address
FNDA:24,default_closed_connection
FNDA:63,default_http_conn_setup
FNDA:54,default_https_conn_setup
FNDA:108,use_new_connection
FNDA:108,setup
FNDA:36,test_https_server_setup
FNDA:51,test_http_server_setup
FNDA:3,test_server_proxy_setup
FNDA:18,test_https_server_proxy_setup
FNDA:189,test_setup
FNDA:189,test_teardown
FNDA:114,test_helper_run_requests_no_check
FNDA:54,test_helper_run_requests_expect_ok
FNDA:234,accept_response
FNDA:258,setup_request
FNDA:1007,handle_response
FNDA:195,setup_handler
FNDA:3,create_new_prio_request
FNDA:162,create_new_request
FNDA:30,create_new_request_with_resp_hdlr
FNF:23
FNH:23
DA:36,108
DA:38,108
DA:40,108
DA:42,108
DA:45,108
DA:46,108
DA:48,108
DA:53,21
DA:54,21
DA:56,21
DA:62,24
DA:63,24
DA:64,24
DA:65,24
DA:67,24
DA:68,0
DA:70,24
DA:73,63
DA:74,63
DA:75,63
DA:76,63
DA:77,63
DA:79,63
DA:81,63
DA:82,63
DA:86,54
DA:87,54
DA:88,54
DA:89,54
DA:90,54
DA:92,54
DA:94,54
DA:95,54
DA:97,54
DA:99,54
DA:100,54
DA:103,54
DA:105,54
DA:106,21
DA:110,54
DA:112,54
DA:115,108
DA:116,108
DA:118,108
DA:119,108
DA:121,108
DA:122,0
DA:123,108
DA:125,108
DA:126,108
DA:127,0
DA:129,108
DA:136,108
DA:139,108
DA:140,108
DA:144,108
DA:145,108
DA:146,108
DA:147,108
DA:148,108
DA:149,108
DA:151,108
DA:152,108
DA:154,108
DA:155,108
DA:157,108
DA:158,108
DA:159,108
DA:161,108
DA:162,108
DA:163,108
DA:165,108
DA:166,108
DA:168,108
DA:169,108
DA:170,0
DA:172,108
DA:173,21
DA:174,21
DA:175,0
DA:178,21
DA:179,21
DA:181,108
DA:183,108
DA:184,108
DA:187,36
DA:188,36
DA:189,36
DA:190,36
DA:191,36
DA:192,36
DA:193,36
DA:194,36
DA:195,36
DA:196,36
DA:197,36
DA:198,36
DA:200,36
DA:201,36
DA:203,108
DA:209,36
DA:210,0
DA:212,36
DA:213,36
DA:216,36
DA:221,36
DA:223,36
DA:224,36
DA:227,51
DA:228,51
DA:229,51
DA:230,51
DA:231,51
DA:232,51
DA:233,51
DA:234,51
DA:236,51
DA:237,51
DA:239,153
DA:245,51
DA:246,0
DA:248,51
DA:251,51
DA:255,51
DA:257,51
DA:258,51
DA:263,3
DA:264,3
DA:265,3
DA:266,3
DA:267,3
DA:268,3
DA:269,3
DA:270,3
DA:271,3
DA:272,3
DA:273,3
DA:274,3
DA:276,3
DA:277,3
DA:279,9
DA:285,3
DA:286,0
DA:288,3
DA:291,3
DA:296,3
DA:297,3
DA:298,0
DA:301,3
DA:306,3
DA:308,3
DA:309,3
DA:314,18
DA:315,18
DA:316,18
DA:317,18
DA:318,18
DA:319,18
DA:320,18
DA:321,18
DA:322,18
DA:323,18
DA:324,18
DA:325,18
DA:326,18
DA:327,18
DA:328,18
DA:329,18
DA:331,18
DA:332,18
DA:334,54
DA:340,18
DA:341,0
DA:343,18
DA:344,18
DA:347,18
DA:353,18
DA:356,18
DA:361,18
DA:363,18
DA:364,18
DA:366,189
DA:368,189
DA:369,189
DA:370,189
DA:373,189
DA:375,189
DA:376,189
DA:378,189
DA:384,114
DA:385,114
DA:386,114
DA:387,114
DA:389,114
DA:390,114
DA:391,114
DA:392,114
DA:394,114
DA:396,2538
DA:398,2325
DA:401,2325
DA:402,5090
DA:404,0
DA:407,2325
DA:408,548
DA:409,1090
DA:411,0
DA:412,548
DA:415,2325
DA:416,3825
DA:418,15
DA:420,2310
DA:421,9542
DA:422,2461
DA:424,4521
DA:425,0
DA:426,2310
DA:427,99
DA:429,99
DA:430,114
DA:433,54
DA:434,54
DA:435,54
DA:436,54
DA:438,54
DA:440,54
DA:442,54
DA:445,54
DA:446,54
DA:447,54
DA:448,54
DA:450,234
DA:451,234
DA:452,234
DA:453,234
DA:455,234
DA:456,234
DA:457,234
DA:460,234
DA:463,234
DA:465,234
DA:467,234
DA:470,258
DA:471,258
DA:472,258
DA:473,258
DA:474,258
DA:475,258
DA:476,258
DA:477,258
DA:479,258
DA:480,258
DA:482,258
DA:485,6
DA:487,6
DA:488,6
DA:492,252
DA:494,252
DA:495,252
DA:497,252
DA:500,252
DA:503,258
DA:505,258
DA:506,258
DA:507,258
DA:508,258
DA:510,258
DA:513,1007
DA:514,1007
DA:515,1007
DA:516,1007
DA:518,1007
DA:520,1007
DA:521,21
DA:524,21
DA:527,986
DA:528,15373
DA:529,15373
DA:530,15373
DA:532,15373
DA:533,17195
DA:534,0
DA:536,15373
DA:537,150
DA:538,150
DA:539,150
DA:542,15223
DA:543,836
DA:546,14387
DA:549,1007
DA:551,195
DA:552,195
DA:553,195
DA:554,195
DA:556,195
DA:557,195
DA:558,195
DA:560,195
DA:561,195
DA:562,585
DA:563,195
DA:564,195
DA:565,195
DA:566,195
DA:567,195
DA:568,195
DA:569,195
DA:571,3
DA:572,3
DA:573,3
DA:574,3
DA:576,3
DA:577,3
DA:580,3
DA:582,162
DA:583,162
DA:584,162
DA:585,162
DA:587,162
DA:588,162
DA:591,162
DA:594,30
DA:595,30
DA:596,30
DA:597,30
DA:598,30
DA:600,30
DA:601,30
DA:604,30
LF:329
LH:315
end_of_record
SF:/usr/include/secure/_string.h
FN:81,__inline_memset_chk
FNDA:108,__inline_memset_chk
FNF:1
FNH:1
DA:81,108
DA:83,108
LF:2
LH:2
end_of_record
